<?xml version="1.0" encoding="UTF-8"?>
<testsuite name="bitgo4j.express.response.RecoverETHTokenResponseTest" tests="2" skipped="0" failures="0" errors="0" timestamp="2022-10-13T09:51:32" hostname="ishtos-MacBook-Pro.local" time="0.022">
  <properties/>
  <testcase name="testToString()" classname="bitgo4j.express.response.RecoverETHTokenResponseTest" time="0.022"/>
  <testcase name="testSetHalfSigned()" classname="bitgo4j.express.response.RecoverETHTokenResponseTest" time="0.0"/>
  <system-out><![CDATA[]]></system-out>
  <system-err><![CDATA[]]></system-err>
</testsuite>
