<?xml version="1.0" encoding="UTF-8"?>
<testsuite name="bitgo4j.express.request.UnspentsRequestTest" tests="15" skipped="0" failures="0" errors="0" timestamp="2022-10-13T09:51:32" hostname="ishtos-MacBook-Pro.local" time="0.001">
  <properties/>
  <testcase name="testSetMinHeight()" classname="bitgo4j.express.request.UnspentsRequestTest" time="0.0"/>
  <testcase name="testSetMaxFeeRate()" classname="bitgo4j.express.request.UnspentsRequestTest" time="0.0"/>
  <testcase name="testToString()" classname="bitgo4j.express.request.UnspentsRequestTest" time="0.001"/>
  <testcase name="testSetEnforceMinConfirmsForChange()" classname="bitgo4j.express.request.UnspentsRequestTest" time="0.0"/>
  <testcase name="testSetWalletPassphrase()" classname="bitgo4j.express.request.UnspentsRequestTest" time="0.0"/>
  <testcase name="testSetMinValue()" classname="bitgo4j.express.request.UnspentsRequestTest" time="0.0"/>
  <testcase name="testSetMaxFeePercentage()" classname="bitgo4j.express.request.UnspentsRequestTest" time="0.0"/>
  <testcase name="testSetFeeRate()" classname="bitgo4j.express.request.UnspentsRequestTest" time="0.0"/>
  <testcase name="testSetMinConfirms()" classname="bitgo4j.express.request.UnspentsRequestTest" time="0.0"/>
  <testcase name="testSetTargetAddress()" classname="bitgo4j.express.request.UnspentsRequestTest" time="0.0"/>
  <testcase name="testSetXprv()" classname="bitgo4j.express.request.UnspentsRequestTest" time="0.0"/>
  <testcase name="testSetMaxValue()" classname="bitgo4j.express.request.UnspentsRequestTest" time="0.0"/>
  <testcase name="testSetNumUnspentsToMake()" classname="bitgo4j.express.request.UnspentsRequestTest" time="0.0"/>
  <testcase name="testSetFeeTxConfirmTarget()" classname="bitgo4j.express.request.UnspentsRequestTest" time="0.0"/>
  <testcase name="testSetLimit()" classname="bitgo4j.express.request.UnspentsRequestTest" time="0.0"/>
  <system-out><![CDATA[]]></system-out>
  <system-err><![CDATA[]]></system-err>
</testsuite>
