<?xml version="1.0" encoding="UTF-8"?>
<testsuite name="bitgo4j.express.common.UserTest" tests="10" skipped="0" failures="0" errors="0" timestamp="2022-10-13T09:51:32" hostname="ishtos-MacBook-Pro.local" time="0.022">
  <properties/>
  <testcase name="testSetId()" classname="bitgo4j.express.common.UserTest" time="0.016"/>
  <testcase name="testSetCountry()" classname="bitgo4j.express.common.UserTest" time="0.001"/>
  <testcase name="testToString()" classname="bitgo4j.express.common.UserTest" time="0.001"/>
  <testcase name="testSetIsActive()" classname="bitgo4j.express.common.UserTest" time="0.001"/>
  <testcase name="testSetUsername()" classname="bitgo4j.express.common.UserTest" time="0.0"/>
  <testcase name="testSetName()" classname="bitgo4j.express.common.UserTest" time="0.001"/>
  <testcase name="testSetUser()" classname="bitgo4j.express.common.UserTest" time="0.001"/>
  <testcase name="testSetPermissions()" classname="bitgo4j.express.common.UserTest" time="0.0"/>
  <testcase name="testSetEmail()" classname="bitgo4j.express.common.UserTest" time="0.0"/>
  <testcase name="testSetPhone()" classname="bitgo4j.express.common.UserTest" time="0.0"/>
  <system-out><![CDATA[]]></system-out>
  <system-err><![CDATA[]]></system-err>
</testsuite>
