<?xml version="1.0" encoding="UTF-8"?>
<testsuite name="bitgo4j.pendingapproval.response.PendingApprovalResponseTest" tests="13" skipped="0" failures="0" errors="0" timestamp="2022-10-13T09:51:34" hostname="ishtos-MacBook-Pro.local" time="0.011">
  <properties/>
  <testcase name="testSetId()" classname="bitgo4j.pendingapproval.response.PendingApprovalResponseTest" time="0.009"/>
  <testcase name="testToString()" classname="bitgo4j.pendingapproval.response.PendingApprovalResponseTest" time="0.0"/>
  <testcase name="testSetCreator()" classname="bitgo4j.pendingapproval.response.PendingApprovalResponseTest" time="0.0"/>
  <testcase name="testSetCreateDate()" classname="bitgo4j.pendingapproval.response.PendingApprovalResponseTest" time="0.0"/>
  <testcase name="testSetApprovalsRequired()" classname="bitgo4j.pendingapproval.response.PendingApprovalResponseTest" time="0.0"/>
  <testcase name="testSetWalletLabel()" classname="bitgo4j.pendingapproval.response.PendingApprovalResponseTest" time="0.0"/>
  <testcase name="testSetWallet()" classname="bitgo4j.pendingapproval.response.PendingApprovalResponseTest" time="0.0"/>
  <testcase name="testSetEnterprise()" classname="bitgo4j.pendingapproval.response.PendingApprovalResponseTest" time="0.0"/>
  <testcase name="testSetCoin()" classname="bitgo4j.pendingapproval.response.PendingApprovalResponseTest" time="0.0"/>
  <testcase name="testSetInfo()" classname="bitgo4j.pendingapproval.response.PendingApprovalResponseTest" time="0.0"/>
  <testcase name="testSetUserIds()" classname="bitgo4j.pendingapproval.response.PendingApprovalResponseTest" time="0.0"/>
  <testcase name="testSetScope()" classname="bitgo4j.pendingapproval.response.PendingApprovalResponseTest" time="0.0"/>
  <testcase name="testSetState()" classname="bitgo4j.pendingapproval.response.PendingApprovalResponseTest" time="0.0"/>
  <system-out><![CDATA[]]></system-out>
  <system-err><![CDATA[]]></system-err>
</testsuite>
