<?xml version="1.0" encoding="UTF-8"?>
<testsuite name="bitgo4j.user.response.SessionResponseTest" tests="2" skipped="0" failures="0" errors="0" timestamp="2022-10-13T09:51:32" hostname="ishtos-MacBook-Pro.local" time="0.012">
  <properties/>
  <testcase name="testToString()" classname="bitgo4j.user.response.SessionResponseTest" time="0.012"/>
  <testcase name="testSetSession()" classname="bitgo4j.user.response.SessionResponseTest" time="0.0"/>
  <system-out><![CDATA[]]></system-out>
  <system-err><![CDATA[]]></system-err>
</testsuite>
