<?xml version="1.0" encoding="UTF-8"?>
<testsuite name="bitgo4j.sendlabel.response.SendLabelResponseTest" tests="6" skipped="0" failures="0" errors="0" timestamp="2022-10-13T09:51:33" hostname="ishtos-MacBook-Pro.local" time="0.001">
  <properties/>
  <testcase name="testSetId()" classname="bitgo4j.sendlabel.response.SendLabelResponseTest" time="0.001"/>
  <testcase name="testToString()" classname="bitgo4j.sendlabel.response.SendLabelResponseTest" time="0.0"/>
  <testcase name="testSetEnterpriseId()" classname="bitgo4j.sendlabel.response.SendLabelResponseTest" time="0.0"/>
  <testcase name="testSetAddress()" classname="bitgo4j.sendlabel.response.SendLabelResponseTest" time="0.0"/>
  <testcase name="testSetCoin()" classname="bitgo4j.sendlabel.response.SendLabelResponseTest" time="0.0"/>
  <testcase name="testSetLabel()" classname="bitgo4j.sendlabel.response.SendLabelResponseTest" time="0.0"/>
  <system-out><![CDATA[]]></system-out>
  <system-err><![CDATA[]]></system-err>
</testsuite>
