<?xml version="1.0" encoding="UTF-8"?>
<testsuite name="bitgo4j.enterprise.common.InfoTest" tests="4" skipped="0" failures="0" errors="0" timestamp="2022-10-13T09:51:32" hostname="ishtos-MacBook-Pro.local" time="0.026">
  <properties/>
  <testcase name="testToString()" classname="bitgo4j.enterprise.common.InfoTest" time="0.024"/>
  <testcase name="testSetUpdateApprovalsRequiredRequest()" classname="bitgo4j.enterprise.common.InfoTest" time="0.0"/>
  <testcase name="testSetType()" classname="bitgo4j.enterprise.common.InfoTest" time="0.0"/>
  <testcase name="testSetUpdateEnterpriseRequest()" classname="bitgo4j.enterprise.common.InfoTest" time="0.0"/>
  <system-out><![CDATA[]]></system-out>
  <system-err><![CDATA[]]></system-err>
</testsuite>
