<?xml version="1.0" encoding="UTF-8"?>
<testsuite name="bitgo4j.wallet.common.HalfSignedTest" tests="11" skipped="0" failures="0" errors="0" timestamp="2022-10-13T09:51:33" hostname="ishtos-MacBook-Pro.local" time="0.001">
  <properties/>
  <testcase name="testSetTxBase64()" classname="bitgo4j.wallet.common.HalfSignedTest" time="0.0"/>
  <testcase name="testToString()" classname="bitgo4j.wallet.common.HalfSignedTest" time="0.001"/>
  <testcase name="testSetSignature()" classname="bitgo4j.wallet.common.HalfSignedTest" time="0.0"/>
  <testcase name="testSetGasLimit()" classname="bitgo4j.wallet.common.HalfSignedTest" time="0.0"/>
  <testcase name="testSetGasPrice()" classname="bitgo4j.wallet.common.HalfSignedTest" time="0.0"/>
  <testcase name="testSetTokenContractAddress()" classname="bitgo4j.wallet.common.HalfSignedTest" time="0.0"/>
  <testcase name="testSetOperationHash()" classname="bitgo4j.wallet.common.HalfSignedTest" time="0.0"/>
  <testcase name="testSetContractSequenceId()" classname="bitgo4j.wallet.common.HalfSignedTest" time="0.0"/>
  <testcase name="testSetExpireTime()" classname="bitgo4j.wallet.common.HalfSignedTest" time="0.0"/>
  <testcase name="testSetWalletId()" classname="bitgo4j.wallet.common.HalfSignedTest" time="0.0"/>
  <testcase name="testSetTxHex()" classname="bitgo4j.wallet.common.HalfSignedTest" time="0.0"/>
  <system-out><![CDATA[]]></system-out>
  <system-err><![CDATA[]]></system-err>
</testsuite>
