<?xml version="1.0" encoding="UTF-8"?>
<testsuite name="bitgo4j.express.request.ShareWalletRequestTest" tests="8" skipped="0" failures="0" errors="0" timestamp="2022-10-13T09:51:32" hostname="ishtos-MacBook-Pro.local" time="0.001">
  <properties/>
  <testcase name="testSetMessage()" classname="bitgo4j.express.request.ShareWalletRequestTest" time="0.0"/>
  <testcase name="testToString()" classname="bitgo4j.express.request.ShareWalletRequestTest" time="0.0"/>
  <testcase name="testSetReshare()" classname="bitgo4j.express.request.ShareWalletRequestTest" time="0.001"/>
  <testcase name="testSetWalletPassphrase()" classname="bitgo4j.express.request.ShareWalletRequestTest" time="0.0"/>
  <testcase name="testSetDisableEmail()" classname="bitgo4j.express.request.ShareWalletRequestTest" time="0.0"/>
  <testcase name="testSetPermissions()" classname="bitgo4j.express.request.ShareWalletRequestTest" time="0.0"/>
  <testcase name="testSetSkipKeychain()" classname="bitgo4j.express.request.ShareWalletRequestTest" time="0.0"/>
  <testcase name="testSetEmail()" classname="bitgo4j.express.request.ShareWalletRequestTest" time="0.0"/>
  <system-out><![CDATA[]]></system-out>
  <system-err><![CDATA[]]></system-err>
</testsuite>
