<?xml version="1.0" encoding="UTF-8"?>
<testsuite name="bitgo4j.user.common.SessionTest" tests="10" skipped="0" failures="0" errors="0" timestamp="2022-10-13T09:51:33" hostname="ishtos-MacBook-Pro.local" time="0.001">
  <properties/>
  <testcase name="testSetIpRestrict()" classname="bitgo4j.user.common.SessionTest" time="0.0"/>
  <testcase name="testSetId()" classname="bitgo4j.user.common.SessionTest" time="0.0"/>
  <testcase name="testSetIp()" classname="bitgo4j.user.common.SessionTest" time="0.0"/>
  <testcase name="testToString()" classname="bitgo4j.user.common.SessionTest" time="0.0"/>
  <testcase name="testSetCreated()" classname="bitgo4j.user.common.SessionTest" time="0.001"/>
  <testcase name="testSetExpires()" classname="bitgo4j.user.common.SessionTest" time="0.0"/>
  <testcase name="testSetOrigin()" classname="bitgo4j.user.common.SessionTest" time="0.0"/>
  <testcase name="testSetUnlock()" classname="bitgo4j.user.common.SessionTest" time="0.0"/>
  <testcase name="testSetUser()" classname="bitgo4j.user.common.SessionTest" time="0.0"/>
  <testcase name="testSetScope()" classname="bitgo4j.user.common.SessionTest" time="0.0"/>
  <system-out><![CDATA[]]></system-out>
  <system-err><![CDATA[]]></system-err>
</testsuite>
