<?xml version="1.0" encoding="UTF-8"?>
<testsuite name="bitgo4j.wallet.request.UpdateWalletRequestTest" tests="7" skipped="0" failures="0" errors="0" timestamp="2022-10-13T09:51:33" hostname="ishtos-MacBook-Pro.local" time="0.013">
  <properties/>
  <testcase name="testSetCoinSpecific()" classname="bitgo4j.wallet.request.UpdateWalletRequestTest" time="0.011"/>
  <testcase name="testSetCustomChangeKeySignatures()" classname="bitgo4j.wallet.request.UpdateWalletRequestTest" time="0.0"/>
  <testcase name="testToString()" classname="bitgo4j.wallet.request.UpdateWalletRequestTest" time="0.001"/>
  <testcase name="testSetApprovalsRequired()" classname="bitgo4j.wallet.request.UpdateWalletRequestTest" time="0.0"/>
  <testcase name="testSetDisableTransactionNotifications()" classname="bitgo4j.wallet.request.UpdateWalletRequestTest" time="0.0"/>
  <testcase name="testSetBuildDefaults()" classname="bitgo4j.wallet.request.UpdateWalletRequestTest" time="0.0"/>
  <testcase name="testSetLabel()" classname="bitgo4j.wallet.request.UpdateWalletRequestTest" time="0.001"/>
  <system-out><![CDATA[]]></system-out>
  <system-err><![CDATA[]]></system-err>
</testsuite>
