<?xml version="1.0" encoding="UTF-8"?>
<testsuite name="bitgo4j.enterprise.request.AddUserRequestTest" tests="4" skipped="0" failures="0" errors="0" timestamp="2022-10-13T09:51:32" hostname="ishtos-MacBook-Pro.local" time="0.002">
  <properties/>
  <testcase name="testSetUsernames()" classname="bitgo4j.enterprise.request.AddUserRequestTest" time="0.001"/>
  <testcase name="testToString()" classname="bitgo4j.enterprise.request.AddUserRequestTest" time="0.0"/>
  <testcase name="testSetUsername()" classname="bitgo4j.enterprise.request.AddUserRequestTest" time="0.001"/>
  <testcase name="testSetPermission()" classname="bitgo4j.enterprise.request.AddUserRequestTest" time="0.0"/>
  <system-out><![CDATA[]]></system-out>
  <system-err><![CDATA[]]></system-err>
</testsuite>
