<?xml version="1.0" encoding="UTF-8"?>
<testsuite name="bitgo4j.transactionrequest.common.HopParamsTest" tests="4" skipped="0" failures="0" errors="0" timestamp="2022-10-13T09:51:33" hostname="ishtos-MacBook-Pro.local" time="0.0">
  <properties/>
  <testcase name="testSetPaymentId()" classname="bitgo4j.transactionrequest.common.HopParamsTest" time="0.0"/>
  <testcase name="testToString()" classname="bitgo4j.transactionrequest.common.HopParamsTest" time="0.0"/>
  <testcase name="testSetUserRegSig()" classname="bitgo4j.transactionrequest.common.HopParamsTest" time="0.0"/>
  <testcase name="testSetGasPriceMax()" classname="bitgo4j.transactionrequest.common.HopParamsTest" time="0.0"/>
  <system-out><![CDATA[]]></system-out>
  <system-err><![CDATA[]]></system-err>
</testsuite>
