<?xml version="1.0" encoding="UTF-8"?>
<testsuite name="bitgo4j.express.request.SweepFundsRequestTest" tests="9" skipped="0" failures="0" errors="0" timestamp="2022-10-13T09:51:32" hostname="ishtos-MacBook-Pro.local" time="0.0">
  <properties/>
  <testcase name="testSetMaxFeeRate()" classname="bitgo4j.express.request.SweepFundsRequestTest" time="0.0"/>
  <testcase name="testToString()" classname="bitgo4j.express.request.SweepFundsRequestTest" time="0.0"/>
  <testcase name="testSetWalletPassphrase()" classname="bitgo4j.express.request.SweepFundsRequestTest" time="0.0"/>
  <testcase name="testSetAddress()" classname="bitgo4j.express.request.SweepFundsRequestTest" time="0.0"/>
  <testcase name="testSetFeeRate()" classname="bitgo4j.express.request.SweepFundsRequestTest" time="0.0"/>
  <testcase name="testSetXprv()" classname="bitgo4j.express.request.SweepFundsRequestTest" time="0.0"/>
  <testcase name="testSetOtp()" classname="bitgo4j.express.request.SweepFundsRequestTest" time="0.0"/>
  <testcase name="testSetFeeTxConfirmTarget()" classname="bitgo4j.express.request.SweepFundsRequestTest" time="0.0"/>
  <testcase name="testSetAllowPartialSweep()" classname="bitgo4j.express.request.SweepFundsRequestTest" time="0.0"/>
  <system-out><![CDATA[]]></system-out>
  <system-err><![CDATA[]]></system-err>
</testsuite>
