<?xml version="1.0" encoding="UTF-8"?>
<testsuite name="bitgo4j.walletshare.response.CancelWalletShareResponseTest" tests="3" skipped="0" failures="0" errors="0" timestamp="2022-10-13T09:51:32" hostname="ishtos-MacBook-Pro.local" time="0.0">
  <properties/>
  <testcase name="testSetChanged()" classname="bitgo4j.walletshare.response.CancelWalletShareResponseTest" time="0.0"/>
  <testcase name="testToString()" classname="bitgo4j.walletshare.response.CancelWalletShareResponseTest" time="0.0"/>
  <testcase name="testSetState()" classname="bitgo4j.walletshare.response.CancelWalletShareResponseTest" time="0.0"/>
  <system-out><![CDATA[]]></system-out>
  <system-err><![CDATA[]]></system-err>
</testsuite>
