<?xml version="1.0" encoding="UTF-8"?>
<testsuite name="bitgo4j.address.request.ForwardTokensFromAddressRequestTest" tests="5" skipped="0" failures="0" errors="0" timestamp="2022-10-13T09:51:33" hostname="ishtos-MacBook-Pro.local" time="0.001">
  <properties/>
  <testcase name="testSetForceFlush()" classname="bitgo4j.address.request.ForwardTokensFromAddressRequestTest" time="0.0"/>
  <testcase name="testSetTokenName()" classname="bitgo4j.address.request.ForwardTokensFromAddressRequestTest" time="0.001"/>
  <testcase name="testToString()" classname="bitgo4j.address.request.ForwardTokensFromAddressRequestTest" time="0.0"/>
  <testcase name="testSetGasPrice()" classname="bitgo4j.address.request.ForwardTokensFromAddressRequestTest" time="0.0"/>
  <testcase name="testSetEip1559()" classname="bitgo4j.address.request.ForwardTokensFromAddressRequestTest" time="0.0"/>
  <system-out><![CDATA[]]></system-out>
  <system-err><![CDATA[]]></system-err>
</testsuite>
