<?xml version="1.0" encoding="UTF-8"?>
<testsuite name="bitgo4j.address.response.ListAddressResponseTest" tests="7" skipped="0" failures="0" errors="0" timestamp="2022-10-13T09:51:33" hostname="ishtos-MacBook-Pro.local" time="0.001">
  <properties/>
  <testcase name="testToString()" classname="bitgo4j.address.response.ListAddressResponseTest" time="0.0"/>
  <testcase name="testSetAddresses()" classname="bitgo4j.address.response.ListAddressResponseTest" time="0.0"/>
  <testcase name="testSetPendingAddressCount()" classname="bitgo4j.address.response.ListAddressResponseTest" time="0.0"/>
  <testcase name="testSetNextBatchPrevId()" classname="bitgo4j.address.response.ListAddressResponseTest" time="0.0"/>
  <testcase name="testSetTotalAddressCount()" classname="bitgo4j.address.response.ListAddressResponseTest" time="0.0"/>
  <testcase name="testSetCoin()" classname="bitgo4j.address.response.ListAddressResponseTest" time="0.0"/>
  <testcase name="testSetCount()" classname="bitgo4j.address.response.ListAddressResponseTest" time="0.0"/>
  <system-out><![CDATA[]]></system-out>
  <system-err><![CDATA[]]></system-err>
</testsuite>
