<?xml version="1.0" encoding="UTF-8"?>
<testsuite name="bitgo4j.express.request.CalculateMiningFeeRequestTest" tests="6" skipped="0" failures="0" errors="0" timestamp="2022-10-13T09:51:32" hostname="ishtos-MacBook-Pro.local" time="0.0">
  <properties/>
  <testcase name="testToString()" classname="bitgo4j.express.request.CalculateMiningFeeRequestTest" time="0.0"/>
  <testcase name="testSetNOutputs()" classname="bitgo4j.express.request.CalculateMiningFeeRequestTest" time="0.0"/>
  <testcase name="testSetNP2shInputs()" classname="bitgo4j.express.request.CalculateMiningFeeRequestTest" time="0.0"/>
  <testcase name="testSetNP2shP2wshInputs()" classname="bitgo4j.express.request.CalculateMiningFeeRequestTest" time="0.0"/>
  <testcase name="testSetFeeRate()" classname="bitgo4j.express.request.CalculateMiningFeeRequestTest" time="0.0"/>
  <testcase name="testSetNP2pkhInputs()" classname="bitgo4j.express.request.CalculateMiningFeeRequestTest" time="0.0"/>
  <system-out><![CDATA[]]></system-out>
  <system-err><![CDATA[]]></system-err>
</testsuite>
