<?xml version="1.0" encoding="UTF-8"?>
<testsuite name="bitgo4j.express.request.SignWalletTransactionRequestTest" tests="6" skipped="0" failures="0" errors="0" timestamp="2022-10-13T09:51:32" hostname="ishtos-MacBook-Pro.local" time="0.01">
  <properties/>
  <testcase name="testToString()" classname="bitgo4j.express.request.SignWalletTransactionRequestTest" time="0.009"/>
  <testcase name="testSetColdDerivationSeed()" classname="bitgo4j.express.request.SignWalletTransactionRequestTest" time="0.0"/>
  <testcase name="testSetWalletPassphrase()" classname="bitgo4j.express.request.SignWalletTransactionRequestTest" time="0.0"/>
  <testcase name="testSetPrv()" classname="bitgo4j.express.request.SignWalletTransactionRequestTest" time="0.001"/>
  <testcase name="testSetKeychain()" classname="bitgo4j.express.request.SignWalletTransactionRequestTest" time="0.0"/>
  <testcase name="testSetTxPrebuild()" classname="bitgo4j.express.request.SignWalletTransactionRequestTest" time="0.0"/>
  <system-out><![CDATA[]]></system-out>
  <system-err><![CDATA[]]></system-err>
</testsuite>
