<?xml version="1.0" encoding="UTF-8"?>
<testsuite name="bitgo4j.webhook.common.WebhookNotificationTest" tests="12" skipped="0" failures="0" errors="0" timestamp="2022-10-13T09:51:30" hostname="ishtos-MacBook-Pro.local" time="0.004">
  <properties/>
  <testcase name="testSetTransfer()" classname="bitgo4j.webhook.common.WebhookNotificationTest" time="0.0"/>
  <testcase name="testSetVersion()" classname="bitgo4j.webhook.common.WebhookNotificationTest" time="0.0"/>
  <testcase name="testSetUpdateAt()" classname="bitgo4j.webhook.common.WebhookNotificationTest" time="0.0"/>
  <testcase name="testSetId()" classname="bitgo4j.webhook.common.WebhookNotificationTest" time="0.0"/>
  <testcase name="testToString()" classname="bitgo4j.webhook.common.WebhookNotificationTest" time="0.001"/>
  <testcase name="testSetWebhook()" classname="bitgo4j.webhook.common.WebhookNotificationTest" time="0.0"/>
  <testcase name="testSetWallet()" classname="bitgo4j.webhook.common.WebhookNotificationTest" time="0.0"/>
  <testcase name="testSetCoin()" classname="bitgo4j.webhook.common.WebhookNotificationTest" time="0.001"/>
  <testcase name="testSetHash()" classname="bitgo4j.webhook.common.WebhookNotificationTest" time="0.0"/>
  <testcase name="testSetType()" classname="bitgo4j.webhook.common.WebhookNotificationTest" time="0.0"/>
  <testcase name="testSetUrl()" classname="bitgo4j.webhook.common.WebhookNotificationTest" time="0.001"/>
  <testcase name="testSetState()" classname="bitgo4j.webhook.common.WebhookNotificationTest" time="0.0"/>
  <system-out><![CDATA[]]></system-out>
  <system-err><![CDATA[]]></system-err>
</testsuite>
