<?xml version="1.0" encoding="UTF-8"?>
<testsuite name="bitgo4j.express.response.AddressResponseTest" tests="12" skipped="0" failures="0" errors="0" timestamp="2022-10-13T09:51:32" hostname="ishtos-MacBook-Pro.local" time="0.031">
  <properties/>
  <testcase name="testSetCoinSpecific()" classname="bitgo4j.express.response.AddressResponseTest" time="0.024"/>
  <testcase name="testSetId()" classname="bitgo4j.express.response.AddressResponseTest" time="0.0"/>
  <testcase name="testToString()" classname="bitgo4j.express.response.AddressResponseTest" time="0.001"/>
  <testcase name="testSetAddressType()" classname="bitgo4j.express.response.AddressResponseTest" time="0.0"/>
  <testcase name="testSetLastNonce()" classname="bitgo4j.express.response.AddressResponseTest" time="0.001"/>
  <testcase name="testSetAddress()" classname="bitgo4j.express.response.AddressResponseTest" time="0.0"/>
  <testcase name="testSetWallet()" classname="bitgo4j.express.response.AddressResponseTest" time="0.0"/>
  <testcase name="testSetCoin()" classname="bitgo4j.express.response.AddressResponseTest" time="0.001"/>
  <testcase name="testSetBalance()" classname="bitgo4j.express.response.AddressResponseTest" time="0.0"/>
  <testcase name="testSetChain()" classname="bitgo4j.express.response.AddressResponseTest" time="0.0"/>
  <testcase name="testSetIndex()" classname="bitgo4j.express.response.AddressResponseTest" time="0.001"/>
  <testcase name="testSetLabel()" classname="bitgo4j.express.response.AddressResponseTest" time="0.0"/>
  <system-out><![CDATA[]]></system-out>
  <system-err><![CDATA[]]></system-err>
</testsuite>
