<?xml version="1.0" encoding="UTF-8"?>
<testsuite name="bitgo4j.transactionrequest.MockTransactionRequestClientImplTest" tests="32" skipped="2" failures="0" errors="0" timestamp="2022-10-13T09:51:33" hostname="ishtos-MacBook-Pro.local" time="0.094">
  <properties/>
  <testcase name="deleteSignatureShareTest_200()" classname="bitgo4j.transactionrequest.MockTransactionRequestClientImplTest" time="0.004"/>
  <testcase name="deleteSignatureShareTest_400()" classname="bitgo4j.transactionrequest.MockTransactionRequestClientImplTest" time="0.003"/>
  <testcase name="deleteSignatureShareTest_401()" classname="bitgo4j.transactionrequest.MockTransactionRequestClientImplTest" time="0.003"/>
  <testcase name="deleteSignatureShareTest_403()" classname="bitgo4j.transactionrequest.MockTransactionRequestClientImplTest" time="0.003"/>
  <testcase name="deleteSignatureShareTest_404()" classname="bitgo4j.transactionrequest.MockTransactionRequestClientImplTest" time="0.002"/>
  <testcase name="createTransferResponseTest_200()" classname="bitgo4j.transactionrequest.MockTransactionRequestClientImplTest" time="0.0">
    <skipped/>
  </testcase>
  <testcase name="createTransferResponseTest_400()" classname="bitgo4j.transactionrequest.MockTransactionRequestClientImplTest" time="0.0">
    <skipped/>
  </testcase>
  <testcase name="createSignatureShareForTransactionOnTransactionRequestTest_201()" classname="bitgo4j.transactionrequest.MockTransactionRequestClientImplTest" time="0.005"/>
  <testcase name="createSignatureShareForTransactionOnTransactionRequestTest_400()" classname="bitgo4j.transactionrequest.MockTransactionRequestClientImplTest" time="0.002"/>
  <testcase name="createSignatureShareForTransactionOnTransactionRequestTest_401()" classname="bitgo4j.transactionrequest.MockTransactionRequestClientImplTest" time="0.002"/>
  <testcase name="createSignatureShareForTransactionOnTransactionRequestTest_403()" classname="bitgo4j.transactionrequest.MockTransactionRequestClientImplTest" time="0.003"/>
  <testcase name="createSignatureShareForTransactionOnTransactionRequestTest_404()" classname="bitgo4j.transactionrequest.MockTransactionRequestClientImplTest" time="0.002"/>
  <testcase name="updateTest_200()" classname="bitgo4j.transactionrequest.MockTransactionRequestClientImplTest" time="0.009"/>
  <testcase name="updateTest_400()" classname="bitgo4j.transactionrequest.MockTransactionRequestClientImplTest" time="0.002"/>
  <testcase name="updateTest_401()" classname="bitgo4j.transactionrequest.MockTransactionRequestClientImplTest" time="0.003"/>
  <testcase name="updateTest_403()" classname="bitgo4j.transactionrequest.MockTransactionRequestClientImplTest" time="0.002"/>
  <testcase name="updateTest_404()" classname="bitgo4j.transactionrequest.MockTransactionRequestClientImplTest" time="0.002"/>
  <testcase name="createTest_200()" classname="bitgo4j.transactionrequest.MockTransactionRequestClientImplTest" time="0.003"/>
  <testcase name="createTest_201()" classname="bitgo4j.transactionrequest.MockTransactionRequestClientImplTest" time="0.002"/>
  <testcase name="createTest_400()" classname="bitgo4j.transactionrequest.MockTransactionRequestClientImplTest" time="0.003"/>
  <testcase name="createTest_401()" classname="bitgo4j.transactionrequest.MockTransactionRequestClientImplTest" time="0.003"/>
  <testcase name="createTest_403()" classname="bitgo4j.transactionrequest.MockTransactionRequestClientImplTest" time="0.003"/>
  <testcase name="createTest_404()" classname="bitgo4j.transactionrequest.MockTransactionRequestClientImplTest" time="0.002"/>
  <testcase name="getByWalletTest_200()" classname="bitgo4j.transactionrequest.MockTransactionRequestClientImplTest" time="0.003"/>
  <testcase name="getByWalletTest_400()" classname="bitgo4j.transactionrequest.MockTransactionRequestClientImplTest" time="0.003"/>
  <testcase name="createSignatureShareForTransactionTest_201()" classname="bitgo4j.transactionrequest.MockTransactionRequestClientImplTest" time="0.002"/>
  <testcase name="createSignatureShareForTransactionTest_400()" classname="bitgo4j.transactionrequest.MockTransactionRequestClientImplTest" time="0.003"/>
  <testcase name="createSignatureShareForTransactionTest_401()" classname="bitgo4j.transactionrequest.MockTransactionRequestClientImplTest" time="0.003"/>
  <testcase name="createSignatureShareForTransactionTest_403()" classname="bitgo4j.transactionrequest.MockTransactionRequestClientImplTest" time="0.003"/>
  <testcase name="createSignatureShareForTransactionTest_404()" classname="bitgo4j.transactionrequest.MockTransactionRequestClientImplTest" time="0.003"/>
  <testcase name="getByEnterpriseTest_200()" classname="bitgo4j.transactionrequest.MockTransactionRequestClientImplTest" time="0.003"/>
  <testcase name="getByEnterpriseTest_400()" classname="bitgo4j.transactionrequest.MockTransactionRequestClientImplTest" time="0.003"/>
  <system-out><![CDATA[]]></system-out>
  <system-err><![CDATA[java.io.FileNotFoundException: src/test/resources/local.properties (No such file or directory)
	at java.base/java.io.FileInputStream.open0(Native Method)
	at java.base/java.io.FileInputStream.open(FileInputStream.java:219)
	at java.base/java.io.FileInputStream.<init>(FileInputStream.java:157)
	at java.base/java.io.FileInputStream.<init>(FileInputStream.java:112)
	at bitgo4j.TestingUtils.getProperties(TestingUtils.java:14)
	at bitgo4j.transactionrequest.MockTransactionRequestClientImplTest.setUp(MockTransactionRequestClientImplTest.java:31)
	at java.base/jdk.internal.reflect.NativeMethodAccessorImpl.invoke0(Native Method)
	at java.base/jdk.internal.reflect.NativeMethodAccessorImpl.invoke(NativeMethodAccessorImpl.java:62)
	at java.base/jdk.internal.reflect.DelegatingMethodAccessorImpl.invoke(DelegatingMethodAccessorImpl.java:43)
	at java.base/java.lang.reflect.Method.invoke(Method.java:566)
	at org.junit.platform.commons.util.ReflectionUtils.invokeMethod(ReflectionUtils.java:727)
	at org.junit.jupiter.engine.execution.MethodInvocation.proceed(MethodInvocation.java:60)
	at org.junit.jupiter.engine.execution.InvocationInterceptorChain$ValidatingInvocation.proceed(InvocationInterceptorChain.java:131)
	at org.junit.jupiter.engine.extension.TimeoutExtension.intercept(TimeoutExtension.java:156)
	at org.junit.jupiter.engine.extension.TimeoutExtension.interceptLifecycleMethod(TimeoutExtension.java:128)
	at org.junit.jupiter.engine.extension.TimeoutExtension.interceptBeforeAllMethod(TimeoutExtension.java:70)
	at org.junit.jupiter.engine.execution.InterceptingExecutableInvoker$ReflectiveInterceptorCall.lambda$ofVoidMethod$0(InterceptingExecutableInvoker.java:103)
	at org.junit.jupiter.engine.execution.InterceptingExecutableInvoker.lambda$invoke$0(InterceptingExecutableInvoker.java:93)
	at org.junit.jupiter.engine.execution.InvocationInterceptorChain$InterceptedInvocation.proceed(InvocationInterceptorChain.java:106)
	at org.junit.jupiter.engine.execution.InvocationInterceptorChain.proceed(InvocationInterceptorChain.java:64)
	at org.junit.jupiter.engine.execution.InvocationInterceptorChain.chainAndInvoke(InvocationInterceptorChain.java:45)
	at org.junit.jupiter.engine.execution.InvocationInterceptorChain.invoke(InvocationInterceptorChain.java:37)
	at org.junit.jupiter.engine.execution.InterceptingExecutableInvoker.invoke(InterceptingExecutableInvoker.java:92)
	at org.junit.jupiter.engine.execution.InterceptingExecutableInvoker.invoke(InterceptingExecutableInvoker.java:86)
	at org.junit.jupiter.engine.descriptor.ClassBasedTestDescriptor.lambda$invokeBeforeAllMethods$13(ClassBasedTestDescriptor.java:411)
	at org.junit.platform.engine.support.hierarchical.ThrowableCollector.execute(ThrowableCollector.java:73)
	at org.junit.jupiter.engine.descriptor.ClassBasedTestDescriptor.invokeBeforeAllMethods(ClassBasedTestDescriptor.java:409)
	at org.junit.jupiter.engine.descriptor.ClassBasedTestDescriptor.before(ClassBasedTestDescriptor.java:215)
	at org.junit.jupiter.engine.descriptor.ClassBasedTestDescriptor.before(ClassBasedTestDescriptor.java:84)
	at org.junit.platform.engine.support.hierarchical.NodeTestTask.lambda$executeRecursively$6(NodeTestTask.java:148)
	at org.junit.platform.engine.support.hierarchical.ThrowableCollector.execute(ThrowableCollector.java:73)
	at org.junit.platform.engine.support.hierarchical.NodeTestTask.lambda$executeRecursively$8(NodeTestTask.java:141)
	at org.junit.platform.engine.support.hierarchical.Node.around(Node.java:137)
	at org.junit.platform.engine.support.hierarchical.NodeTestTask.lambda$executeRecursively$9(NodeTestTask.java:139)
	at org.junit.platform.engine.support.hierarchical.ThrowableCollector.execute(ThrowableCollector.java:73)
	at org.junit.platform.engine.support.hierarchical.NodeTestTask.executeRecursively(NodeTestTask.java:138)
	at org.junit.platform.engine.support.hierarchical.NodeTestTask.execute(NodeTestTask.java:95)
	at java.base/java.util.ArrayList.forEach(ArrayList.java:1541)
	at org.junit.platform.engine.support.hierarchical.SameThreadHierarchicalTestExecutorService.invokeAll(SameThreadHierarchicalTestExecutorService.java:41)
	at org.junit.platform.engine.support.hierarchical.NodeTestTask.lambda$executeRecursively$6(NodeTestTask.java:155)
	at org.junit.platform.engine.support.hierarchical.ThrowableCollector.execute(ThrowableCollector.java:73)
	at org.junit.platform.engine.support.hierarchical.NodeTestTask.lambda$executeRecursively$8(NodeTestTask.java:141)
	at org.junit.platform.engine.support.hierarchical.Node.around(Node.java:137)
	at org.junit.platform.engine.support.hierarchical.NodeTestTask.lambda$executeRecursively$9(NodeTestTask.java:139)
	at org.junit.platform.engine.support.hierarchical.ThrowableCollector.execute(ThrowableCollector.java:73)
	at org.junit.platform.engine.support.hierarchical.NodeTestTask.executeRecursively(NodeTestTask.java:138)
	at org.junit.platform.engine.support.hierarchical.NodeTestTask.execute(NodeTestTask.java:95)
	at org.junit.platform.engine.support.hierarchical.SameThreadHierarchicalTestExecutorService.submit(SameThreadHierarchicalTestExecutorService.java:35)
	at org.junit.platform.engine.support.hierarchical.HierarchicalTestExecutor.execute(HierarchicalTestExecutor.java:57)
	at org.junit.platform.engine.support.hierarchical.HierarchicalTestEngine.execute(HierarchicalTestEngine.java:54)
	at org.junit.platform.launcher.core.DefaultLauncher.execute(DefaultLauncher.java:248)
	at org.junit.platform.launcher.core.DefaultLauncher.lambda$execute$5(DefaultLauncher.java:211)
	at org.junit.platform.launcher.core.DefaultLauncher.withInterceptedStreams(DefaultLauncher.java:226)
	at org.junit.platform.launcher.core.DefaultLauncher.execute(DefaultLauncher.java:199)
	at org.junit.platform.launcher.core.DefaultLauncher.execute(DefaultLauncher.java:132)
	at org.gradle.api.internal.tasks.testing.junitplatform.JUnitPlatformTestClassProcessor$CollectAllTestClassesExecutor.processAllTestClasses(JUnitPlatformTestClassProcessor.java:99)
	at org.gradle.api.internal.tasks.testing.junitplatform.JUnitPlatformTestClassProcessor$CollectAllTestClassesExecutor.access$000(JUnitPlatformTestClassProcessor.java:79)
	at org.gradle.api.internal.tasks.testing.junitplatform.JUnitPlatformTestClassProcessor.stop(JUnitPlatformTestClassProcessor.java:75)
	at org.gradle.api.internal.tasks.testing.SuiteTestClassProcessor.stop(SuiteTestClassProcessor.java:61)
	at java.base/jdk.internal.reflect.NativeMethodAccessorImpl.invoke0(Native Method)
	at java.base/jdk.internal.reflect.NativeMethodAccessorImpl.invoke(NativeMethodAccessorImpl.java:62)
	at java.base/jdk.internal.reflect.DelegatingMethodAccessorImpl.invoke(DelegatingMethodAccessorImpl.java:43)
	at java.base/java.lang.reflect.Method.invoke(Method.java:566)
	at org.gradle.internal.dispatch.ReflectionDispatch.dispatch(ReflectionDispatch.java:36)
	at org.gradle.internal.dispatch.ReflectionDispatch.dispatch(ReflectionDispatch.java:24)
	at org.gradle.internal.dispatch.ContextClassLoaderDispatch.dispatch(ContextClassLoaderDispatch.java:33)
	at org.gradle.internal.dispatch.ProxyDispatchAdapter$DispatchingInvocationHandler.invoke(ProxyDispatchAdapter.java:94)
	at com.sun.proxy.$Proxy2.stop(Unknown Source)
	at org.gradle.api.internal.tasks.testing.worker.TestWorker.stop(TestWorker.java:133)
	at java.base/jdk.internal.reflect.NativeMethodAccessorImpl.invoke0(Native Method)
	at java.base/jdk.internal.reflect.NativeMethodAccessorImpl.invoke(NativeMethodAccessorImpl.java:62)
	at java.base/jdk.internal.reflect.DelegatingMethodAccessorImpl.invoke(DelegatingMethodAccessorImpl.java:43)
	at java.base/java.lang.reflect.Method.invoke(Method.java:566)
	at org.gradle.internal.dispatch.ReflectionDispatch.dispatch(ReflectionDispatch.java:36)
	at org.gradle.internal.dispatch.ReflectionDispatch.dispatch(ReflectionDispatch.java:24)
	at org.gradle.internal.remote.internal.hub.MessageHubBackedObjectConnection$DispatchWrapper.dispatch(MessageHubBackedObjectConnection.java:182)
	at org.gradle.internal.remote.internal.hub.MessageHubBackedObjectConnection$DispatchWrapper.dispatch(MessageHubBackedObjectConnection.java:164)
	at org.gradle.internal.remote.internal.hub.MessageHub$Handler.run(MessageHub.java:414)
	at org.gradle.internal.concurrent.ExecutorPolicy$CatchAndRecordFailures.onExecute(ExecutorPolicy.java:64)
	at org.gradle.internal.concurrent.ManagedExecutorImpl$1.run(ManagedExecutorImpl.java:48)
	at java.base/java.util.concurrent.ThreadPoolExecutor.runWorker(ThreadPoolExecutor.java:1128)
	at java.base/java.util.concurrent.ThreadPoolExecutor$Worker.run(ThreadPoolExecutor.java:628)
	at org.gradle.internal.concurrent.ThreadFactoryImpl$ManagedThreadRunnable.run(ThreadFactoryImpl.java:56)
	at java.base/java.lang.Thread.run(Thread.java:829)
10月 13, 2022 6:51:33 午後 okhttp3.internal.platform.Platform log
情報: --> DELETE http://localhost:4040/api/v2/wallet/4b8c704c1a7a29a2199b81f0e52555a7/txrequests/462d4f9bc757d8a767e480aab484a055/signatureshares
10月 13, 2022 6:51:33 午後 okhttp3.internal.platform.Platform log
情報: <-- 200 OK http://localhost:4040/api/v2/wallet/4b8c704c1a7a29a2199b81f0e52555a7/txrequests/462d4f9bc757d8a767e480aab484a055/signatureshares (2ms, unknown-length body)
10月 13, 2022 6:51:33 午後 okhttp3.internal.platform.Platform log
情報: --> DELETE http://localhost:4040/api/v2/wallet/5516bb70ac3f8ab96f92f8fd8ce0bf10/txrequests/3f63fa346860998edacafff074fe3eea/signatureshares
10月 13, 2022 6:51:33 午後 okhttp3.internal.platform.Platform log
情報: <-- 400 Bad Request http://localhost:4040/api/v2/wallet/5516bb70ac3f8ab96f92f8fd8ce0bf10/txrequests/3f63fa346860998edacafff074fe3eea/signatureshares (1ms, unknown-length body)
10月 13, 2022 6:51:33 午後 okhttp3.internal.platform.Platform log
情報: --> DELETE http://localhost:4040/api/v2/wallet/763a1a5ae94c460b859439aaead5ec58/txrequests/380baa95f17ea11dbb5cc21568372047/signatureshares
10月 13, 2022 6:51:33 午後 okhttp3.internal.platform.Platform log
情報: <-- 401 Unauthorized http://localhost:4040/api/v2/wallet/763a1a5ae94c460b859439aaead5ec58/txrequests/380baa95f17ea11dbb5cc21568372047/signatureshares (1ms, unknown-length body)
10月 13, 2022 6:51:33 午後 okhttp3.internal.platform.Platform log
情報: --> DELETE http://localhost:4040/api/v2/wallet/653332c5898648a628e24ea179719bb8/txrequests/ab88263bb4a7d228128785efaf0840cd/signatureshares
10月 13, 2022 6:51:33 午後 okhttp3.internal.platform.Platform log
情報: <-- 403 Forbidden http://localhost:4040/api/v2/wallet/653332c5898648a628e24ea179719bb8/txrequests/ab88263bb4a7d228128785efaf0840cd/signatureshares (1ms, unknown-length body)
10月 13, 2022 6:51:33 午後 okhttp3.internal.platform.Platform log
情報: --> DELETE http://localhost:4040/api/v2/wallet/4a1385bc6895c45b384a29112ed8f1e6/txrequests/f82be980b08bbf8f05c7260030d88a27/signatureshares
10月 13, 2022 6:51:33 午後 okhttp3.internal.platform.Platform log
情報: <-- 404 Not Found http://localhost:4040/api/v2/wallet/4a1385bc6895c45b384a29112ed8f1e6/txrequests/f82be980b08bbf8f05c7260030d88a27/signatureshares (1ms, unknown-length body)
10月 13, 2022 6:51:33 午後 okhttp3.internal.platform.Platform log
情報: --> POST http://localhost:4040/api/v2/wallet/7c26fbb65b7f4c120c55ddf9be982085/txrequests/ffa33b7c39a0a8fdf646810c68c4c229/transactions/qut22jy9b9lg4erizi/signatureshares (2-byte body)
10月 13, 2022 6:51:33 午後 okhttp3.internal.platform.Platform log
情報: <-- 201 Created http://localhost:4040/api/v2/wallet/7c26fbb65b7f4c120c55ddf9be982085/txrequests/ffa33b7c39a0a8fdf646810c68c4c229/transactions/qut22jy9b9lg4erizi/signatureshares (2ms, unknown-length body)
10月 13, 2022 6:51:33 午後 okhttp3.internal.platform.Platform log
情報: --> POST http://localhost:4040/api/v2/wallet/6c892e8c96c99a38022a9369b149e10d/txrequests/4ec9bee89f1cd217edd8a5ca987ab6d5/transactions/xwc64z1n2smcd9u59qtv7iu4ep47eb7reje21y4iuvw/signatureshares (2-byte body)
10月 13, 2022 6:51:33 午後 okhttp3.internal.platform.Platform log
情報: <-- 400 Bad Request http://localhost:4040/api/v2/wallet/6c892e8c96c99a38022a9369b149e10d/txrequests/4ec9bee89f1cd217edd8a5ca987ab6d5/transactions/xwc64z1n2smcd9u59qtv7iu4ep47eb7reje21y4iuvw/signatureshares (1ms, unknown-length body)
10月 13, 2022 6:51:33 午後 okhttp3.internal.platform.Platform log
情報: --> POST http://localhost:4040/api/v2/wallet/7f4fff1f7c588f014d83fc391f27e684/txrequests/a98480293dd13c2cdcb5dd45610762a1/transactions/s5bym9d66q0a76b7s4aj9zo5zlalfez7locwa38t2qt4gkjrv6vw1u8rmp6282qmn6nokcejq12ytiwzbkpt6par5pc97jq08cc09vi5w3ici7nnatn0gd74mamja5501xziogqjq8waykb036sz9hvjqjqi3l0veowwusz0l8eolsxyd3io/signatureshares (2-byte body)
10月 13, 2022 6:51:33 午後 okhttp3.internal.platform.Platform log
情報: <-- 401 Unauthorized http://localhost:4040/api/v2/wallet/7f4fff1f7c588f014d83fc391f27e684/txrequests/a98480293dd13c2cdcb5dd45610762a1/transactions/s5bym9d66q0a76b7s4aj9zo5zlalfez7locwa38t2qt4gkjrv6vw1u8rmp6282qmn6nokcejq12ytiwzbkpt6par5pc97jq08cc09vi5w3ici7nnatn0gd74mamja5501xziogqjq8waykb036sz9hvjqjqi3l0veowwusz0l8eolsxyd3io/signatureshares (1ms, unknown-length body)
10月 13, 2022 6:51:33 午後 okhttp3.internal.platform.Platform log
情報: --> POST http://localhost:4040/api/v2/wallet/7b6b2d87f9f055c2a6c3f7d05f6d8894/txrequests/f3222834232c8e4980ca68970c92f84c/transactions/3iqf3tu80gjd03oz4fquda6lho2fc3qs30ldyjbvqxn1qtml7gzl4yipwe4p2qoqipk2yqr2uij3app8pipw1qwzpnzc4e1num28izkxucgj3dhsoewmp9jopbxjl2d7iiro3688fqdet892p480s5dr55eb6kvruas99zrv21u459r4/signatureshares (2-byte body)
10月 13, 2022 6:51:33 午後 okhttp3.internal.platform.Platform log
情報: <-- 403 Forbidden http://localhost:4040/api/v2/wallet/7b6b2d87f9f055c2a6c3f7d05f6d8894/txrequests/f3222834232c8e4980ca68970c92f84c/transactions/3iqf3tu80gjd03oz4fquda6lho2fc3qs30ldyjbvqxn1qtml7gzl4yipwe4p2qoqipk2yqr2uij3app8pipw1qwzpnzc4e1num28izkxucgj3dhsoewmp9jopbxjl2d7iiro3688fqdet892p480s5dr55eb6kvruas99zrv21u459r4/signatureshares (1ms, unknown-length body)
10月 13, 2022 6:51:33 午後 okhttp3.internal.platform.Platform log
情報: --> POST http://localhost:4040/api/v2/wallet/111ac54d5641a8bd3436b6a5ba106c9b/txrequests/9911e74a456caf9a9d6c9b074f0f936d/transactions/y4aswl8tbgzl2go43kql8yg8jcz9r/signatureshares (2-byte body)
10月 13, 2022 6:51:33 午後 okhttp3.internal.platform.Platform log
情報: <-- 404 Not Found http://localhost:4040/api/v2/wallet/111ac54d5641a8bd3436b6a5ba106c9b/txrequests/9911e74a456caf9a9d6c9b074f0f936d/transactions/y4aswl8tbgzl2go43kql8yg8jcz9r/signatureshares (1ms, unknown-length body)
10月 13, 2022 6:51:33 午後 okhttp3.internal.platform.Platform log
情報: --> PUT http://localhost:4040/api/v2/wallet/fd56179edf90629d9878a59b19e2051e/txrequests/b1c52eaa462f6afd024f084d136b82ec (2-byte body)
10月 13, 2022 6:51:33 午後 okhttp3.internal.platform.Platform log
情報: <-- 200 OK http://localhost:4040/api/v2/wallet/fd56179edf90629d9878a59b19e2051e/txrequests/b1c52eaa462f6afd024f084d136b82ec (1ms, unknown-length body)
10月 13, 2022 6:51:33 午後 okhttp3.internal.platform.Platform log
情報: --> PUT http://localhost:4040/api/v2/wallet/a91376f38be4a60cc23c52260955d306/txrequests/1322b7e7cfc5c6910bed90094658a495 (2-byte body)
10月 13, 2022 6:51:33 午後 okhttp3.internal.platform.Platform log
情報: <-- 400 Bad Request http://localhost:4040/api/v2/wallet/a91376f38be4a60cc23c52260955d306/txrequests/1322b7e7cfc5c6910bed90094658a495 (1ms, unknown-length body)
10月 13, 2022 6:51:33 午後 okhttp3.internal.platform.Platform log
情報: --> PUT http://localhost:4040/api/v2/wallet/f5f3b55664d733bcc6629081752ee9a8/txrequests/2a0f0ded7861367d200d66a3afd3d7c1 (2-byte body)
10月 13, 2022 6:51:33 午後 okhttp3.internal.platform.Platform log
情報: <-- 401 Unauthorized http://localhost:4040/api/v2/wallet/f5f3b55664d733bcc6629081752ee9a8/txrequests/2a0f0ded7861367d200d66a3afd3d7c1 (1ms, unknown-length body)
10月 13, 2022 6:51:33 午後 okhttp3.internal.platform.Platform log
情報: --> PUT http://localhost:4040/api/v2/wallet/42dd68f47551c7de35e3a01f8ff6cd8a/txrequests/c103c46974f0cf9a8421077cc9b20833 (2-byte body)
10月 13, 2022 6:51:33 午後 okhttp3.internal.platform.Platform log
情報: <-- 403 Forbidden http://localhost:4040/api/v2/wallet/42dd68f47551c7de35e3a01f8ff6cd8a/txrequests/c103c46974f0cf9a8421077cc9b20833 (1ms, unknown-length body)
10月 13, 2022 6:51:33 午後 okhttp3.internal.platform.Platform log
情報: --> PUT http://localhost:4040/api/v2/wallet/9c69bb9d50559027895dc68c64a1b0c5/txrequests/29c787f743138dabe6976f7c41f19c4f (2-byte body)
10月 13, 2022 6:51:33 午後 okhttp3.internal.platform.Platform log
情報: <-- 404 Not Found http://localhost:4040/api/v2/wallet/9c69bb9d50559027895dc68c64a1b0c5/txrequests/29c787f743138dabe6976f7c41f19c4f (1ms, unknown-length body)
10月 13, 2022 6:51:33 午後 okhttp3.internal.platform.Platform log
情報: --> POST http://localhost:4040/api/v2/wallet/bb39a11fdd0fb349e8b00ab0d4616d26/txrequests (2-byte body)
10月 13, 2022 6:51:33 午後 okhttp3.internal.platform.Platform log
情報: <-- 200 OK http://localhost:4040/api/v2/wallet/bb39a11fdd0fb349e8b00ab0d4616d26/txrequests (1ms, unknown-length body)
10月 13, 2022 6:51:33 午後 okhttp3.internal.platform.Platform log
情報: --> POST http://localhost:4040/api/v2/wallet/f51a25c110d77b96a9de0d50b0e79554/txrequests (2-byte body)
10月 13, 2022 6:51:33 午後 okhttp3.internal.platform.Platform log
情報: <-- 201 Created http://localhost:4040/api/v2/wallet/f51a25c110d77b96a9de0d50b0e79554/txrequests (1ms, unknown-length body)
10月 13, 2022 6:51:33 午後 okhttp3.internal.platform.Platform log
情報: --> POST http://localhost:4040/api/v2/wallet/165aa6057a98f5c30763d3b26c3d3399/txrequests (2-byte body)
10月 13, 2022 6:51:33 午後 okhttp3.internal.platform.Platform log
情報: <-- 400 Bad Request http://localhost:4040/api/v2/wallet/165aa6057a98f5c30763d3b26c3d3399/txrequests (1ms, unknown-length body)
10月 13, 2022 6:51:33 午後 okhttp3.internal.platform.Platform log
情報: --> POST http://localhost:4040/api/v2/wallet/2b77171d275bf88f5aa32d6f1bb992ef/txrequests (2-byte body)
10月 13, 2022 6:51:33 午後 okhttp3.internal.platform.Platform log
情報: <-- 401 Unauthorized http://localhost:4040/api/v2/wallet/2b77171d275bf88f5aa32d6f1bb992ef/txrequests (1ms, unknown-length body)
10月 13, 2022 6:51:33 午後 okhttp3.internal.platform.Platform log
情報: --> POST http://localhost:4040/api/v2/wallet/b98524a41d60e6ace4d9dc70b8f47c15/txrequests (2-byte body)
10月 13, 2022 6:51:33 午後 okhttp3.internal.platform.Platform log
情報: <-- 403 Forbidden http://localhost:4040/api/v2/wallet/b98524a41d60e6ace4d9dc70b8f47c15/txrequests (1ms, unknown-length body)
10月 13, 2022 6:51:33 午後 okhttp3.internal.platform.Platform log
情報: --> POST http://localhost:4040/api/v2/wallet/8e918a32531a2b37146c4839f023b8eb/txrequests (2-byte body)
10月 13, 2022 6:51:33 午後 okhttp3.internal.platform.Platform log
情報: <-- 404 Not Found http://localhost:4040/api/v2/wallet/8e918a32531a2b37146c4839f023b8eb/txrequests (1ms, unknown-length body)
10月 13, 2022 6:51:33 午後 okhttp3.internal.platform.Platform log
情報: --> GET http://localhost:4040/api/v2/wallet/09262f6226fb1f181bc7685da4cc4b0d/txrequests?prevId=&limit=0&latest=false&states=&txRequestIds=&idempotencyKeys=
10月 13, 2022 6:51:33 午後 okhttp3.internal.platform.Platform log
情報: <-- 200 OK http://localhost:4040/api/v2/wallet/09262f6226fb1f181bc7685da4cc4b0d/txrequests?prevId=&limit=0&latest=false&states=&txRequestIds=&idempotencyKeys= (1ms, unknown-length body)
10月 13, 2022 6:51:33 午後 okhttp3.internal.platform.Platform log
情報: --> GET http://localhost:4040/api/v2/wallet/5974bf8095161ad5af4b49316a6b5943/txrequests?prevId=&limit=0&latest=false&states=&txRequestIds=&idempotencyKeys=
10月 13, 2022 6:51:33 午後 okhttp3.internal.platform.Platform log
情報: <-- 400 Bad Request http://localhost:4040/api/v2/wallet/5974bf8095161ad5af4b49316a6b5943/txrequests?prevId=&limit=0&latest=false&states=&txRequestIds=&idempotencyKeys= (1ms, unknown-length body)
10月 13, 2022 6:51:33 午後 okhttp3.internal.platform.Platform log
情報: --> POST http://localhost:4040/api/v2/wallet/efa0f58204b09303ed29ea239c3bfd41/txrequests/cafcecbbec25505fa8c4851f386f804c/signatureshares (2-byte body)
10月 13, 2022 6:51:33 午後 okhttp3.internal.platform.Platform log
情報: <-- 201 Created http://localhost:4040/api/v2/wallet/efa0f58204b09303ed29ea239c3bfd41/txrequests/cafcecbbec25505fa8c4851f386f804c/signatureshares (1ms, unknown-length body)
10月 13, 2022 6:51:33 午後 okhttp3.internal.platform.Platform log
情報: --> POST http://localhost:4040/api/v2/wallet/28ccec253da9ebb77d38f0e13455f98d/txrequests/c79e0b5e715ea8736dc0cea0bb038273/signatureshares (2-byte body)
10月 13, 2022 6:51:33 午後 okhttp3.internal.platform.Platform log
情報: <-- 400 Bad Request http://localhost:4040/api/v2/wallet/28ccec253da9ebb77d38f0e13455f98d/txrequests/c79e0b5e715ea8736dc0cea0bb038273/signatureshares (2ms, unknown-length body)
10月 13, 2022 6:51:33 午後 okhttp3.internal.platform.Platform log
情報: --> POST http://localhost:4040/api/v2/wallet/e62a39aed3c8b51fe2bbc92b65653b2d/txrequests/4f2aa826f3aee5aa5ea689375e05ae64/signatureshares (2-byte body)
10月 13, 2022 6:51:33 午後 okhttp3.internal.platform.Platform log
情報: <-- 401 Unauthorized http://localhost:4040/api/v2/wallet/e62a39aed3c8b51fe2bbc92b65653b2d/txrequests/4f2aa826f3aee5aa5ea689375e05ae64/signatureshares (1ms, unknown-length body)
10月 13, 2022 6:51:33 午後 okhttp3.internal.platform.Platform log
情報: --> POST http://localhost:4040/api/v2/wallet/536873292a403690daae3bf4a3022513/txrequests/46fc197ba86d86d8a86709834fb81971/signatureshares (2-byte body)
10月 13, 2022 6:51:33 午後 okhttp3.internal.platform.Platform log
情報: <-- 403 Forbidden http://localhost:4040/api/v2/wallet/536873292a403690daae3bf4a3022513/txrequests/46fc197ba86d86d8a86709834fb81971/signatureshares (1ms, unknown-length body)
10月 13, 2022 6:51:33 午後 okhttp3.internal.platform.Platform log
情報: --> POST http://localhost:4040/api/v2/wallet/fa809af108921f8e07394dafe617e217/txrequests/ae56c76fd1fa4c77b65d6c0132dbb219/signatureshares (2-byte body)
10月 13, 2022 6:51:33 午後 okhttp3.internal.platform.Platform log
情報: <-- 404 Not Found http://localhost:4040/api/v2/wallet/fa809af108921f8e07394dafe617e217/txrequests/ae56c76fd1fa4c77b65d6c0132dbb219/signatureshares (1ms, unknown-length body)
10月 13, 2022 6:51:33 午後 okhttp3.internal.platform.Platform log
情報: --> GET http://localhost:4040/api/v2/enterprise/edd670a1a690e6be1b33e836a0f1c59c/txrequests?prevId=&limit=0&latest=false&states=&txRequestIds=&idempotencyKeys=&walletIds=
10月 13, 2022 6:51:33 午後 okhttp3.internal.platform.Platform log
情報: <-- 200 OK http://localhost:4040/api/v2/enterprise/edd670a1a690e6be1b33e836a0f1c59c/txrequests?prevId=&limit=0&latest=false&states=&txRequestIds=&idempotencyKeys=&walletIds= (1ms, unknown-length body)
10月 13, 2022 6:51:33 午後 okhttp3.internal.platform.Platform log
情報: --> GET http://localhost:4040/api/v2/enterprise/7c9f50377bad6dd6d563e3864b99919b/txrequests?prevId=&limit=0&latest=false&states=&txRequestIds=&idempotencyKeys=&walletIds=
10月 13, 2022 6:51:33 午後 okhttp3.internal.platform.Platform log
情報: <-- 400 Bad Request http://localhost:4040/api/v2/enterprise/7c9f50377bad6dd6d563e3864b99919b/txrequests?prevId=&limit=0&latest=false&states=&txRequestIds=&idempotencyKeys=&walletIds= (1ms, unknown-length body)
]]></system-err>
</testsuite>
