<?xml version="1.0" encoding="UTF-8"?>
<testsuite name="bitgo4j.express.response.ResolvePendingApprovalResponseTest" tests="14" skipped="0" failures="0" errors="0" timestamp="2022-10-13T09:51:32" hostname="ishtos-MacBook-Pro.local" time="0.019">
  <properties/>
  <testcase name="testSetId()" classname="bitgo4j.express.response.ResolvePendingApprovalResponseTest" time="0.011"/>
  <testcase name="testToString()" classname="bitgo4j.express.response.ResolvePendingApprovalResponseTest" time="0.001"/>
  <testcase name="testSetCreator()" classname="bitgo4j.express.response.ResolvePendingApprovalResponseTest" time="0.001"/>
  <testcase name="testSetCreateDate()" classname="bitgo4j.express.response.ResolvePendingApprovalResponseTest" time="0.0"/>
  <testcase name="testSetApprovalsRequired()" classname="bitgo4j.express.response.ResolvePendingApprovalResponseTest" time="0.001"/>
  <testcase name="testSetWalletLabel()" classname="bitgo4j.express.response.ResolvePendingApprovalResponseTest" time="0.0"/>
  <testcase name="testSetWallet()" classname="bitgo4j.express.response.ResolvePendingApprovalResponseTest" time="0.001"/>
  <testcase name="testSetEnterprise()" classname="bitgo4j.express.response.ResolvePendingApprovalResponseTest" time="0.001"/>
  <testcase name="testSetCoin()" classname="bitgo4j.express.response.ResolvePendingApprovalResponseTest" time="0.0"/>
  <testcase name="testSetInfo()" classname="bitgo4j.express.response.ResolvePendingApprovalResponseTest" time="0.001"/>
  <testcase name="testSetKeyId()" classname="bitgo4j.express.response.ResolvePendingApprovalResponseTest" time="0.0"/>
  <testcase name="testSetUserIds()" classname="bitgo4j.express.response.ResolvePendingApprovalResponseTest" time="0.001"/>
  <testcase name="testSetScope()" classname="bitgo4j.express.response.ResolvePendingApprovalResponseTest" time="0.001"/>
  <testcase name="testSetState()" classname="bitgo4j.express.response.ResolvePendingApprovalResponseTest" time="0.0"/>
  <system-out><![CDATA[]]></system-out>
  <system-err><![CDATA[]]></system-err>
</testsuite>
