<?xml version="1.0" encoding="UTF-8"?>
<testsuite name="bitgo4j.wallet.common.RecipientTest" tests="4" skipped="0" failures="0" errors="0" timestamp="2022-10-13T09:51:33" hostname="ishtos-MacBook-Pro.local" time="0.005">
  <properties/>
  <testcase name="testToString()" classname="bitgo4j.wallet.common.RecipientTest" time="0.004"/>
  <testcase name="testSetAmount()" classname="bitgo4j.wallet.common.RecipientTest" time="0.001"/>
  <testcase name="testSetAddress()" classname="bitgo4j.wallet.common.RecipientTest" time="0.0"/>
  <testcase name="testSetMemo()" classname="bitgo4j.wallet.common.RecipientTest" time="0.0"/>
  <system-out><![CDATA[]]></system-out>
  <system-err><![CDATA[]]></system-err>
</testsuite>
