<?xml version="1.0" encoding="UTF-8"?>
<testsuite name="bitgo4j.wallet.common.PropertyTest" tests="7" skipped="0" failures="0" errors="0" timestamp="2022-10-13T09:51:33" hostname="ishtos-MacBook-Pro.local" time="0.0">
  <properties/>
  <testcase name="testSetTransferCount()" classname="bitgo4j.wallet.common.PropertyTest" time="0.0"/>
  <testcase name="testSetConfirmedBalanceString()" classname="bitgo4j.wallet.common.PropertyTest" time="0.0"/>
  <testcase name="testSetStakedBalanceString()" classname="bitgo4j.wallet.common.PropertyTest" time="0.0"/>
  <testcase name="testToString()" classname="bitgo4j.wallet.common.PropertyTest" time="0.0"/>
  <testcase name="testSetHeldBalanceString()" classname="bitgo4j.wallet.common.PropertyTest" time="0.0"/>
  <testcase name="testSetSpendableBalanceString()" classname="bitgo4j.wallet.common.PropertyTest" time="0.0"/>
  <testcase name="testSetBalanceString()" classname="bitgo4j.wallet.common.PropertyTest" time="0.0"/>
  <system-out><![CDATA[]]></system-out>
  <system-err><![CDATA[]]></system-err>
</testsuite>
