<?xml version="1.0" encoding="UTF-8"?>
<testsuite name="bitgo4j.wallet.response.BalanceReserveDataResponseTest" tests="6" skipped="0" failures="0" errors="0" timestamp="2022-10-13T09:51:33" hostname="ishtos-MacBook-Pro.local" time="0.001">
  <properties/>
  <testcase name="testToString()" classname="bitgo4j.wallet.response.BalanceReserveDataResponseTest" time="0.0"/>
  <testcase name="testSetReserve()" classname="bitgo4j.wallet.response.BalanceReserveDataResponseTest" time="0.0"/>
  <testcase name="testSetMinimumFunding()" classname="bitgo4j.wallet.response.BalanceReserveDataResponseTest" time="0.0"/>
  <testcase name="testSetBaseReserve()" classname="bitgo4j.wallet.response.BalanceReserveDataResponseTest" time="0.0"/>
  <testcase name="testSetHeight()" classname="bitgo4j.wallet.response.BalanceReserveDataResponseTest" time="0.0"/>
  <testcase name="testSetBaseFee()" classname="bitgo4j.wallet.response.BalanceReserveDataResponseTest" time="0.0"/>
  <system-out><![CDATA[]]></system-out>
  <system-err><![CDATA[]]></system-err>
</testsuite>
