<?xml version="1.0" encoding="UTF-8"?>
<testsuite name="bitgo4j.key.MockKeyClientImplTest" tests="7" skipped="1" failures="0" errors="0" timestamp="2022-10-13T09:51:33" hostname="ishtos-MacBook-Pro.local" time="0.019">
  <properties/>
  <testcase name="createTest_200()" classname="bitgo4j.key.MockKeyClientImplTest" time="0.005"/>
  <testcase name="createTest_400()" classname="bitgo4j.key.MockKeyClientImplTest" time="0.003"/>
  <testcase name="listTest_200()" classname="bitgo4j.key.MockKeyClientImplTest" time="0.003"/>
  <testcase name="listTest_400()" classname="bitgo4j.key.MockKeyClientImplTest" time="0.003"/>
  <testcase name="getTest_200()" classname="bitgo4j.key.MockKeyClientImplTest" time="0.002"/>
  <testcase name="getTest_400()" classname="bitgo4j.key.MockKeyClientImplTest" time="0.002"/>
  <testcase name="getTest_404()" classname="bitgo4j.key.MockKeyClientImplTest" time="0.0">
    <skipped/>
  </testcase>
  <system-out><![CDATA[]]></system-out>
  <system-err><![CDATA[java.io.FileNotFoundException: src/test/resources/local.properties (No such file or directory)
	at java.base/java.io.FileInputStream.open0(Native Method)
	at java.base/java.io.FileInputStream.open(FileInputStream.java:219)
	at java.base/java.io.FileInputStream.<init>(FileInputStream.java:157)
	at java.base/java.io.FileInputStream.<init>(FileInputStream.java:112)
	at bitgo4j.TestingUtils.getProperties(TestingUtils.java:14)
	at bitgo4j.key.MockKeyClientImplTest.setUp(MockKeyClientImplTest.java:27)
	at java.base/jdk.internal.reflect.NativeMethodAccessorImpl.invoke0(Native Method)
	at java.base/jdk.internal.reflect.NativeMethodAccessorImpl.invoke(NativeMethodAccessorImpl.java:62)
	at java.base/jdk.internal.reflect.DelegatingMethodAccessorImpl.invoke(DelegatingMethodAccessorImpl.java:43)
	at java.base/java.lang.reflect.Method.invoke(Method.java:566)
	at org.junit.platform.commons.util.ReflectionUtils.invokeMethod(ReflectionUtils.java:727)
	at org.junit.jupiter.engine.execution.MethodInvocation.proceed(MethodInvocation.java:60)
	at org.junit.jupiter.engine.execution.InvocationInterceptorChain$ValidatingInvocation.proceed(InvocationInterceptorChain.java:131)
	at org.junit.jupiter.engine.extension.TimeoutExtension.intercept(TimeoutExtension.java:156)
	at org.junit.jupiter.engine.extension.TimeoutExtension.interceptLifecycleMethod(TimeoutExtension.java:128)
	at org.junit.jupiter.engine.extension.TimeoutExtension.interceptBeforeAllMethod(TimeoutExtension.java:70)
	at org.junit.jupiter.engine.execution.InterceptingExecutableInvoker$ReflectiveInterceptorCall.lambda$ofVoidMethod$0(InterceptingExecutableInvoker.java:103)
	at org.junit.jupiter.engine.execution.InterceptingExecutableInvoker.lambda$invoke$0(InterceptingExecutableInvoker.java:93)
	at org.junit.jupiter.engine.execution.InvocationInterceptorChain$InterceptedInvocation.proceed(InvocationInterceptorChain.java:106)
	at org.junit.jupiter.engine.execution.InvocationInterceptorChain.proceed(InvocationInterceptorChain.java:64)
	at org.junit.jupiter.engine.execution.InvocationInterceptorChain.chainAndInvoke(InvocationInterceptorChain.java:45)
	at org.junit.jupiter.engine.execution.InvocationInterceptorChain.invoke(InvocationInterceptorChain.java:37)
	at org.junit.jupiter.engine.execution.InterceptingExecutableInvoker.invoke(InterceptingExecutableInvoker.java:92)
	at org.junit.jupiter.engine.execution.InterceptingExecutableInvoker.invoke(InterceptingExecutableInvoker.java:86)
	at org.junit.jupiter.engine.descriptor.ClassBasedTestDescriptor.lambda$invokeBeforeAllMethods$13(ClassBasedTestDescriptor.java:411)
	at org.junit.platform.engine.support.hierarchical.ThrowableCollector.execute(ThrowableCollector.java:73)
	at org.junit.jupiter.engine.descriptor.ClassBasedTestDescriptor.invokeBeforeAllMethods(ClassBasedTestDescriptor.java:409)
	at org.junit.jupiter.engine.descriptor.ClassBasedTestDescriptor.before(ClassBasedTestDescriptor.java:215)
	at org.junit.jupiter.engine.descriptor.ClassBasedTestDescriptor.before(ClassBasedTestDescriptor.java:84)
	at org.junit.platform.engine.support.hierarchical.NodeTestTask.lambda$executeRecursively$6(NodeTestTask.java:148)
	at org.junit.platform.engine.support.hierarchical.ThrowableCollector.execute(ThrowableCollector.java:73)
	at org.junit.platform.engine.support.hierarchical.NodeTestTask.lambda$executeRecursively$8(NodeTestTask.java:141)
	at org.junit.platform.engine.support.hierarchical.Node.around(Node.java:137)
	at org.junit.platform.engine.support.hierarchical.NodeTestTask.lambda$executeRecursively$9(NodeTestTask.java:139)
	at org.junit.platform.engine.support.hierarchical.ThrowableCollector.execute(ThrowableCollector.java:73)
	at org.junit.platform.engine.support.hierarchical.NodeTestTask.executeRecursively(NodeTestTask.java:138)
	at org.junit.platform.engine.support.hierarchical.NodeTestTask.execute(NodeTestTask.java:95)
	at java.base/java.util.ArrayList.forEach(ArrayList.java:1541)
	at org.junit.platform.engine.support.hierarchical.SameThreadHierarchicalTestExecutorService.invokeAll(SameThreadHierarchicalTestExecutorService.java:41)
	at org.junit.platform.engine.support.hierarchical.NodeTestTask.lambda$executeRecursively$6(NodeTestTask.java:155)
	at org.junit.platform.engine.support.hierarchical.ThrowableCollector.execute(ThrowableCollector.java:73)
	at org.junit.platform.engine.support.hierarchical.NodeTestTask.lambda$executeRecursively$8(NodeTestTask.java:141)
	at org.junit.platform.engine.support.hierarchical.Node.around(Node.java:137)
	at org.junit.platform.engine.support.hierarchical.NodeTestTask.lambda$executeRecursively$9(NodeTestTask.java:139)
	at org.junit.platform.engine.support.hierarchical.ThrowableCollector.execute(ThrowableCollector.java:73)
	at org.junit.platform.engine.support.hierarchical.NodeTestTask.executeRecursively(NodeTestTask.java:138)
	at org.junit.platform.engine.support.hierarchical.NodeTestTask.execute(NodeTestTask.java:95)
	at org.junit.platform.engine.support.hierarchical.SameThreadHierarchicalTestExecutorService.submit(SameThreadHierarchicalTestExecutorService.java:35)
	at org.junit.platform.engine.support.hierarchical.HierarchicalTestExecutor.execute(HierarchicalTestExecutor.java:57)
	at org.junit.platform.engine.support.hierarchical.HierarchicalTestEngine.execute(HierarchicalTestEngine.java:54)
	at org.junit.platform.launcher.core.DefaultLauncher.execute(DefaultLauncher.java:248)
	at org.junit.platform.launcher.core.DefaultLauncher.lambda$execute$5(DefaultLauncher.java:211)
	at org.junit.platform.launcher.core.DefaultLauncher.withInterceptedStreams(DefaultLauncher.java:226)
	at org.junit.platform.launcher.core.DefaultLauncher.execute(DefaultLauncher.java:199)
	at org.junit.platform.launcher.core.DefaultLauncher.execute(DefaultLauncher.java:132)
	at org.gradle.api.internal.tasks.testing.junitplatform.JUnitPlatformTestClassProcessor$CollectAllTestClassesExecutor.processAllTestClasses(JUnitPlatformTestClassProcessor.java:99)
	at org.gradle.api.internal.tasks.testing.junitplatform.JUnitPlatformTestClassProcessor$CollectAllTestClassesExecutor.access$000(JUnitPlatformTestClassProcessor.java:79)
	at org.gradle.api.internal.tasks.testing.junitplatform.JUnitPlatformTestClassProcessor.stop(JUnitPlatformTestClassProcessor.java:75)
	at org.gradle.api.internal.tasks.testing.SuiteTestClassProcessor.stop(SuiteTestClassProcessor.java:61)
	at java.base/jdk.internal.reflect.NativeMethodAccessorImpl.invoke0(Native Method)
	at java.base/jdk.internal.reflect.NativeMethodAccessorImpl.invoke(NativeMethodAccessorImpl.java:62)
	at java.base/jdk.internal.reflect.DelegatingMethodAccessorImpl.invoke(DelegatingMethodAccessorImpl.java:43)
	at java.base/java.lang.reflect.Method.invoke(Method.java:566)
	at org.gradle.internal.dispatch.ReflectionDispatch.dispatch(ReflectionDispatch.java:36)
	at org.gradle.internal.dispatch.ReflectionDispatch.dispatch(ReflectionDispatch.java:24)
	at org.gradle.internal.dispatch.ContextClassLoaderDispatch.dispatch(ContextClassLoaderDispatch.java:33)
	at org.gradle.internal.dispatch.ProxyDispatchAdapter$DispatchingInvocationHandler.invoke(ProxyDispatchAdapter.java:94)
	at com.sun.proxy.$Proxy2.stop(Unknown Source)
	at org.gradle.api.internal.tasks.testing.worker.TestWorker.stop(TestWorker.java:133)
	at java.base/jdk.internal.reflect.NativeMethodAccessorImpl.invoke0(Native Method)
	at java.base/jdk.internal.reflect.NativeMethodAccessorImpl.invoke(NativeMethodAccessorImpl.java:62)
	at java.base/jdk.internal.reflect.DelegatingMethodAccessorImpl.invoke(DelegatingMethodAccessorImpl.java:43)
	at java.base/java.lang.reflect.Method.invoke(Method.java:566)
	at org.gradle.internal.dispatch.ReflectionDispatch.dispatch(ReflectionDispatch.java:36)
	at org.gradle.internal.dispatch.ReflectionDispatch.dispatch(ReflectionDispatch.java:24)
	at org.gradle.internal.remote.internal.hub.MessageHubBackedObjectConnection$DispatchWrapper.dispatch(MessageHubBackedObjectConnection.java:182)
	at org.gradle.internal.remote.internal.hub.MessageHubBackedObjectConnection$DispatchWrapper.dispatch(MessageHubBackedObjectConnection.java:164)
	at org.gradle.internal.remote.internal.hub.MessageHub$Handler.run(MessageHub.java:414)
	at org.gradle.internal.concurrent.ExecutorPolicy$CatchAndRecordFailures.onExecute(ExecutorPolicy.java:64)
	at org.gradle.internal.concurrent.ManagedExecutorImpl$1.run(ManagedExecutorImpl.java:48)
	at java.base/java.util.concurrent.ThreadPoolExecutor.runWorker(ThreadPoolExecutor.java:1128)
	at java.base/java.util.concurrent.ThreadPoolExecutor$Worker.run(ThreadPoolExecutor.java:628)
	at org.gradle.internal.concurrent.ThreadFactoryImpl$ManagedThreadRunnable.run(ThreadFactoryImpl.java:56)
	at java.base/java.lang.Thread.run(Thread.java:829)
10月 13, 2022 6:51:33 午後 okhttp3.internal.platform.Platform log
情報: --> POST http://localhost:4040/api/v2/jdjpuv056g2psbrqj8g4c2utv7qrufa3upa51cp2h1f8cbwghb40nu74qut4ig29wxoig2la5jpd111f1pdsdl5ggom6qphzf4pu83awiyusk67j3b4nsgprt8qt5bfzd3q6luydp0/key (2-byte body)
10月 13, 2022 6:51:33 午後 okhttp3.internal.platform.Platform log
情報: <-- 200 OK http://localhost:4040/api/v2/jdjpuv056g2psbrqj8g4c2utv7qrufa3upa51cp2h1f8cbwghb40nu74qut4ig29wxoig2la5jpd111f1pdsdl5ggom6qphzf4pu83awiyusk67j3b4nsgprt8qt5bfzd3q6luydp0/key (2ms, unknown-length body)
10月 13, 2022 6:51:33 午後 okhttp3.internal.platform.Platform log
情報: --> POST http://localhost:4040/api/v2/ocv1kis43lm4py/key (2-byte body)
10月 13, 2022 6:51:33 午後 okhttp3.internal.platform.Platform log
情報: <-- 400 Bad Request http://localhost:4040/api/v2/ocv1kis43lm4py/key (1ms, unknown-length body)
10月 13, 2022 6:51:33 午後 okhttp3.internal.platform.Platform log
情報: --> GET http://localhost:4040/api/v2/d3lh4g1u9t377cgstpx2w52xumhjgyuzhippieebay6mrvyk40pl2p48u7qcs6y0mfvdlx2e28h6hy179xyqkl7cavf0u4c6hd0cifporju7zzrlyog1hpj8mxavw68ypan8pbrkrygxjr63exuaze4p3evcvya77r5z2tdyy2dvy/key
10月 13, 2022 6:51:33 午後 okhttp3.internal.platform.Platform log
情報: <-- 200 OK http://localhost:4040/api/v2/d3lh4g1u9t377cgstpx2w52xumhjgyuzhippieebay6mrvyk40pl2p48u7qcs6y0mfvdlx2e28h6hy179xyqkl7cavf0u4c6hd0cifporju7zzrlyog1hpj8mxavw68ypan8pbrkrygxjr63exuaze4p3evcvya77r5z2tdyy2dvy/key (1ms, unknown-length body)
10月 13, 2022 6:51:33 午後 okhttp3.internal.platform.Platform log
情報: --> GET http://localhost:4040/api/v2/nvb8xbx9uipilkn8wt9dgmnvyp75twjyhzdet/key
10月 13, 2022 6:51:33 午後 okhttp3.internal.platform.Platform log
情報: <-- 400 Bad Request http://localhost:4040/api/v2/nvb8xbx9uipilkn8wt9dgmnvyp75twjyhzdet/key (1ms, unknown-length body)
10月 13, 2022 6:51:33 午後 okhttp3.internal.platform.Platform log
情報: --> GET http://localhost:4040/api/v2/bij6858zpufhx2hjd30cw7idpzyfy5cjjn1p0rh3v1qmak6whplkl7soeca5/key/500b166c52fddc837fd768b2dfb08c39
10月 13, 2022 6:51:33 午後 okhttp3.internal.platform.Platform log
情報: <-- 200 OK http://localhost:4040/api/v2/bij6858zpufhx2hjd30cw7idpzyfy5cjjn1p0rh3v1qmak6whplkl7soeca5/key/500b166c52fddc837fd768b2dfb08c39 (1ms, unknown-length body)
10月 13, 2022 6:51:33 午後 okhttp3.internal.platform.Platform log
情報: --> GET http://localhost:4040/api/v2/re269hq7ujepgvtjljzwfvjmocevvogysolgnz8hwvgwcjw8s29opacp31xhuaowqtycydgexfguffuc3778er8hb8tccykk2exmmeltqz9gysdkyc51hiye8au9fx3d15raen2sxigswdy8ue76rmonrx5ecumoy08xznptoyngnbcj5m2vwv0de691utul5hea8j4/key/bc864eb28335c744a5dac0ba2fa47819
10月 13, 2022 6:51:33 午後 okhttp3.internal.platform.Platform log
情報: <-- 400 Bad Request http://localhost:4040/api/v2/re269hq7ujepgvtjljzwfvjmocevvogysolgnz8hwvgwcjw8s29opacp31xhuaowqtycydgexfguffuc3778er8hb8tccykk2exmmeltqz9gysdkyc51hiye8au9fx3d15raen2sxigswdy8ue76rmonrx5ecumoy08xznptoyngnbcj5m2vwv0de691utul5hea8j4/key/bc864eb28335c744a5dac0ba2fa47819 (1ms, unknown-length body)
]]></system-err>
</testsuite>
