<?xml version="1.0" encoding="UTF-8"?>
<testsuite name="bitgo4j.policy.common.FeeOptionsTest" tests="6" skipped="0" failures="0" errors="0" timestamp="2022-10-13T09:51:34" hostname="ishtos-MacBook-Pro.local" time="0.0">
  <properties/>
  <testcase name="testToString()" classname="bitgo4j.policy.common.FeeOptionsTest" time="0.0"/>
  <testcase name="testSetGasLimit()" classname="bitgo4j.policy.common.FeeOptionsTest" time="0.0"/>
  <testcase name="testSetGasPrice()" classname="bitgo4j.policy.common.FeeOptionsTest" time="0.0"/>
  <testcase name="testSetFeeType()" classname="bitgo4j.policy.common.FeeOptionsTest" time="0.0"/>
  <testcase name="testSetFormula()" classname="bitgo4j.policy.common.FeeOptionsTest" time="0.0"/>
  <testcase name="testSetUnit()" classname="bitgo4j.policy.common.FeeOptionsTest" time="0.0"/>
  <system-out><![CDATA[]]></system-out>
  <system-err><![CDATA[]]></system-err>
</testsuite>
