<?xml version="1.0" encoding="UTF-8"?>
<testsuite name="bitgo4j.transfer.request.ChangeFeeRequestTest" tests="4" skipped="0" failures="0" errors="0" timestamp="2022-10-13T09:51:32" hostname="ishtos-MacBook-Pro.local" time="0.0">
  <properties/>
  <testcase name="testToString()" classname="bitgo4j.transfer.request.ChangeFeeRequestTest" time="0.0"/>
  <testcase name="testSetEip1559()" classname="bitgo4j.transfer.request.ChangeFeeRequestTest" time="0.0"/>
  <testcase name="testSetTxid()" classname="bitgo4j.transfer.request.ChangeFeeRequestTest" time="0.0"/>
  <testcase name="testSetFee()" classname="bitgo4j.transfer.request.ChangeFeeRequestTest" time="0.0"/>
  <system-out><![CDATA[]]></system-out>
  <system-err><![CDATA[]]></system-err>
</testsuite>
