<?xml version="1.0" encoding="UTF-8"?>
<testsuite name="bitgo4j.express.common.RequirementTest" tests="3" skipped="0" failures="0" errors="0" timestamp="2022-10-13T09:51:32" hostname="ishtos-MacBook-Pro.local" time="0.002">
  <properties/>
  <testcase name="testSetM()" classname="bitgo4j.express.common.RequirementTest" time="0.001"/>
  <testcase name="testToString()" classname="bitgo4j.express.common.RequirementTest" time="0.0"/>
  <testcase name="testSetTrustedKeys()" classname="bitgo4j.express.common.RequirementTest" time="0.001"/>
  <system-out><![CDATA[]]></system-out>
  <system-err><![CDATA[]]></system-err>
</testsuite>
