<?xml version="1.0" encoding="UTF-8"?>
<testsuite name="bitgo4j.transfer.common.EntryTest" tests="9" skipped="0" failures="0" errors="0" timestamp="2022-10-13T09:51:32" hostname="ishtos-MacBook-Pro.local" time="0.001">
  <properties/>
  <testcase name="testToString()" classname="bitgo4j.transfer.common.EntryTest" time="0.001"/>
  <testcase name="testSetValueString()" classname="bitgo4j.transfer.common.EntryTest" time="0.0"/>
  <testcase name="testSetIsPayGo()" classname="bitgo4j.transfer.common.EntryTest" time="0.0"/>
  <testcase name="testSetIsChange()" classname="bitgo4j.transfer.common.EntryTest" time="0.0"/>
  <testcase name="testSetAddress()" classname="bitgo4j.transfer.common.EntryTest" time="0.0"/>
  <testcase name="testSetWallet()" classname="bitgo4j.transfer.common.EntryTest" time="0.0"/>
  <testcase name="testSetLabel()" classname="bitgo4j.transfer.common.EntryTest" time="0.0"/>
  <testcase name="testSetToken()" classname="bitgo4j.transfer.common.EntryTest" time="0.0"/>
  <testcase name="testSetValue()" classname="bitgo4j.transfer.common.EntryTest" time="0.0"/>
  <system-out><![CDATA[]]></system-out>
  <system-err><![CDATA[]]></system-err>
</testsuite>
