<?xml version="1.0" encoding="UTF-8"?>
<testsuite name="bitgo4j.wallet.common.UpdateCoinSpecificTest" tests="3" skipped="0" failures="0" errors="0" timestamp="2022-10-13T09:51:33" hostname="ishtos-MacBook-Pro.local" time="0.005">
  <properties/>
  <testcase name="testToString()" classname="bitgo4j.wallet.common.UpdateCoinSpecificTest" time="0.004"/>
  <testcase name="testSetTeth()" classname="bitgo4j.wallet.common.UpdateCoinSpecificTest" time="0.0"/>
  <testcase name="testSetEth()" classname="bitgo4j.wallet.common.UpdateCoinSpecificTest" time="0.0"/>
  <system-out><![CDATA[]]></system-out>
  <system-err><![CDATA[]]></system-err>
</testsuite>
