<?xml version="1.0" encoding="UTF-8"?>
<testsuite name="bitgo4j.key.request.CreateKeyRequestTest" tests="18" skipped="0" failures="0" errors="0" timestamp="2022-10-13T09:51:33" hostname="ishtos-MacBook-Pro.local" time="0.003">
  <properties/>
  <testcase name="testSetDerivedFromParentWithSeed()" classname="bitgo4j.key.request.CreateKeyRequestTest" time="0.0"/>
  <testcase name="testToString()" classname="bitgo4j.key.request.CreateKeyRequestTest" time="0.0"/>
  <testcase name="testSetOriginalPasscodeEncryptionCode()" classname="bitgo4j.key.request.CreateKeyRequestTest" time="0.0"/>
  <testcase name="testSetUserGPGPublicKey()" classname="bitgo4j.key.request.CreateKeyRequestTest" time="0.001"/>
  <testcase name="testSetDisableKRSEmail()" classname="bitgo4j.key.request.CreateKeyRequestTest" time="0.0"/>
  <testcase name="testSetProvider()" classname="bitgo4j.key.request.CreateKeyRequestTest" time="0.0"/>
  <testcase name="testSetBackupGPGPublicKey()" classname="bitgo4j.key.request.CreateKeyRequestTest" time="0.0"/>
  <testcase name="testSetEncryptedPrv()" classname="bitgo4j.key.request.CreateKeyRequestTest" time="0.0"/>
  <testcase name="testSetKeyShares()" classname="bitgo4j.key.request.CreateKeyRequestTest" time="0.0"/>
  <testcase name="testSetIdentifier()" classname="bitgo4j.key.request.CreateKeyRequestTest" time="0.0"/>
  <testcase name="testSetNewFeeAddress()" classname="bitgo4j.key.request.CreateKeyRequestTest" time="0.0"/>
  <testcase name="testSetCommonPub()" classname="bitgo4j.key.request.CreateKeyRequestTest" time="0.0"/>
  <testcase name="testSetSource()" classname="bitgo4j.key.request.CreateKeyRequestTest" time="0.0"/>
  <testcase name="testSetKeyType()" classname="bitgo4j.key.request.CreateKeyRequestTest" time="0.0"/>
  <testcase name="testSetEnterprise()" classname="bitgo4j.key.request.CreateKeyRequestTest" time="0.0"/>
  <testcase name="testSetType()" classname="bitgo4j.key.request.CreateKeyRequestTest" time="0.001"/>
  <testcase name="testSetCommonKeychain()" classname="bitgo4j.key.request.CreateKeyRequestTest" time="0.0"/>
  <testcase name="testSetPub()" classname="bitgo4j.key.request.CreateKeyRequestTest" time="0.0"/>
  <system-out><![CDATA[]]></system-out>
  <system-err><![CDATA[]]></system-err>
</testsuite>
