<?xml version="1.0" encoding="UTF-8"?>
<testsuite name="bitgo4j.enterprise.request.UpdateEnterpriseRequestTest" tests="5" skipped="0" failures="0" errors="0" timestamp="2022-10-13T09:51:32" hostname="ishtos-MacBook-Pro.local" time="0.016">
  <properties/>
  <testcase name="testSetUsersViewAllWallets()" classname="bitgo4j.enterprise.request.UpdateEnterpriseRequestTest" time="0.014"/>
  <testcase name="testSetLegalIdentifiers()" classname="bitgo4j.enterprise.request.UpdateEnterpriseRequestTest" time="0.0"/>
  <testcase name="testToString()" classname="bitgo4j.enterprise.request.UpdateEnterpriseRequestTest" time="0.0"/>
  <testcase name="testSetAdditionalEnterpriseInfo()" classname="bitgo4j.enterprise.request.UpdateEnterpriseRequestTest" time="0.001"/>
  <testcase name="testSetApprovalsRequired()" classname="bitgo4j.enterprise.request.UpdateEnterpriseRequestTest" time="0.0"/>
  <system-out><![CDATA[]]></system-out>
  <system-err><![CDATA[]]></system-err>
</testsuite>
