<?xml version="1.0" encoding="UTF-8"?>
<testsuite name="bitgo4j.policy.common.TransactionTest" tests="5" skipped="0" failures="0" errors="0" timestamp="2022-10-13T09:51:34" hostname="ishtos-MacBook-Pro.local" time="0.002">
  <properties/>
  <testcase name="testSetSignatureShares()" classname="bitgo4j.policy.common.TransactionTest" time="0.001"/>
  <testcase name="testToString()" classname="bitgo4j.policy.common.TransactionTest" time="0.0"/>
  <testcase name="testSetUnsignedTransaction()" classname="bitgo4j.policy.common.TransactionTest" time="0.001"/>
  <testcase name="testSetTxHash()" classname="bitgo4j.policy.common.TransactionTest" time="0.0"/>
  <testcase name="testSetState()" classname="bitgo4j.policy.common.TransactionTest" time="0.0"/>
  <system-out><![CDATA[]]></system-out>
  <system-err><![CDATA[]]></system-err>
</testsuite>
