<?xml version="1.0" encoding="UTF-8"?>
<testsuite name="bitgo4j.webhook.response.ListWalletWebhooksResponseTest" tests="2" skipped="0" failures="0" errors="0" timestamp="2022-10-13T09:51:30" hostname="ishtos-MacBook-Pro.local" time="0.367">
  <properties/>
  <testcase name="testToString()" classname="bitgo4j.webhook.response.ListWalletWebhooksResponseTest" time="0.366"/>
  <testcase name="testSetWebhooks()" classname="bitgo4j.webhook.response.ListWalletWebhooksResponseTest" time="0.001"/>
  <system-out><![CDATA[]]></system-out>
  <system-err><![CDATA[]]></system-err>
</testsuite>
