<?xml version="1.0" encoding="UTF-8"?>
<testsuite name="bitgo4j.transactionrequest.request.SignatureShareRequestTest" tests="4" skipped="0" failures="0" errors="0" timestamp="2022-10-13T09:51:33" hostname="ishtos-MacBook-Pro.local" time="0.006">
  <properties/>
  <testcase name="testSetSignatureShares()" classname="bitgo4j.transactionrequest.request.SignatureShareRequestTest" time="0.004"/>
  <testcase name="testToString()" classname="bitgo4j.transactionrequest.request.SignatureShareRequestTest" time="0.0"/>
  <testcase name="testSetSignatureShare()" classname="bitgo4j.transactionrequest.request.SignatureShareRequestTest" time="0.001"/>
  <testcase name="testSetSignerShare()" classname="bitgo4j.transactionrequest.request.SignatureShareRequestTest" time="0.0"/>
  <system-out><![CDATA[]]></system-out>
  <system-err><![CDATA[]]></system-err>
</testsuite>
