<?xml version="1.0" encoding="UTF-8"?>
<testsuite name="bitgo4j.enterprise.common.AdminTest" tests="2" skipped="0" failures="0" errors="0" timestamp="2022-10-13T09:51:32" hostname="ishtos-MacBook-Pro.local" time="0.025">
  <properties/>
  <testcase name="testToString()" classname="bitgo4j.enterprise.common.AdminTest" time="0.024"/>
  <testcase name="testSetPolicy()" classname="bitgo4j.enterprise.common.AdminTest" time="0.0"/>
  <system-out><![CDATA[]]></system-out>
  <system-err><![CDATA[]]></system-err>
</testsuite>
