<?xml version="1.0" encoding="UTF-8"?>
<testsuite name="bitgo4j.wallet.common.UnstakingOptionsTest" tests="5" skipped="0" failures="0" errors="0" timestamp="2022-10-13T09:51:33" hostname="ishtos-MacBook-Pro.local" time="0.001">
  <properties/>
  <testcase name="testToString()" classname="bitgo4j.wallet.common.UnstakingOptionsTest" time="0.0"/>
  <testcase name="testSetUnstakeCpuQuantity()" classname="bitgo4j.wallet.common.UnstakingOptionsTest" time="0.001"/>
  <testcase name="testSetReceiver()" classname="bitgo4j.wallet.common.UnstakingOptionsTest" time="0.0"/>
  <testcase name="testSetUnstakeNetQuantity()" classname="bitgo4j.wallet.common.UnstakingOptionsTest" time="0.0"/>
  <testcase name="testSetFrom()" classname="bitgo4j.wallet.common.UnstakingOptionsTest" time="0.0"/>
  <system-out><![CDATA[]]></system-out>
  <system-err><![CDATA[]]></system-err>
</testsuite>
