<?xml version="1.0" encoding="UTF-8"?>
<testsuite name="bitgo4j.wallet.common.ConditionTest" tests="8" skipped="0" failures="0" errors="0" timestamp="2022-10-13T09:51:33" hostname="ishtos-MacBook-Pro.local" time="0.002">
  <properties/>
  <testcase name="testSetAmountString()" classname="bitgo4j.wallet.common.ConditionTest" time="0.001"/>
  <testcase name="testToString()" classname="bitgo4j.wallet.common.ConditionTest" time="0.0"/>
  <testcase name="testSetTimeWindow()" classname="bitgo4j.wallet.common.ConditionTest" time="0.0"/>
  <testcase name="testSetAddresses()" classname="bitgo4j.wallet.common.ConditionTest" time="0.0"/>
  <testcase name="testSetEntries()" classname="bitgo4j.wallet.common.ConditionTest" time="0.001"/>
  <testcase name="testSetGroupTags()" classname="bitgo4j.wallet.common.ConditionTest" time="0.0"/>
  <testcase name="testSetUrl()" classname="bitgo4j.wallet.common.ConditionTest" time="0.0"/>
  <testcase name="testSetExcludeTags()" classname="bitgo4j.wallet.common.ConditionTest" time="0.0"/>
  <system-out><![CDATA[]]></system-out>
  <system-err><![CDATA[]]></system-err>
</testsuite>
