<?xml version="1.0" encoding="UTF-8"?>
<testsuite name="bitgo4j.wallet.request.ModifyUnspentReservationRequestTest" tests="3" skipped="0" failures="0" errors="0" timestamp="2022-10-13T09:51:33" hostname="ishtos-MacBook-Pro.local" time="0.004">
  <properties/>
  <testcase name="testSetChanges()" classname="bitgo4j.wallet.request.ModifyUnspentReservationRequestTest" time="0.002"/>
  <testcase name="testToString()" classname="bitgo4j.wallet.request.ModifyUnspentReservationRequestTest" time="0.001"/>
  <testcase name="testSetUnspentIds()" classname="bitgo4j.wallet.request.ModifyUnspentReservationRequestTest" time="0.001"/>
  <system-out><![CDATA[]]></system-out>
  <system-err><![CDATA[]]></system-err>
</testsuite>
