<?xml version="1.0" encoding="UTF-8"?>
<testsuite name="bitgo4j.transfer.common.HistoryTest" tests="5" skipped="0" failures="0" errors="0" timestamp="2022-10-13T09:51:32" hostname="ishtos-MacBook-Pro.local" time="0.0">
  <properties/>
  <testcase name="testSetComment()" classname="bitgo4j.transfer.common.HistoryTest" time="0.0"/>
  <testcase name="testToString()" classname="bitgo4j.transfer.common.HistoryTest" time="0.0"/>
  <testcase name="testSetAction()" classname="bitgo4j.transfer.common.HistoryTest" time="0.0"/>
  <testcase name="testSetDate()" classname="bitgo4j.transfer.common.HistoryTest" time="0.0"/>
  <testcase name="testSetUser()" classname="bitgo4j.transfer.common.HistoryTest" time="0.0"/>
  <system-out><![CDATA[]]></system-out>
  <system-err><![CDATA[]]></system-err>
</testsuite>
