<?xml version="1.0" encoding="UTF-8"?>
<testsuite name="bitgo4j.pendingapproval.common.InfoTest" tests="8" skipped="0" failures="0" errors="0" timestamp="2022-10-13T09:51:34" hostname="ishtos-MacBook-Pro.local" time="0.038">
  <properties/>
  <testcase name="testToString()" classname="bitgo4j.pendingapproval.common.InfoTest" time="0.035"/>
  <testcase name="testSetTransactionRequest()" classname="bitgo4j.pendingapproval.common.InfoTest" time="0.0"/>
  <testcase name="testSetPolicyRuleRequest()" classname="bitgo4j.pendingapproval.common.InfoTest" time="0.0"/>
  <testcase name="testSetTransactionRequestFull()" classname="bitgo4j.pendingapproval.common.InfoTest" time="0.001"/>
  <testcase name="testSetUpdateApprovalRequiredRequest()" classname="bitgo4j.pendingapproval.common.InfoTest" time="0.0"/>
  <testcase name="testSetUserChangeRequest()" classname="bitgo4j.pendingapproval.common.InfoTest" time="0.0"/>
  <testcase name="testSetEnterpriseModificationResponse()" classname="bitgo4j.pendingapproval.common.InfoTest" time="0.001"/>
  <testcase name="testSetType()" classname="bitgo4j.pendingapproval.common.InfoTest" time="0.0"/>
  <system-out><![CDATA[]]></system-out>
  <system-err><![CDATA[]]></system-err>
</testsuite>
