<?xml version="1.0" encoding="UTF-8"?>
<testsuite name="bitgo4j.address.common.AuxProofDataTest" tests="3" skipped="0" failures="0" errors="0" timestamp="2022-10-13T09:51:33" hostname="ishtos-MacBook-Pro.local" time="0.004">
  <properties/>
  <testcase name="testToString()" classname="bitgo4j.address.common.AuxProofDataTest" time="0.003"/>
  <testcase name="testSetData()" classname="bitgo4j.address.common.AuxProofDataTest" time="0.0"/>
  <testcase name="testSetType()" classname="bitgo4j.address.common.AuxProofDataTest" time="0.0"/>
  <system-out><![CDATA[]]></system-out>
  <system-err><![CDATA[]]></system-err>
</testsuite>
