<?xml version="1.0" encoding="UTF-8"?>
<testsuite name="bitgo4j.key.common.KeyShareTest" tests="5" skipped="0" failures="0" errors="0" timestamp="2022-10-13T09:51:33" hostname="ishtos-MacBook-Pro.local" time="0.0">
  <properties/>
  <testcase name="testSetTo()" classname="bitgo4j.key.common.KeyShareTest" time="0.0"/>
  <testcase name="testToString()" classname="bitgo4j.key.common.KeyShareTest" time="0.0"/>
  <testcase name="testSetPrivateShare()" classname="bitgo4j.key.common.KeyShareTest" time="0.0"/>
  <testcase name="testSetPublicShare()" classname="bitgo4j.key.common.KeyShareTest" time="0.0"/>
  <testcase name="testSetFrom()" classname="bitgo4j.key.common.KeyShareTest" time="0.0"/>
  <system-out><![CDATA[]]></system-out>
  <system-err><![CDATA[]]></system-err>
</testsuite>
