<?xml version="1.0" encoding="UTF-8"?>
<testsuite name="bitgo4j.enterprise.response.UserResponseTest" tests="12" skipped="0" failures="0" errors="0" timestamp="2022-10-13T09:51:31" hostname="ishtos-MacBook-Pro.local" time="0.005">
  <properties/>
  <testcase name="testSetWalletUserIds()" classname="bitgo4j.enterprise.response.UserResponseTest" time="0.001"/>
  <testcase name="testSetPendingApprovals()" classname="bitgo4j.enterprise.response.UserResponseTest" time="0.001"/>
  <testcase name="testSetId()" classname="bitgo4j.enterprise.response.UserResponseTest" time="0.0"/>
  <testcase name="testToString()" classname="bitgo4j.enterprise.response.UserResponseTest" time="0.0"/>
  <testcase name="testSetCreator()" classname="bitgo4j.enterprise.response.UserResponseTest" time="0.0"/>
  <testcase name="testSetCreateDate()" classname="bitgo4j.enterprise.response.UserResponseTest" time="0.0"/>
  <testcase name="testSetApprovalsRequired()" classname="bitgo4j.enterprise.response.UserResponseTest" time="0.001"/>
  <testcase name="testSetBitcoinAddress()" classname="bitgo4j.enterprise.response.UserResponseTest" time="0.0"/>
  <testcase name="testSetEnterprise()" classname="bitgo4j.enterprise.response.UserResponseTest" time="0.0"/>
  <testcase name="testSetInfo()" classname="bitgo4j.enterprise.response.UserResponseTest" time="0.001"/>
  <testcase name="testSetWalletId()" classname="bitgo4j.enterprise.response.UserResponseTest" time="0.0"/>
  <testcase name="testSetState()" classname="bitgo4j.enterprise.response.UserResponseTest" time="0.0"/>
  <system-out><![CDATA[]]></system-out>
  <system-err><![CDATA[]]></system-err>
</testsuite>
