<?xml version="1.0" encoding="UTF-8"?>
<testsuite name="bitgo4j.webhook.MockWebhookClientImplTest" tests="13" skipped="0" failures="0" errors="0" timestamp="2022-10-13T09:51:31" hostname="ishtos-MacBook-Pro.local" time="0.174">
  <properties/>
  <testcase name="simulateWalletWebhookTest_200()" classname="bitgo4j.webhook.MockWebhookClientImplTest" time="0.094"/>
  <testcase name="simulateWalletWebhookTest_400()" classname="bitgo4j.webhook.MockWebhookClientImplTest" time="0.007"/>
  <testcase name="simulateBlockWebhookTest_200()" classname="bitgo4j.webhook.MockWebhookClientImplTest" time="0.007"/>
  <testcase name="listWalletWebhooksTest_200()" classname="bitgo4j.webhook.MockWebhookClientImplTest" time="0.011"/>
  <testcase name="listWalletWebhooksTest_400()" classname="bitgo4j.webhook.MockWebhookClientImplTest" time="0.006"/>
  <testcase name="removeBlockWebhookTest_200()" classname="bitgo4j.webhook.MockWebhookClientImplTest" time="0.007"/>
  <testcase name="addBlockWebhookTest_200()" classname="bitgo4j.webhook.MockWebhookClientImplTest" time="0.008"/>
  <testcase name="addBlockWebhookTest_400()" classname="bitgo4j.webhook.MockWebhookClientImplTest" time="0.004"/>
  <testcase name="addWalletWebhookTest_200()" classname="bitgo4j.webhook.MockWebhookClientImplTest" time="0.007"/>
  <testcase name="addWalletWebhookTest_400()" classname="bitgo4j.webhook.MockWebhookClientImplTest" time="0.005"/>
  <testcase name="listBlockWebhooksTest_200()" classname="bitgo4j.webhook.MockWebhookClientImplTest" time="0.005"/>
  <testcase name="removeWalletWebhookTest_200()" classname="bitgo4j.webhook.MockWebhookClientImplTest" time="0.005"/>
  <testcase name="removeWalletWebhookTest_400()" classname="bitgo4j.webhook.MockWebhookClientImplTest" time="0.004"/>
  <system-out><![CDATA[]]></system-out>
  <system-err><![CDATA[java.io.FileNotFoundException: src/test/resources/local.properties (No such file or directory)
	at java.base/java.io.FileInputStream.open0(Native Method)
	at java.base/java.io.FileInputStream.open(FileInputStream.java:219)
	at java.base/java.io.FileInputStream.<init>(FileInputStream.java:157)
	at java.base/java.io.FileInputStream.<init>(FileInputStream.java:112)
	at bitgo4j.TestingUtils.getProperties(TestingUtils.java:14)
	at bitgo4j.webhook.MockWebhookClientImplTest.setUp(MockWebhookClientImplTest.java:37)
	at java.base/jdk.internal.reflect.NativeMethodAccessorImpl.invoke0(Native Method)
	at java.base/jdk.internal.reflect.NativeMethodAccessorImpl.invoke(NativeMethodAccessorImpl.java:62)
	at java.base/jdk.internal.reflect.DelegatingMethodAccessorImpl.invoke(DelegatingMethodAccessorImpl.java:43)
	at java.base/java.lang.reflect.Method.invoke(Method.java:566)
	at org.junit.platform.commons.util.ReflectionUtils.invokeMethod(ReflectionUtils.java:727)
	at org.junit.jupiter.engine.execution.MethodInvocation.proceed(MethodInvocation.java:60)
	at org.junit.jupiter.engine.execution.InvocationInterceptorChain$ValidatingInvocation.proceed(InvocationInterceptorChain.java:131)
	at org.junit.jupiter.engine.extension.TimeoutExtension.intercept(TimeoutExtension.java:156)
	at org.junit.jupiter.engine.extension.TimeoutExtension.interceptLifecycleMethod(TimeoutExtension.java:128)
	at org.junit.jupiter.engine.extension.TimeoutExtension.interceptBeforeAllMethod(TimeoutExtension.java:70)
	at org.junit.jupiter.engine.execution.InterceptingExecutableInvoker$ReflectiveInterceptorCall.lambda$ofVoidMethod$0(InterceptingExecutableInvoker.java:103)
	at org.junit.jupiter.engine.execution.InterceptingExecutableInvoker.lambda$invoke$0(InterceptingExecutableInvoker.java:93)
	at org.junit.jupiter.engine.execution.InvocationInterceptorChain$InterceptedInvocation.proceed(InvocationInterceptorChain.java:106)
	at org.junit.jupiter.engine.execution.InvocationInterceptorChain.proceed(InvocationInterceptorChain.java:64)
	at org.junit.jupiter.engine.execution.InvocationInterceptorChain.chainAndInvoke(InvocationInterceptorChain.java:45)
	at org.junit.jupiter.engine.execution.InvocationInterceptorChain.invoke(InvocationInterceptorChain.java:37)
	at org.junit.jupiter.engine.execution.InterceptingExecutableInvoker.invoke(InterceptingExecutableInvoker.java:92)
	at org.junit.jupiter.engine.execution.InterceptingExecutableInvoker.invoke(InterceptingExecutableInvoker.java:86)
	at org.junit.jupiter.engine.descriptor.ClassBasedTestDescriptor.lambda$invokeBeforeAllMethods$13(ClassBasedTestDescriptor.java:411)
	at org.junit.platform.engine.support.hierarchical.ThrowableCollector.execute(ThrowableCollector.java:73)
	at org.junit.jupiter.engine.descriptor.ClassBasedTestDescriptor.invokeBeforeAllMethods(ClassBasedTestDescriptor.java:409)
	at org.junit.jupiter.engine.descriptor.ClassBasedTestDescriptor.before(ClassBasedTestDescriptor.java:215)
	at org.junit.jupiter.engine.descriptor.ClassBasedTestDescriptor.before(ClassBasedTestDescriptor.java:84)
	at org.junit.platform.engine.support.hierarchical.NodeTestTask.lambda$executeRecursively$6(NodeTestTask.java:148)
	at org.junit.platform.engine.support.hierarchical.ThrowableCollector.execute(ThrowableCollector.java:73)
	at org.junit.platform.engine.support.hierarchical.NodeTestTask.lambda$executeRecursively$8(NodeTestTask.java:141)
	at org.junit.platform.engine.support.hierarchical.Node.around(Node.java:137)
	at org.junit.platform.engine.support.hierarchical.NodeTestTask.lambda$executeRecursively$9(NodeTestTask.java:139)
	at org.junit.platform.engine.support.hierarchical.ThrowableCollector.execute(ThrowableCollector.java:73)
	at org.junit.platform.engine.support.hierarchical.NodeTestTask.executeRecursively(NodeTestTask.java:138)
	at org.junit.platform.engine.support.hierarchical.NodeTestTask.execute(NodeTestTask.java:95)
	at java.base/java.util.ArrayList.forEach(ArrayList.java:1541)
	at org.junit.platform.engine.support.hierarchical.SameThreadHierarchicalTestExecutorService.invokeAll(SameThreadHierarchicalTestExecutorService.java:41)
	at org.junit.platform.engine.support.hierarchical.NodeTestTask.lambda$executeRecursively$6(NodeTestTask.java:155)
	at org.junit.platform.engine.support.hierarchical.ThrowableCollector.execute(ThrowableCollector.java:73)
	at org.junit.platform.engine.support.hierarchical.NodeTestTask.lambda$executeRecursively$8(NodeTestTask.java:141)
	at org.junit.platform.engine.support.hierarchical.Node.around(Node.java:137)
	at org.junit.platform.engine.support.hierarchical.NodeTestTask.lambda$executeRecursively$9(NodeTestTask.java:139)
	at org.junit.platform.engine.support.hierarchical.ThrowableCollector.execute(ThrowableCollector.java:73)
	at org.junit.platform.engine.support.hierarchical.NodeTestTask.executeRecursively(NodeTestTask.java:138)
	at org.junit.platform.engine.support.hierarchical.NodeTestTask.execute(NodeTestTask.java:95)
	at org.junit.platform.engine.support.hierarchical.SameThreadHierarchicalTestExecutorService.submit(SameThreadHierarchicalTestExecutorService.java:35)
	at org.junit.platform.engine.support.hierarchical.HierarchicalTestExecutor.execute(HierarchicalTestExecutor.java:57)
	at org.junit.platform.engine.support.hierarchical.HierarchicalTestEngine.execute(HierarchicalTestEngine.java:54)
	at org.junit.platform.launcher.core.DefaultLauncher.execute(DefaultLauncher.java:248)
	at org.junit.platform.launcher.core.DefaultLauncher.lambda$execute$5(DefaultLauncher.java:211)
	at org.junit.platform.launcher.core.DefaultLauncher.withInterceptedStreams(DefaultLauncher.java:226)
	at org.junit.platform.launcher.core.DefaultLauncher.execute(DefaultLauncher.java:199)
	at org.junit.platform.launcher.core.DefaultLauncher.execute(DefaultLauncher.java:132)
	at org.gradle.api.internal.tasks.testing.junitplatform.JUnitPlatformTestClassProcessor$CollectAllTestClassesExecutor.processAllTestClasses(JUnitPlatformTestClassProcessor.java:99)
	at org.gradle.api.internal.tasks.testing.junitplatform.JUnitPlatformTestClassProcessor$CollectAllTestClassesExecutor.access$000(JUnitPlatformTestClassProcessor.java:79)
	at org.gradle.api.internal.tasks.testing.junitplatform.JUnitPlatformTestClassProcessor.stop(JUnitPlatformTestClassProcessor.java:75)
	at org.gradle.api.internal.tasks.testing.SuiteTestClassProcessor.stop(SuiteTestClassProcessor.java:61)
	at java.base/jdk.internal.reflect.NativeMethodAccessorImpl.invoke0(Native Method)
	at java.base/jdk.internal.reflect.NativeMethodAccessorImpl.invoke(NativeMethodAccessorImpl.java:62)
	at java.base/jdk.internal.reflect.DelegatingMethodAccessorImpl.invoke(DelegatingMethodAccessorImpl.java:43)
	at java.base/java.lang.reflect.Method.invoke(Method.java:566)
	at org.gradle.internal.dispatch.ReflectionDispatch.dispatch(ReflectionDispatch.java:36)
	at org.gradle.internal.dispatch.ReflectionDispatch.dispatch(ReflectionDispatch.java:24)
	at org.gradle.internal.dispatch.ContextClassLoaderDispatch.dispatch(ContextClassLoaderDispatch.java:33)
	at org.gradle.internal.dispatch.ProxyDispatchAdapter$DispatchingInvocationHandler.invoke(ProxyDispatchAdapter.java:94)
	at com.sun.proxy.$Proxy2.stop(Unknown Source)
	at org.gradle.api.internal.tasks.testing.worker.TestWorker.stop(TestWorker.java:133)
	at java.base/jdk.internal.reflect.NativeMethodAccessorImpl.invoke0(Native Method)
	at java.base/jdk.internal.reflect.NativeMethodAccessorImpl.invoke(NativeMethodAccessorImpl.java:62)
	at java.base/jdk.internal.reflect.DelegatingMethodAccessorImpl.invoke(DelegatingMethodAccessorImpl.java:43)
	at java.base/java.lang.reflect.Method.invoke(Method.java:566)
	at org.gradle.internal.dispatch.ReflectionDispatch.dispatch(ReflectionDispatch.java:36)
	at org.gradle.internal.dispatch.ReflectionDispatch.dispatch(ReflectionDispatch.java:24)
	at org.gradle.internal.remote.internal.hub.MessageHubBackedObjectConnection$DispatchWrapper.dispatch(MessageHubBackedObjectConnection.java:182)
	at org.gradle.internal.remote.internal.hub.MessageHubBackedObjectConnection$DispatchWrapper.dispatch(MessageHubBackedObjectConnection.java:164)
	at org.gradle.internal.remote.internal.hub.MessageHub$Handler.run(MessageHub.java:414)
	at org.gradle.internal.concurrent.ExecutorPolicy$CatchAndRecordFailures.onExecute(ExecutorPolicy.java:64)
	at org.gradle.internal.concurrent.ManagedExecutorImpl$1.run(ManagedExecutorImpl.java:48)
	at java.base/java.util.concurrent.ThreadPoolExecutor.runWorker(ThreadPoolExecutor.java:1128)
	at java.base/java.util.concurrent.ThreadPoolExecutor$Worker.run(ThreadPoolExecutor.java:628)
	at org.gradle.internal.concurrent.ThreadFactoryImpl$ManagedThreadRunnable.run(ThreadFactoryImpl.java:56)
	at java.base/java.lang.Thread.run(Thread.java:829)
10月 13, 2022 6:51:31 午後 okhttp3.internal.platform.Platform log
情報: --> POST http://localhost:4040/api/v2/g4z19yr5evgo7e/wallet/1e00a4d14c721204461ad11c1f595837/webhooks/c63040a33cebaad210938b0acd9e0406/simulate (2-byte body)
10月 13, 2022 6:51:31 午後 okhttp3.internal.platform.Platform log
情報: <-- 200 OK http://localhost:4040/api/v2/g4z19yr5evgo7e/wallet/1e00a4d14c721204461ad11c1f595837/webhooks/c63040a33cebaad210938b0acd9e0406/simulate (34ms, unknown-length body)
10月 13, 2022 6:51:31 午後 okhttp3.internal.platform.Platform log
情報: --> POST http://localhost:4040/api/v2/hx1shodjlap1sx30u6uetqg6lj7xw9knogi93g9eaonffoh4g6nh99t11lp3im2jbro76bbn3sbmoox8ttrmjwhi9z0gechcuzzx5srb6opv1fngbeueskp77zitapggkafc470qp6g0g1pgvx013p8x8js1dbgtzic3savd1pigt344gbxl0ank363c3ylwhuiu/wallet/1ede0aa761dda7bd27c4a2707b439f81/webhooks/c582d8724d65af107b707001100d733c/simulate (2-byte body)
10月 13, 2022 6:51:31 午後 okhttp3.internal.platform.Platform log
情報: <-- 400 Bad Request http://localhost:4040/api/v2/hx1shodjlap1sx30u6uetqg6lj7xw9knogi93g9eaonffoh4g6nh99t11lp3im2jbro76bbn3sbmoox8ttrmjwhi9z0gechcuzzx5srb6opv1fngbeueskp77zitapggkafc470qp6g0g1pgvx013p8x8js1dbgtzic3savd1pigt344gbxl0ank363c3ylwhuiu/wallet/1ede0aa761dda7bd27c4a2707b439f81/webhooks/c582d8724d65af107b707001100d733c/simulate (3ms, unknown-length body)
10月 13, 2022 6:51:31 午後 okhttp3.internal.platform.Platform log
情報: --> POST http://localhost:4040/api/v2/mu5aq90rvtjl5mzpld8qjojaz9ps6mnmwukrnxa2klxp9lls7rvapm3jmwtlxo68zobc76uxqopzk4jqgl45n88ignlp1fc26f32pxpyh0lan8lhmy7yud2oaeg4wznjye3fylb397k7qwae39x2iylt21uf831h1rbd13o534bgkmckis1/webhooks/d58c2b9c94cc672275d3e0e81a841395/simulate (2-byte body)
10月 13, 2022 6:51:31 午後 okhttp3.internal.platform.Platform log
情報: <-- 200 OK http://localhost:4040/api/v2/mu5aq90rvtjl5mzpld8qjojaz9ps6mnmwukrnxa2klxp9lls7rvapm3jmwtlxo68zobc76uxqopzk4jqgl45n88ignlp1fc26f32pxpyh0lan8lhmy7yud2oaeg4wznjye3fylb397k7qwae39x2iylt21uf831h1rbd13o534bgkmckis1/webhooks/d58c2b9c94cc672275d3e0e81a841395/simulate (2ms, unknown-length body)
10月 13, 2022 6:51:31 午後 okhttp3.internal.platform.Platform log
情報: --> GET http://localhost:4040/api/v2/zteqqwgzgzibi6nme9bynio8vc9b3fmoivvd8sucmlojne88xcl3qfltvfe28f8by0md/wallet/ead984639a209e6b85ce69711faef0e2/webhooks
10月 13, 2022 6:51:31 午後 okhttp3.internal.platform.Platform log
情報: <-- 200 OK http://localhost:4040/api/v2/zteqqwgzgzibi6nme9bynio8vc9b3fmoivvd8sucmlojne88xcl3qfltvfe28f8by0md/wallet/ead984639a209e6b85ce69711faef0e2/webhooks (3ms, unknown-length body)
10月 13, 2022 6:51:31 午後 okhttp3.internal.platform.Platform log
情報: --> GET http://localhost:4040/api/v2/83dlywk60iojeuabsh5oilwhhot1gj90q6ygb3ee74hwkrn4fx1rkelv05tiko4haz9ao37vj16439ij85cuqquh6kmegx53tg6vqwdqgu8ogitkrafy6mriz88vryz91rpv5mma27en7k20cci7hw827uyyzzh3hc8alq802fazfx3y06kwvieqna986t1y942c6r5f/wallet/5f70e1296501bff2695e26d6fe6f4ce5/webhooks
10月 13, 2022 6:51:31 午後 okhttp3.internal.platform.Platform log
情報: <-- 400 Bad Request http://localhost:4040/api/v2/83dlywk60iojeuabsh5oilwhhot1gj90q6ygb3ee74hwkrn4fx1rkelv05tiko4haz9ao37vj16439ij85cuqquh6kmegx53tg6vqwdqgu8ogitkrafy6mriz88vryz91rpv5mma27en7k20cci7hw827uyyzzh3hc8alq802fazfx3y06kwvieqna986t1y942c6r5f/wallet/5f70e1296501bff2695e26d6fe6f4ce5/webhooks (2ms, unknown-length body)
10月 13, 2022 6:51:31 午後 okhttp3.internal.platform.Platform log
情報: --> DELETE http://localhost:4040/api/v2/fhvrw77uih44fmaaapsr2ytbemz5lbgjjiwprmbjji53ak030h21dtg103i4emgi4y3yeq6bqk83d47gdnqz/webhooks (2-byte body)
10月 13, 2022 6:51:31 午後 okhttp3.internal.platform.Platform log
情報: <-- 200 OK http://localhost:4040/api/v2/fhvrw77uih44fmaaapsr2ytbemz5lbgjjiwprmbjji53ak030h21dtg103i4emgi4y3yeq6bqk83d47gdnqz/webhooks (2ms, unknown-length body)
10月 13, 2022 6:51:31 午後 okhttp3.internal.platform.Platform log
情報: --> POST http://localhost:4040/api/v2/voh18eqh7263jx501z0dg75vy6efvsz8f41fxafl749lab8xaoxf4vq3key8h4usgucuobd4wo8poadpz00z7l2phslkrrdy9ik5g/webhooks (2-byte body)
10月 13, 2022 6:51:31 午後 okhttp3.internal.platform.Platform log
情報: <-- 200 OK http://localhost:4040/api/v2/voh18eqh7263jx501z0dg75vy6efvsz8f41fxafl749lab8xaoxf4vq3key8h4usgucuobd4wo8poadpz00z7l2phslkrrdy9ik5g/webhooks (2ms, unknown-length body)
10月 13, 2022 6:51:31 午後 okhttp3.internal.platform.Platform log
情報: --> POST http://localhost:4040/api/v2/ny8q3juqhgyzx6u7lx5561qolcn9bqfmuyja6745d3lyo3jkqmh8i55mx1575dojmj1tcczbi4ewqsyxp0d1mds1b4b2ldmuiqdrggqgv0u20d27a96q76525jzoqvagtnz8ev2/webhooks (2-byte body)
10月 13, 2022 6:51:31 午後 okhttp3.internal.platform.Platform log
情報: <-- 400 Bad Request http://localhost:4040/api/v2/ny8q3juqhgyzx6u7lx5561qolcn9bqfmuyja6745d3lyo3jkqmh8i55mx1575dojmj1tcczbi4ewqsyxp0d1mds1b4b2ldmuiqdrggqgv0u20d27a96q76525jzoqvagtnz8ev2/webhooks (2ms, unknown-length body)
10月 13, 2022 6:51:31 午後 okhttp3.internal.platform.Platform log
情報: --> POST http://localhost:4040/api/v2/gn4nli6qa4womx4m5tu8dataspdosu51wlzxh934yoxb4ystlzbf7sulaqrl3e2z10oafzs5yfhv9qgljlx7m6d2enm8/wallet/2d6142f170f9aa821897d0540afbc886/webhooks (2-byte body)
10月 13, 2022 6:51:31 午後 okhttp3.internal.platform.Platform log
情報: <-- 200 OK http://localhost:4040/api/v2/gn4nli6qa4womx4m5tu8dataspdosu51wlzxh934yoxb4ystlzbf7sulaqrl3e2z10oafzs5yfhv9qgljlx7m6d2enm8/wallet/2d6142f170f9aa821897d0540afbc886/webhooks (2ms, unknown-length body)
10月 13, 2022 6:51:31 午後 okhttp3.internal.platform.Platform log
情報: --> POST http://localhost:4040/api/v2/si7xp2r7yaogjq7bfd3tb0ju3eh0r5jqjerbt3m2x0lpzw3b21jrpmitmu/wallet/147c598238f78c9f1b1091ddcdc58bd8/webhooks (2-byte body)
10月 13, 2022 6:51:31 午後 okhttp3.internal.platform.Platform log
情報: <-- 400 Bad Request http://localhost:4040/api/v2/si7xp2r7yaogjq7bfd3tb0ju3eh0r5jqjerbt3m2x0lpzw3b21jrpmitmu/wallet/147c598238f78c9f1b1091ddcdc58bd8/webhooks (2ms, unknown-length body)
10月 13, 2022 6:51:31 午後 okhttp3.internal.platform.Platform log
情報: --> GET http://localhost:4040/api/v2/l5cnpnrzfakkol6wm71twdg7u18o84ee99w77fmohxgkui4hxwuh6une1lj0p7b1o3gfxheu7zsp679n9g03fvh5m1dcy68waii5aqbel7o1lmwo1bz5v8bf5ikk3b6nar7rn0ajim8qdht36arpnhc4l8q3c1w7p5fip9uaybg5kj1kcd0o5aghvah7hban/webhooks
10月 13, 2022 6:51:31 午後 okhttp3.internal.platform.Platform log
情報: <-- 200 OK http://localhost:4040/api/v2/l5cnpnrzfakkol6wm71twdg7u18o84ee99w77fmohxgkui4hxwuh6une1lj0p7b1o3gfxheu7zsp679n9g03fvh5m1dcy68waii5aqbel7o1lmwo1bz5v8bf5ikk3b6nar7rn0ajim8qdht36arpnhc4l8q3c1w7p5fip9uaybg5kj1kcd0o5aghvah7hban/webhooks (2ms, unknown-length body)
10月 13, 2022 6:51:31 午後 okhttp3.internal.platform.Platform log
情報: --> DELETE http://localhost:4040/api/v2/ywlklcmm6hh9szrda0qig8zmkjm6f3vxfcug6pawxa6w69okki/wallet/35e9982a964849d6085b1a16d81e2d3f/webhooks (2-byte body)
10月 13, 2022 6:51:31 午後 okhttp3.internal.platform.Platform log
情報: <-- 200 OK http://localhost:4040/api/v2/ywlklcmm6hh9szrda0qig8zmkjm6f3vxfcug6pawxa6w69okki/wallet/35e9982a964849d6085b1a16d81e2d3f/webhooks (1ms, unknown-length body)
10月 13, 2022 6:51:31 午後 okhttp3.internal.platform.Platform log
情報: --> DELETE http://localhost:4040/api/v2/emxrhuz1g1tddg3lsmbmcsicl5ylsv1yjh6znuv2qzqkn1us2mf966rn1271acd6menl52dg5fhmek0xct642yrss7kezl99lt9mn386l3untj37wknyr01vdxpbat97v1nw1cc8cw3qa8xumjv1esj9s4dmoglspjxwno8m8dzlnmhfopa3vz0q5jpylql/wallet/1f467cb34ae5ec49fc134f65cef40225/webhooks (2-byte body)
10月 13, 2022 6:51:31 午後 okhttp3.internal.platform.Platform log
情報: <-- 400 Bad Request http://localhost:4040/api/v2/emxrhuz1g1tddg3lsmbmcsicl5ylsv1yjh6znuv2qzqkn1us2mf966rn1271acd6menl52dg5fhmek0xct642yrss7kezl99lt9mn386l3untj37wknyr01vdxpbat97v1nw1cc8cw3qa8xumjv1esj9s4dmoglspjxwno8m8dzlnmhfopa3vz0q5jpylql/wallet/1f467cb34ae5ec49fc134f65cef40225/webhooks (1ms, unknown-length body)
]]></system-err>
</testsuite>
