<?xml version="1.0" encoding="UTF-8"?>
<testsuite name="bitgo4j.express.common.SigningPolicyUpdateRequestTest" tests="3" skipped="0" failures="0" errors="0" timestamp="2022-10-13T09:51:32" hostname="ishtos-MacBook-Pro.local" time="0.009">
  <properties/>
  <testcase name="testToString()" classname="bitgo4j.express.common.SigningPolicyUpdateRequestTest" time="0.008"/>
  <testcase name="testSetGatheredSignatures()" classname="bitgo4j.express.common.SigningPolicyUpdateRequestTest" time="0.001"/>
  <testcase name="testSetNewPolicy()" classname="bitgo4j.express.common.SigningPolicyUpdateRequestTest" time="0.0"/>
  <system-out><![CDATA[]]></system-out>
  <system-err><![CDATA[]]></system-err>
</testsuite>
