<?xml version="1.0" encoding="UTF-8"?>
<testsuite name="bitgo4j.webhook.request.SimulateWalletWebhookRequestTest" tests="3" skipped="0" failures="0" errors="0" timestamp="2022-10-13T09:51:31" hostname="ishtos-MacBook-Pro.local" time="0.001">
  <properties/>
  <testcase name="testSetPendingApprovalId()" classname="bitgo4j.webhook.request.SimulateWalletWebhookRequestTest" time="0.0"/>
  <testcase name="testToString()" classname="bitgo4j.webhook.request.SimulateWalletWebhookRequestTest" time="0.001"/>
  <testcase name="testSetTransferId()" classname="bitgo4j.webhook.request.SimulateWalletWebhookRequestTest" time="0.0"/>
  <system-out><![CDATA[]]></system-out>
  <system-err><![CDATA[]]></system-err>
</testsuite>
