<?xml version="1.0" encoding="UTF-8"?>
<testsuite name="bitgo4j.enterprise.response.EnterpriseWalletLimitResponseTest" tests="5" skipped="0" failures="0" errors="0" timestamp="2022-10-13T09:51:31" hostname="ishtos-MacBook-Pro.local" time="0.001">
  <properties/>
  <testcase name="testToString()" classname="bitgo4j.enterprise.response.EnterpriseWalletLimitResponseTest" time="0.0"/>
  <testcase name="testSetIsCustodial()" classname="bitgo4j.enterprise.response.EnterpriseWalletLimitResponseTest" time="0.0"/>
  <testcase name="testSetCoin()" classname="bitgo4j.enterprise.response.EnterpriseWalletLimitResponseTest" time="0.0"/>
  <testcase name="testSetCount()" classname="bitgo4j.enterprise.response.EnterpriseWalletLimitResponseTest" time="0.0"/>
  <testcase name="testSetLimit()" classname="bitgo4j.enterprise.response.EnterpriseWalletLimitResponseTest" time="0.0"/>
  <system-out><![CDATA[]]></system-out>
  <system-err><![CDATA[]]></system-err>
</testsuite>
