<?xml version="1.0" encoding="UTF-8"?>
<testsuite name="bitgo4j.express.common.TxInfoRequestTest" tests="10" skipped="1" failures="0" errors="0" timestamp="2022-10-13T09:51:32" hostname="ishtos-MacBook-Pro.local" time="0.014">
  <properties/>
  <testcase name="testSetOperations()" classname="bitgo4j.express.common.TxInfoRequestTest" time="0.012"/>
  <testcase name="testSetSequence()" classname="bitgo4j.express.common.TxInfoRequestTest" time="0.0"/>
  <testcase name="testSetWalletAddressDetails()" classname="bitgo4j.express.common.TxInfoRequestTest" time="0.0"/>
  <testcase name="testToString()" classname="bitgo4j.express.common.TxInfoRequestTest" time="0.0">
    <skipped/>
  </testcase>
  <testcase name="testSetChangeAddresses()" classname="bitgo4j.express.common.TxInfoRequestTest" time="0.0"/>
  <testcase name="testSetNOutputs()" classname="bitgo4j.express.common.TxInfoRequestTest" time="0.0"/>
  <testcase name="testSetSource()" classname="bitgo4j.express.common.TxInfoRequestTest" time="0.0"/>
  <testcase name="testSetUnspents()" classname="bitgo4j.express.common.TxInfoRequestTest" time="0.001"/>
  <testcase name="testSetFee()" classname="bitgo4j.express.common.TxInfoRequestTest" time="0.0"/>
  <testcase name="testSetNP2SHInputs()" classname="bitgo4j.express.common.TxInfoRequestTest" time="0.0"/>
  <system-out><![CDATA[]]></system-out>
  <system-err><![CDATA[]]></system-err>
</testsuite>
