<?xml version="1.0" encoding="UTF-8"?>
<testsuite name="bitgo4j.key.response.KeyResponseTest" tests="10" skipped="0" failures="0" errors="0" timestamp="2022-10-13T09:51:33" hostname="ishtos-MacBook-Pro.local" time="0.001">
  <properties/>
  <testcase name="testSetId()" classname="bitgo4j.key.response.KeyResponseTest" time="0.0"/>
  <testcase name="testToString()" classname="bitgo4j.key.response.KeyResponseTest" time="0.0"/>
  <testcase name="testSetIsBitGo()" classname="bitgo4j.key.response.KeyResponseTest" time="0.0"/>
  <testcase name="testSetEncryptedPrv()" classname="bitgo4j.key.response.KeyResponseTest" time="0.0"/>
  <testcase name="testSetCommonPub()" classname="bitgo4j.key.response.KeyResponseTest" time="0.0"/>
  <testcase name="testSetSource()" classname="bitgo4j.key.response.KeyResponseTest" time="0.0"/>
  <testcase name="testSetType()" classname="bitgo4j.key.response.KeyResponseTest" time="0.0"/>
  <testcase name="testSetCommonKeyChain()" classname="bitgo4j.key.response.KeyResponseTest" time="0.0"/>
  <testcase name="testSetPub()" classname="bitgo4j.key.response.KeyResponseTest" time="0.001"/>
  <testcase name="testSetEthAddress()" classname="bitgo4j.key.response.KeyResponseTest" time="0.0"/>
  <system-out><![CDATA[]]></system-out>
  <system-err><![CDATA[]]></system-err>
</testsuite>
