<?xml version="1.0" encoding="UTF-8"?>
<testsuite name="bitgo4j.wallet.common.AdminTest" tests="2" skipped="0" failures="0" errors="0" timestamp="2022-10-13T09:51:33" hostname="ishtos-MacBook-Pro.local" time="0.009">
  <properties/>
  <testcase name="testToString()" classname="bitgo4j.wallet.common.AdminTest" time="0.008"/>
  <testcase name="testSetPolicy()" classname="bitgo4j.wallet.common.AdminTest" time="0.001"/>
  <system-out><![CDATA[]]></system-out>
  <system-err><![CDATA[]]></system-err>
</testsuite>
