<?xml version="1.0" encoding="UTF-8"?>
<testsuite name="bitgo4j.express.ExpressClientImplTest" tests="21" skipped="21" failures="0" errors="0" timestamp="2022-10-13T09:51:32" hostname="ishtos-MacBook-Pro.local" time="0.0">
  <properties/>
  <testcase name="generateWalletTest()" classname="bitgo4j.express.ExpressClientImplTest" time="0.0">
    <skipped/>
  </testcase>
  <testcase name="verifyAddressTest()" classname="bitgo4j.express.ExpressClientImplTest" time="0.0">
    <skipped/>
  </testcase>
  <testcase name="loginTest()" classname="bitgo4j.express.ExpressClientImplTest" time="0.0">
    <skipped/>
  </testcase>
  <testcase name="consolidateUnspentsThrowExceptionTest()" classname="bitgo4j.express.ExpressClientImplTest" time="0.0">
    <skipped/>
  </testcase>
  <testcase name="signTransactionThrowExceptionTest()" classname="bitgo4j.express.ExpressClientImplTest" time="0.0">
    <skipped/>
  </testcase>
  <testcase name="createAddressTest()" classname="bitgo4j.express.ExpressClientImplTest" time="0.0">
    <skipped/>
  </testcase>
  <testcase name="accelerateTransactionThrowExceptionTest()" classname="bitgo4j.express.ExpressClientImplTest" time="0.0">
    <skipped/>
  </testcase>
  <testcase name="resolvePendingApprovalThrowExceptionTest()" classname="bitgo4j.express.ExpressClientImplTest" time="0.0">
    <skipped/>
  </testcase>
  <testcase name="encryptAndDecryptMessageTest()" classname="bitgo4j.express.ExpressClientImplTest" time="0.0">
    <skipped/>
  </testcase>
  <testcase name="pingTest()" classname="bitgo4j.express.ExpressClientImplTest" time="0.0">
    <skipped/>
  </testcase>
  <testcase name="sweepFundsThrowExceptionTest()" classname="bitgo4j.express.ExpressClientImplTest" time="0.0">
    <skipped/>
  </testcase>
  <testcase name="sendToManyThrowExceptionTest()" classname="bitgo4j.express.ExpressClientImplTest" time="0.0">
    <skipped/>
  </testcase>
  <testcase name="acceptWalletThrowExceptionTest()" classname="bitgo4j.express.ExpressClientImplTest" time="0.0">
    <skipped/>
  </testcase>
  <testcase name="consolidateAccountThrowExceptionTest()" classname="bitgo4j.express.ExpressClientImplTest" time="0.0">
    <skipped/>
  </testcase>
  <testcase name="canonicalizeAddressThrowExceptionTest()" classname="bitgo4j.express.ExpressClientImplTest" time="0.0">
    <skipped/>
  </testcase>
  <testcase name="fanOutUnspentsThrowExceptionTest()" classname="bitgo4j.express.ExpressClientImplTest" time="0.0">
    <skipped/>
  </testcase>
  <testcase name="sendTransactionThrowExceptionTest()" classname="bitgo4j.express.ExpressClientImplTest" time="0.0">
    <skipped/>
  </testcase>
  <testcase name="createKeyTest()" classname="bitgo4j.express.ExpressClientImplTest" time="0.0">
    <skipped/>
  </testcase>
  <testcase name="shareWalletThrowExceptionTest()" classname="bitgo4j.express.ExpressClientImplTest" time="0.0">
    <skipped/>
  </testcase>
  <testcase name="recoverTokenThrowExceptionTest()" classname="bitgo4j.express.ExpressClientImplTest" time="0.0">
    <skipped/>
  </testcase>
  <testcase name="calculateMiningFeeThrowExceptionTest()" classname="bitgo4j.express.ExpressClientImplTest" time="0.0">
    <skipped/>
  </testcase>
  <system-out><![CDATA[]]></system-out>
  <system-err><![CDATA[]]></system-err>
</testsuite>
