<?xml version="1.0" encoding="UTF-8"?>
<testsuite name="bitgo4j.express.common.NewPolicyTest" tests="6" skipped="0" failures="0" errors="0" timestamp="2022-10-13T09:51:32" hostname="ishtos-MacBook-Pro.local" time="0.008">
  <properties/>
  <testcase name="testSetLastUpdated()" classname="bitgo4j.express.common.NewPolicyTest" time="0.006"/>
  <testcase name="testSetVersion()" classname="bitgo4j.express.common.NewPolicyTest" time="0.0"/>
  <testcase name="testSetUpdateRequirement()" classname="bitgo4j.express.common.NewPolicyTest" time="0.0"/>
  <testcase name="testToString()" classname="bitgo4j.express.common.NewPolicyTest" time="0.0"/>
  <testcase name="testSetSigningRequirement()" classname="bitgo4j.express.common.NewPolicyTest" time="0.0"/>
  <testcase name="testSetKeyId()" classname="bitgo4j.express.common.NewPolicyTest" time="0.0"/>
  <system-out><![CDATA[]]></system-out>
  <system-err><![CDATA[]]></system-err>
</testsuite>
