<?xml version="1.0" encoding="UTF-8"?>
<testsuite name="bitgo4j.address.MockAddressClientImplTest" tests="15" skipped="1" failures="0" errors="0" timestamp="2022-10-13T09:51:33" hostname="ishtos-MacBook-Pro.local" time="0.052">
  <properties/>
  <testcase name="getProofTest_200()" classname="bitgo4j.address.MockAddressClientImplTest" time="0.005"/>
  <testcase name="getProofTest_400()" classname="bitgo4j.address.MockAddressClientImplTest" time="0.003"/>
  <testcase name="updateTest_200()" classname="bitgo4j.address.MockAddressClientImplTest" time="0.005"/>
  <testcase name="updateTest_400()" classname="bitgo4j.address.MockAddressClientImplTest" time="0.003"/>
  <testcase name="createTest_200()" classname="bitgo4j.address.MockAddressClientImplTest" time="0.004"/>
  <testcase name="createTest_400()" classname="bitgo4j.address.MockAddressClientImplTest" time="0.002"/>
  <testcase name="listTest_200()" classname="bitgo4j.address.MockAddressClientImplTest" time="0.005"/>
  <testcase name="listTest_202()" classname="bitgo4j.address.MockAddressClientImplTest" time="0.0">
    <skipped/>
  </testcase>
  <testcase name="listTest_404()" classname="bitgo4j.address.MockAddressClientImplTest" time="0.003"/>
  <testcase name="getTest_200()" classname="bitgo4j.address.MockAddressClientImplTest" time="0.003"/>
  <testcase name="getTest_400()" classname="bitgo4j.address.MockAddressClientImplTest" time="0.004"/>
  <testcase name="deployTest_200()" classname="bitgo4j.address.MockAddressClientImplTest" time="0.005"/>
  <testcase name="deployTest_400()" classname="bitgo4j.address.MockAddressClientImplTest" time="0.003"/>
  <testcase name="forwardTest_200()" classname="bitgo4j.address.MockAddressClientImplTest" time="0.004"/>
  <testcase name="forwardTest_400()" classname="bitgo4j.address.MockAddressClientImplTest" time="0.003"/>
  <system-out><![CDATA[]]></system-out>
  <system-err><![CDATA[java.io.FileNotFoundException: src/test/resources/local.properties (No such file or directory)
	at java.base/java.io.FileInputStream.open0(Native Method)
	at java.base/java.io.FileInputStream.open(FileInputStream.java:219)
	at java.base/java.io.FileInputStream.<init>(FileInputStream.java:157)
	at java.base/java.io.FileInputStream.<init>(FileInputStream.java:112)
	at bitgo4j.TestingUtils.getProperties(TestingUtils.java:14)
	at bitgo4j.address.MockAddressClientImplTest.setUp(MockAddressClientImplTest.java:36)
	at java.base/jdk.internal.reflect.NativeMethodAccessorImpl.invoke0(Native Method)
	at java.base/jdk.internal.reflect.NativeMethodAccessorImpl.invoke(NativeMethodAccessorImpl.java:62)
	at java.base/jdk.internal.reflect.DelegatingMethodAccessorImpl.invoke(DelegatingMethodAccessorImpl.java:43)
	at java.base/java.lang.reflect.Method.invoke(Method.java:566)
	at org.junit.platform.commons.util.ReflectionUtils.invokeMethod(ReflectionUtils.java:727)
	at org.junit.jupiter.engine.execution.MethodInvocation.proceed(MethodInvocation.java:60)
	at org.junit.jupiter.engine.execution.InvocationInterceptorChain$ValidatingInvocation.proceed(InvocationInterceptorChain.java:131)
	at org.junit.jupiter.engine.extension.TimeoutExtension.intercept(TimeoutExtension.java:156)
	at org.junit.jupiter.engine.extension.TimeoutExtension.interceptLifecycleMethod(TimeoutExtension.java:128)
	at org.junit.jupiter.engine.extension.TimeoutExtension.interceptBeforeAllMethod(TimeoutExtension.java:70)
	at org.junit.jupiter.engine.execution.InterceptingExecutableInvoker$ReflectiveInterceptorCall.lambda$ofVoidMethod$0(InterceptingExecutableInvoker.java:103)
	at org.junit.jupiter.engine.execution.InterceptingExecutableInvoker.lambda$invoke$0(InterceptingExecutableInvoker.java:93)
	at org.junit.jupiter.engine.execution.InvocationInterceptorChain$InterceptedInvocation.proceed(InvocationInterceptorChain.java:106)
	at org.junit.jupiter.engine.execution.InvocationInterceptorChain.proceed(InvocationInterceptorChain.java:64)
	at org.junit.jupiter.engine.execution.InvocationInterceptorChain.chainAndInvoke(InvocationInterceptorChain.java:45)
	at org.junit.jupiter.engine.execution.InvocationInterceptorChain.invoke(InvocationInterceptorChain.java:37)
	at org.junit.jupiter.engine.execution.InterceptingExecutableInvoker.invoke(InterceptingExecutableInvoker.java:92)
	at org.junit.jupiter.engine.execution.InterceptingExecutableInvoker.invoke(InterceptingExecutableInvoker.java:86)
	at org.junit.jupiter.engine.descriptor.ClassBasedTestDescriptor.lambda$invokeBeforeAllMethods$13(ClassBasedTestDescriptor.java:411)
	at org.junit.platform.engine.support.hierarchical.ThrowableCollector.execute(ThrowableCollector.java:73)
	at org.junit.jupiter.engine.descriptor.ClassBasedTestDescriptor.invokeBeforeAllMethods(ClassBasedTestDescriptor.java:409)
	at org.junit.jupiter.engine.descriptor.ClassBasedTestDescriptor.before(ClassBasedTestDescriptor.java:215)
	at org.junit.jupiter.engine.descriptor.ClassBasedTestDescriptor.before(ClassBasedTestDescriptor.java:84)
	at org.junit.platform.engine.support.hierarchical.NodeTestTask.lambda$executeRecursively$6(NodeTestTask.java:148)
	at org.junit.platform.engine.support.hierarchical.ThrowableCollector.execute(ThrowableCollector.java:73)
	at org.junit.platform.engine.support.hierarchical.NodeTestTask.lambda$executeRecursively$8(NodeTestTask.java:141)
	at org.junit.platform.engine.support.hierarchical.Node.around(Node.java:137)
	at org.junit.platform.engine.support.hierarchical.NodeTestTask.lambda$executeRecursively$9(NodeTestTask.java:139)
	at org.junit.platform.engine.support.hierarchical.ThrowableCollector.execute(ThrowableCollector.java:73)
	at org.junit.platform.engine.support.hierarchical.NodeTestTask.executeRecursively(NodeTestTask.java:138)
	at org.junit.platform.engine.support.hierarchical.NodeTestTask.execute(NodeTestTask.java:95)
	at java.base/java.util.ArrayList.forEach(ArrayList.java:1541)
	at org.junit.platform.engine.support.hierarchical.SameThreadHierarchicalTestExecutorService.invokeAll(SameThreadHierarchicalTestExecutorService.java:41)
	at org.junit.platform.engine.support.hierarchical.NodeTestTask.lambda$executeRecursively$6(NodeTestTask.java:155)
	at org.junit.platform.engine.support.hierarchical.ThrowableCollector.execute(ThrowableCollector.java:73)
	at org.junit.platform.engine.support.hierarchical.NodeTestTask.lambda$executeRecursively$8(NodeTestTask.java:141)
	at org.junit.platform.engine.support.hierarchical.Node.around(Node.java:137)
	at org.junit.platform.engine.support.hierarchical.NodeTestTask.lambda$executeRecursively$9(NodeTestTask.java:139)
	at org.junit.platform.engine.support.hierarchical.ThrowableCollector.execute(ThrowableCollector.java:73)
	at org.junit.platform.engine.support.hierarchical.NodeTestTask.executeRecursively(NodeTestTask.java:138)
	at org.junit.platform.engine.support.hierarchical.NodeTestTask.execute(NodeTestTask.java:95)
	at org.junit.platform.engine.support.hierarchical.SameThreadHierarchicalTestExecutorService.submit(SameThreadHierarchicalTestExecutorService.java:35)
	at org.junit.platform.engine.support.hierarchical.HierarchicalTestExecutor.execute(HierarchicalTestExecutor.java:57)
	at org.junit.platform.engine.support.hierarchical.HierarchicalTestEngine.execute(HierarchicalTestEngine.java:54)
	at org.junit.platform.launcher.core.DefaultLauncher.execute(DefaultLauncher.java:248)
	at org.junit.platform.launcher.core.DefaultLauncher.lambda$execute$5(DefaultLauncher.java:211)
	at org.junit.platform.launcher.core.DefaultLauncher.withInterceptedStreams(DefaultLauncher.java:226)
	at org.junit.platform.launcher.core.DefaultLauncher.execute(DefaultLauncher.java:199)
	at org.junit.platform.launcher.core.DefaultLauncher.execute(DefaultLauncher.java:132)
	at org.gradle.api.internal.tasks.testing.junitplatform.JUnitPlatformTestClassProcessor$CollectAllTestClassesExecutor.processAllTestClasses(JUnitPlatformTestClassProcessor.java:99)
	at org.gradle.api.internal.tasks.testing.junitplatform.JUnitPlatformTestClassProcessor$CollectAllTestClassesExecutor.access$000(JUnitPlatformTestClassProcessor.java:79)
	at org.gradle.api.internal.tasks.testing.junitplatform.JUnitPlatformTestClassProcessor.stop(JUnitPlatformTestClassProcessor.java:75)
	at org.gradle.api.internal.tasks.testing.SuiteTestClassProcessor.stop(SuiteTestClassProcessor.java:61)
	at java.base/jdk.internal.reflect.NativeMethodAccessorImpl.invoke0(Native Method)
	at java.base/jdk.internal.reflect.NativeMethodAccessorImpl.invoke(NativeMethodAccessorImpl.java:62)
	at java.base/jdk.internal.reflect.DelegatingMethodAccessorImpl.invoke(DelegatingMethodAccessorImpl.java:43)
	at java.base/java.lang.reflect.Method.invoke(Method.java:566)
	at org.gradle.internal.dispatch.ReflectionDispatch.dispatch(ReflectionDispatch.java:36)
	at org.gradle.internal.dispatch.ReflectionDispatch.dispatch(ReflectionDispatch.java:24)
	at org.gradle.internal.dispatch.ContextClassLoaderDispatch.dispatch(ContextClassLoaderDispatch.java:33)
	at org.gradle.internal.dispatch.ProxyDispatchAdapter$DispatchingInvocationHandler.invoke(ProxyDispatchAdapter.java:94)
	at com.sun.proxy.$Proxy2.stop(Unknown Source)
	at org.gradle.api.internal.tasks.testing.worker.TestWorker.stop(TestWorker.java:133)
	at java.base/jdk.internal.reflect.NativeMethodAccessorImpl.invoke0(Native Method)
	at java.base/jdk.internal.reflect.NativeMethodAccessorImpl.invoke(NativeMethodAccessorImpl.java:62)
	at java.base/jdk.internal.reflect.DelegatingMethodAccessorImpl.invoke(DelegatingMethodAccessorImpl.java:43)
	at java.base/java.lang.reflect.Method.invoke(Method.java:566)
	at org.gradle.internal.dispatch.ReflectionDispatch.dispatch(ReflectionDispatch.java:36)
	at org.gradle.internal.dispatch.ReflectionDispatch.dispatch(ReflectionDispatch.java:24)
	at org.gradle.internal.remote.internal.hub.MessageHubBackedObjectConnection$DispatchWrapper.dispatch(MessageHubBackedObjectConnection.java:182)
	at org.gradle.internal.remote.internal.hub.MessageHubBackedObjectConnection$DispatchWrapper.dispatch(MessageHubBackedObjectConnection.java:164)
	at org.gradle.internal.remote.internal.hub.MessageHub$Handler.run(MessageHub.java:414)
	at org.gradle.internal.concurrent.ExecutorPolicy$CatchAndRecordFailures.onExecute(ExecutorPolicy.java:64)
	at org.gradle.internal.concurrent.ManagedExecutorImpl$1.run(ManagedExecutorImpl.java:48)
	at java.base/java.util.concurrent.ThreadPoolExecutor.runWorker(ThreadPoolExecutor.java:1128)
	at java.base/java.util.concurrent.ThreadPoolExecutor$Worker.run(ThreadPoolExecutor.java:628)
	at org.gradle.internal.concurrent.ThreadFactoryImpl$ManagedThreadRunnable.run(ThreadFactoryImpl.java:56)
	at java.base/java.lang.Thread.run(Thread.java:829)
10月 13, 2022 6:51:33 午後 okhttp3.internal.platform.Platform log
情報: --> GET http://localhost:4040/api/v2/x2axycwuzy3cj8jpr12efpr7vgk8avcznz3rtn8oxxmes6y4uxxan1uygufs7zdxovumnu7fbone4sbi2fc8fzrd0r7cct6gx7yxrlfrajz3n3hyoenp7fyb3qkj6qymxa0twn2ctrthpfksgqtdvt7wzr1edul4o9/wallet/b22f6f1f58eeec09a100fa903a54c449/address/10g6/proof
10月 13, 2022 6:51:33 午後 okhttp3.internal.platform.Platform log
情報: <-- 200 OK http://localhost:4040/api/v2/x2axycwuzy3cj8jpr12efpr7vgk8avcznz3rtn8oxxmes6y4uxxan1uygufs7zdxovumnu7fbone4sbi2fc8fzrd0r7cct6gx7yxrlfrajz3n3hyoenp7fyb3qkj6qymxa0twn2ctrthpfksgqtdvt7wzr1edul4o9/wallet/b22f6f1f58eeec09a100fa903a54c449/address/10g6/proof (1ms, unknown-length body)
10月 13, 2022 6:51:33 午後 okhttp3.internal.platform.Platform log
情報: --> GET http://localhost:4040/api/v2/uqmjse36f3o7wibxp7s7u050k5p9zlbkrxoun/wallet/555aff65bc9cfe3bc8018f58d219167b/address/73x6/proof
10月 13, 2022 6:51:33 午後 okhttp3.internal.platform.Platform log
情報: <-- 400 Bad Request http://localhost:4040/api/v2/uqmjse36f3o7wibxp7s7u050k5p9zlbkrxoun/wallet/555aff65bc9cfe3bc8018f58d219167b/address/73x6/proof (1ms, unknown-length body)
10月 13, 2022 6:51:33 午後 okhttp3.internal.platform.Platform log
情報: --> PUT http://localhost:4040/api/v2/sgt908jb38ydomnrhvfsv5538hfuec3af/wallet/176d23cdb21029620828feedb0aa2273/address/j3zl (2-byte body)
10月 13, 2022 6:51:33 午後 okhttp3.internal.platform.Platform log
情報: <-- 200 OK http://localhost:4040/api/v2/sgt908jb38ydomnrhvfsv5538hfuec3af/wallet/176d23cdb21029620828feedb0aa2273/address/j3zl (1ms, unknown-length body)
10月 13, 2022 6:51:33 午後 okhttp3.internal.platform.Platform log
情報: --> PUT http://localhost:4040/api/v2/xiawt7nxex56q7dwhct1c73gokz6bd9uqr7xghj04nd9k65cc0gecienn23/wallet/107cd3d23289371d20d50cab4fde5f37/address/n1k4 (2-byte body)
10月 13, 2022 6:51:33 午後 okhttp3.internal.platform.Platform log
情報: <-- 400 Bad Request http://localhost:4040/api/v2/xiawt7nxex56q7dwhct1c73gokz6bd9uqr7xghj04nd9k65cc0gecienn23/wallet/107cd3d23289371d20d50cab4fde5f37/address/n1k4 (1ms, unknown-length body)
10月 13, 2022 6:51:33 午後 okhttp3.internal.platform.Platform log
情報: --> POST http://localhost:4040/api/v2/ffx9qeipgsnp9y0w6y2lca491jslitlj1h97gn8b33mv0cys2znbkqmav/wallet/d250dee57d3421234696c21e932d7e3a/address (2-byte body)
10月 13, 2022 6:51:33 午後 okhttp3.internal.platform.Platform log
情報: <-- 200 OK http://localhost:4040/api/v2/ffx9qeipgsnp9y0w6y2lca491jslitlj1h97gn8b33mv0cys2znbkqmav/wallet/d250dee57d3421234696c21e932d7e3a/address (1ms, unknown-length body)
10月 13, 2022 6:51:33 午後 okhttp3.internal.platform.Platform log
情報: --> POST http://localhost:4040/api/v2/uq2pn/wallet/42071f678c07cbf1dc644a75d1210801/address (2-byte body)
10月 13, 2022 6:51:33 午後 okhttp3.internal.platform.Platform log
情報: <-- 400 Bad Request http://localhost:4040/api/v2/uq2pn/wallet/42071f678c07cbf1dc644a75d1210801/address (1ms, unknown-length body)
10月 13, 2022 6:51:33 午後 okhttp3.internal.platform.Platform log
情報: --> GET http://localhost:4040/api/v2/3i1jf48pt30je4z30o1gu81viscqu83dv7hc2ht5l4y3e7smkg79ng0qyydawoaj7666exnhpnp2v76i1vkm6a6cwk1ucwd7v27ihi6qidfkwkvkk2v7unz/wallet/0bce534051ab666dcb5ee4c2d33fcdde/addresses
10月 13, 2022 6:51:33 午後 okhttp3.internal.platform.Platform log
情報: <-- 200 OK http://localhost:4040/api/v2/3i1jf48pt30je4z30o1gu81viscqu83dv7hc2ht5l4y3e7smkg79ng0qyydawoaj7666exnhpnp2v76i1vkm6a6cwk1ucwd7v27ihi6qidfkwkvkk2v7unz/wallet/0bce534051ab666dcb5ee4c2d33fcdde/addresses (1ms, unknown-length body)
10月 13, 2022 6:51:33 午後 okhttp3.internal.platform.Platform log
情報: --> GET http://localhost:4040/api/v2/bc664afxfy17ei0bestwngu6jqh2tu2aoc6dg8ys52hl0w37ysbkylhjnjhh0rnrx5g6vp1jwx0jhkoqcsyx2iyheofrsdoa2xkz1r9mvel9lgy2oo5emke9jzeyqwt8ae27t96gg66798mz23n572gj4yqwcp5ojtnqbgz21x6pov0omnah/wallet/d5fb03ebbad0ecd17cfdec0a3402ba2f/addresses
10月 13, 2022 6:51:33 午後 okhttp3.internal.platform.Platform log
情報: <-- 400 Bad Request http://localhost:4040/api/v2/bc664afxfy17ei0bestwngu6jqh2tu2aoc6dg8ys52hl0w37ysbkylhjnjhh0rnrx5g6vp1jwx0jhkoqcsyx2iyheofrsdoa2xkz1r9mvel9lgy2oo5emke9jzeyqwt8ae27t96gg66798mz23n572gj4yqwcp5ojtnqbgz21x6pov0omnah/wallet/d5fb03ebbad0ecd17cfdec0a3402ba2f/addresses (1ms, unknown-length body)
10月 13, 2022 6:51:33 午後 okhttp3.internal.platform.Platform log
情報: --> GET http://localhost:4040/api/v2/j1rc6caxqs5m2k2xgcs24ku1dcj7j05tp4n6tmi53exq77d5n484xsk7avob19/wallet/b20a2ad84efac58df2d2772ade1bd27a/address/ii90
10月 13, 2022 6:51:33 午後 okhttp3.internal.platform.Platform log
情報: <-- 200 OK http://localhost:4040/api/v2/j1rc6caxqs5m2k2xgcs24ku1dcj7j05tp4n6tmi53exq77d5n484xsk7avob19/wallet/b20a2ad84efac58df2d2772ade1bd27a/address/ii90 (1ms, unknown-length body)
10月 13, 2022 6:51:33 午後 okhttp3.internal.platform.Platform log
情報: --> GET http://localhost:4040/api/v2/iro9ufe4nqjty9rrxz5w0we7auual1kqniwsadac3rpp6n9jqdapt97bffo5lzk7wwv5kmsmrwvcu1iakg9yh34sj1thl3rqogn/wallet/6f19b40e3b7f628aebbd17664c25c849/address/5dv2
10月 13, 2022 6:51:33 午後 okhttp3.internal.platform.Platform log
情報: <-- 400 Bad Request http://localhost:4040/api/v2/iro9ufe4nqjty9rrxz5w0we7auual1kqniwsadac3rpp6n9jqdapt97bffo5lzk7wwv5kmsmrwvcu1iakg9yh34sj1thl3rqogn/wallet/6f19b40e3b7f628aebbd17664c25c849/address/5dv2 (2ms, unknown-length body)
10月 13, 2022 6:51:33 午後 okhttp3.internal.platform.Platform log
情報: --> POST http://localhost:4040/api/v2/188k8968pfmt3luw1t2t5ub7pilfeoqxn5fzvvcypud6w74yhc4ugjnvh239fofb6aobndco0ggmzeptr9djy2bwbjr41z14p53lcu/wallet/7760861c7a21343641fe9820b51da9c9/address/f6993b92496df24b9e9a52dfc0df7bae/deployment (2-byte body)
10月 13, 2022 6:51:33 午後 okhttp3.internal.platform.Platform log
情報: <-- 200 OK http://localhost:4040/api/v2/188k8968pfmt3luw1t2t5ub7pilfeoqxn5fzvvcypud6w74yhc4ugjnvh239fofb6aobndco0ggmzeptr9djy2bwbjr41z14p53lcu/wallet/7760861c7a21343641fe9820b51da9c9/address/f6993b92496df24b9e9a52dfc0df7bae/deployment (1ms, unknown-length body)
10月 13, 2022 6:51:33 午後 okhttp3.internal.platform.Platform log
情報: --> POST http://localhost:4040/api/v2/g6nk5q3t5oha3u6etlq9dqq84ttbp8men056jun191sg6yte46uii0m8a5l9uwsvno13dm9h3mr721ytirshhnfa1vg2dzyosj1hht/wallet/6b73798cc2bde508509a9b0d93323a26/address/a066cc70e2ebee9c416306d0afa4c7c3/deployment (2-byte body)
10月 13, 2022 6:51:33 午後 okhttp3.internal.platform.Platform log
情報: <-- 400 Bad Request http://localhost:4040/api/v2/g6nk5q3t5oha3u6etlq9dqq84ttbp8men056jun191sg6yte46uii0m8a5l9uwsvno13dm9h3mr721ytirshhnfa1vg2dzyosj1hht/wallet/6b73798cc2bde508509a9b0d93323a26/address/a066cc70e2ebee9c416306d0afa4c7c3/deployment (1ms, unknown-length body)
10月 13, 2022 6:51:33 午後 okhttp3.internal.platform.Platform log
情報: --> POST http://localhost:4040/api/v2/pwn3tx9nf57707nysf7mpgtjhpxbfej39mc4ira6v/wallet/8174d24c577545bce25efd40973bd054/address/0475bae9c2a33ca38cb6c120cee60255/tokenforward (2-byte body)
10月 13, 2022 6:51:33 午後 okhttp3.internal.platform.Platform log
情報: <-- 200 OK http://localhost:4040/api/v2/pwn3tx9nf57707nysf7mpgtjhpxbfej39mc4ira6v/wallet/8174d24c577545bce25efd40973bd054/address/0475bae9c2a33ca38cb6c120cee60255/tokenforward (1ms, unknown-length body)
10月 13, 2022 6:51:33 午後 okhttp3.internal.platform.Platform log
情報: --> POST http://localhost:4040/api/v2/dyfh6tr5xufwedjx589v7g9bom1q18/wallet/75c0f7055d17d0337de0cb0c10ecd671/address/d970a4a0f69071607b8db63e4c1c07d1/tokenforward (2-byte body)
10月 13, 2022 6:51:33 午後 okhttp3.internal.platform.Platform log
情報: <-- 400 Bad Request http://localhost:4040/api/v2/dyfh6tr5xufwedjx589v7g9bom1q18/wallet/75c0f7055d17d0337de0cb0c10ecd671/address/d970a4a0f69071607b8db63e4c1c07d1/tokenforward (1ms, unknown-length body)
]]></system-err>
</testsuite>
