<?xml version="1.0" encoding="UTF-8"?>
<testsuite name="bitgo4j.wallet.common.StakingOptionsTest" tests="6" skipped="0" failures="0" errors="0" timestamp="2022-10-13T09:51:33" hostname="ishtos-MacBook-Pro.local" time="0.005">
  <properties/>
  <testcase name="testSetFunctionArgs()" classname="bitgo4j.wallet.common.StakingOptionsTest" time="0.004"/>
  <testcase name="testSetFunctionName()" classname="bitgo4j.wallet.common.StakingOptionsTest" time="0.0"/>
  <testcase name="testToString()" classname="bitgo4j.wallet.common.StakingOptionsTest" time="0.0"/>
  <testcase name="testSetAmount()" classname="bitgo4j.wallet.common.StakingOptionsTest" time="0.0"/>
  <testcase name="testSetContractName()" classname="bitgo4j.wallet.common.StakingOptionsTest" time="0.001"/>
  <testcase name="testSetValidator()" classname="bitgo4j.wallet.common.StakingOptionsTest" time="0.0"/>
  <system-out><![CDATA[]]></system-out>
  <system-err><![CDATA[]]></system-err>
</testsuite>
