<?xml version="1.0" encoding="UTF-8"?>
<testsuite name="bitgo4j.enterprise.response.ListEnterpriseUsersResponseTest" tests="6" skipped="0" failures="0" errors="0" timestamp="2022-10-13T09:51:31" hostname="ishtos-MacBook-Pro.local" time="0.004">
  <properties/>
  <testcase name="testSetAdminUsers()" classname="bitgo4j.enterprise.response.ListEnterpriseUsersResponseTest" time="0.001"/>
  <testcase name="testToString()" classname="bitgo4j.enterprise.response.ListEnterpriseUsersResponseTest" time="0.001"/>
  <testcase name="testSetWalletUsers()" classname="bitgo4j.enterprise.response.ListEnterpriseUsersResponseTest" time="0.0"/>
  <testcase name="testSetIncomplete()" classname="bitgo4j.enterprise.response.ListEnterpriseUsersResponseTest" time="0.001"/>
  <testcase name="testSetKeyState()" classname="bitgo4j.enterprise.response.ListEnterpriseUsersResponseTest" time="0.0"/>
  <testcase name="testSetNonAdminUsers()" classname="bitgo4j.enterprise.response.ListEnterpriseUsersResponseTest" time="0.001"/>
  <system-out><![CDATA[]]></system-out>
  <system-err><![CDATA[]]></system-err>
</testsuite>
