<?xml version="1.0" encoding="UTF-8"?>
<testsuite name="bitgo4j.user.common.UnlockTest" tests="5" skipped="0" failures="0" errors="0" timestamp="2022-10-13T09:51:33" hostname="ishtos-MacBook-Pro.local" time="0.001">
  <properties/>
  <testcase name="testToString()" classname="bitgo4j.user.common.UnlockTest" time="0.0"/>
  <testcase name="testSetExpires()" classname="bitgo4j.user.common.UnlockTest" time="0.0"/>
  <testcase name="testSetTxCount()" classname="bitgo4j.user.common.UnlockTest" time="0.0"/>
  <testcase name="testSetTxValue()" classname="bitgo4j.user.common.UnlockTest" time="0.0"/>
  <testcase name="testSetTime()" classname="bitgo4j.user.common.UnlockTest" time="0.0"/>
  <system-out><![CDATA[]]></system-out>
  <system-err><![CDATA[]]></system-err>
</testsuite>
