<?xml version="1.0" encoding="UTF-8"?>
<testsuite name="bitgo4j.enterprise.common.AdditionalEnterpriseInfoTest" tests="4" skipped="0" failures="0" errors="0" timestamp="2022-10-13T09:51:32" hostname="ishtos-MacBook-Pro.local" time="0.019">
  <properties/>
  <testcase name="testSetRegulator()" classname="bitgo4j.enterprise.common.AdditionalEnterpriseInfoTest" time="0.017"/>
  <testcase name="testSetContact()" classname="bitgo4j.enterprise.common.AdditionalEnterpriseInfoTest" time="0.0"/>
  <testcase name="testToString()" classname="bitgo4j.enterprise.common.AdditionalEnterpriseInfoTest" time="0.0"/>
  <testcase name="testSetRegulatorId()" classname="bitgo4j.enterprise.common.AdditionalEnterpriseInfoTest" time="0.0"/>
  <system-out><![CDATA[]]></system-out>
  <system-err><![CDATA[]]></system-err>
</testsuite>
