<?xml version="1.0" encoding="UTF-8"?>
<testsuite name="bitgo4j.transactionrequest.request.CreateTransactionRequestRequestTest" tests="6" skipped="0" failures="0" errors="0" timestamp="2022-10-13T09:51:33" hostname="ishtos-MacBook-Pro.local" time="0.015">
  <properties/>
  <testcase name="testToString()" classname="bitgo4j.transactionrequest.request.CreateTransactionRequestRequestTest" time="0.014"/>
  <testcase name="testSetVideoApprovers()" classname="bitgo4j.transactionrequest.request.CreateTransactionRequestRequestTest" time="0.0"/>
  <testcase name="testSetApiVersion()" classname="bitgo4j.transactionrequest.request.CreateTransactionRequestRequestTest" time="0.001"/>
  <testcase name="testSetIntent()" classname="bitgo4j.transactionrequest.request.CreateTransactionRequestRequestTest" time="0.0"/>
  <testcase name="testSetIdempotencyKey()" classname="bitgo4j.transactionrequest.request.CreateTransactionRequestRequestTest" time="0.0"/>
  <testcase name="testSetPreview()" classname="bitgo4j.transactionrequest.request.CreateTransactionRequestRequestTest" time="0.0"/>
  <system-out><![CDATA[]]></system-out>
  <system-err><![CDATA[]]></system-err>
</testsuite>
