<?xml version="1.0" encoding="UTF-8"?>
<testsuite name="bitgo4j.auditlog.common.AuditLogTest" tests="10" skipped="0" failures="0" errors="0" timestamp="2022-10-13T09:51:34" hostname="ishtos-MacBook-Pro.local" time="0.001">
  <properties/>
  <testcase name="testSetId()" classname="bitgo4j.auditlog.common.AuditLogTest" time="0.0"/>
  <testcase name="testSetIp()" classname="bitgo4j.auditlog.common.AuditLogTest" time="0.0"/>
  <testcase name="testToString()" classname="bitgo4j.auditlog.common.AuditLogTest" time="0.0"/>
  <testcase name="testSetEnterpriseId()" classname="bitgo4j.auditlog.common.AuditLogTest" time="0.0"/>
  <testcase name="testSetTarget()" classname="bitgo4j.auditlog.common.AuditLogTest" time="0.001"/>
  <testcase name="testSetCoin()" classname="bitgo4j.auditlog.common.AuditLogTest" time="0.0"/>
  <testcase name="testSetDate()" classname="bitgo4j.auditlog.common.AuditLogTest" time="0.0"/>
  <testcase name="testSetType()" classname="bitgo4j.auditlog.common.AuditLogTest" time="0.0"/>
  <testcase name="testSetUser()" classname="bitgo4j.auditlog.common.AuditLogTest" time="0.0"/>
  <testcase name="testSetWalletId()" classname="bitgo4j.auditlog.common.AuditLogTest" time="0.0"/>
  <system-out><![CDATA[]]></system-out>
  <system-err><![CDATA[]]></system-err>
</testsuite>
