<?xml version="1.0" encoding="UTF-8"?>
<testsuite name="bitgo4j.user.request.LoginRequestTest" tests="5" skipped="0" failures="0" errors="0" timestamp="2022-10-13T09:51:33" hostname="ishtos-MacBook-Pro.local" time="0.001">
  <properties/>
  <testcase name="testSetPassword()" classname="bitgo4j.user.request.LoginRequestTest" time="0.0"/>
  <testcase name="testToString()" classname="bitgo4j.user.request.LoginRequestTest" time="0.001"/>
  <testcase name="testSetExtensible()" classname="bitgo4j.user.request.LoginRequestTest" time="0.0"/>
  <testcase name="testSetOtp()" classname="bitgo4j.user.request.LoginRequestTest" time="0.0"/>
  <testcase name="testSetEmail()" classname="bitgo4j.user.request.LoginRequestTest" time="0.0"/>
  <system-out><![CDATA[]]></system-out>
  <system-err><![CDATA[]]></system-err>
</testsuite>
