<?xml version="1.0" encoding="UTF-8"?>
<testsuite name="bitgo4j.transfer.MockTransferClientImplTest" tests="20" skipped="0" failures="0" errors="0" timestamp="2022-10-13T09:51:32" hostname="ishtos-MacBook-Pro.local" time="0.082">
  <properties/>
  <testcase name="getFeeEstimateTest_200()" classname="bitgo4j.transfer.MockTransferClientImplTest" time="0.005"/>
  <testcase name="getFeeEstimateTest_400()" classname="bitgo4j.transfer.MockTransferClientImplTest" time="0.003"/>
  <testcase name="listEnterpriseTest_200()" classname="bitgo4j.transfer.MockTransferClientImplTest" time="0.014"/>
  <testcase name="listEnterpriseTest_400()" classname="bitgo4j.transfer.MockTransferClientImplTest" time="0.003"/>
  <testcase name="listEnterpriseTest_404()" classname="bitgo4j.transfer.MockTransferClientImplTest" time="0.003"/>
  <testcase name="listtest_400()" classname="bitgo4j.transfer.MockTransferClientImplTest" time="0.003"/>
  <testcase name="listtest_404()" classname="bitgo4j.transfer.MockTransferClientImplTest" time="0.002"/>
  <testcase name="listTest_200()" classname="bitgo4j.transfer.MockTransferClientImplTest" time="0.003"/>
  <testcase name="getTest_200()" classname="bitgo4j.transfer.MockTransferClientImplTest" time="0.003"/>
  <testcase name="getTest_206()" classname="bitgo4j.transfer.MockTransferClientImplTest" time="0.002"/>
  <testcase name="getTest_400()" classname="bitgo4j.transfer.MockTransferClientImplTest" time="0.004"/>
  <testcase name="listEnterpriseByCoinTest_200()" classname="bitgo4j.transfer.MockTransferClientImplTest" time="0.01"/>
  <testcase name="listEnterpriseByCoinTest_400()" classname="bitgo4j.transfer.MockTransferClientImplTest" time="0.003"/>
  <testcase name="listEnterpriseByCoinTest_404()" classname="bitgo4j.transfer.MockTransferClientImplTest" time="0.003"/>
  <testcase name="updateCommentTest_200()" classname="bitgo4j.transfer.MockTransferClientImplTest" time="0.004"/>
  <testcase name="updateCommentTest_400()" classname="bitgo4j.transfer.MockTransferClientImplTest" time="0.003"/>
  <testcase name="updateCommentTest_401()" classname="bitgo4j.transfer.MockTransferClientImplTest" time="0.002"/>
  <testcase name="getBySequenceIdTest_200()" classname="bitgo4j.transfer.MockTransferClientImplTest" time="0.004"/>
  <testcase name="getBySequenceIdTest_206()" classname="bitgo4j.transfer.MockTransferClientImplTest" time="0.002"/>
  <testcase name="getBySequenceIdTest_400()" classname="bitgo4j.transfer.MockTransferClientImplTest" time="0.003"/>
  <system-out><![CDATA[]]></system-out>
  <system-err><![CDATA[java.io.FileNotFoundException: src/test/resources/local.properties (No such file or directory)
	at java.base/java.io.FileInputStream.open0(Native Method)
	at java.base/java.io.FileInputStream.open(FileInputStream.java:219)
	at java.base/java.io.FileInputStream.<init>(FileInputStream.java:157)
	at java.base/java.io.FileInputStream.<init>(FileInputStream.java:112)
	at bitgo4j.TestingUtils.getProperties(TestingUtils.java:14)
	at bitgo4j.transfer.MockTransferClientImplTest.setUp(MockTransferClientImplTest.java:28)
	at java.base/jdk.internal.reflect.NativeMethodAccessorImpl.invoke0(Native Method)
	at java.base/jdk.internal.reflect.NativeMethodAccessorImpl.invoke(NativeMethodAccessorImpl.java:62)
	at java.base/jdk.internal.reflect.DelegatingMethodAccessorImpl.invoke(DelegatingMethodAccessorImpl.java:43)
	at java.base/java.lang.reflect.Method.invoke(Method.java:566)
	at org.junit.platform.commons.util.ReflectionUtils.invokeMethod(ReflectionUtils.java:727)
	at org.junit.jupiter.engine.execution.MethodInvocation.proceed(MethodInvocation.java:60)
	at org.junit.jupiter.engine.execution.InvocationInterceptorChain$ValidatingInvocation.proceed(InvocationInterceptorChain.java:131)
	at org.junit.jupiter.engine.extension.TimeoutExtension.intercept(TimeoutExtension.java:156)
	at org.junit.jupiter.engine.extension.TimeoutExtension.interceptLifecycleMethod(TimeoutExtension.java:128)
	at org.junit.jupiter.engine.extension.TimeoutExtension.interceptBeforeAllMethod(TimeoutExtension.java:70)
	at org.junit.jupiter.engine.execution.InterceptingExecutableInvoker$ReflectiveInterceptorCall.lambda$ofVoidMethod$0(InterceptingExecutableInvoker.java:103)
	at org.junit.jupiter.engine.execution.InterceptingExecutableInvoker.lambda$invoke$0(InterceptingExecutableInvoker.java:93)
	at org.junit.jupiter.engine.execution.InvocationInterceptorChain$InterceptedInvocation.proceed(InvocationInterceptorChain.java:106)
	at org.junit.jupiter.engine.execution.InvocationInterceptorChain.proceed(InvocationInterceptorChain.java:64)
	at org.junit.jupiter.engine.execution.InvocationInterceptorChain.chainAndInvoke(InvocationInterceptorChain.java:45)
	at org.junit.jupiter.engine.execution.InvocationInterceptorChain.invoke(InvocationInterceptorChain.java:37)
	at org.junit.jupiter.engine.execution.InterceptingExecutableInvoker.invoke(InterceptingExecutableInvoker.java:92)
	at org.junit.jupiter.engine.execution.InterceptingExecutableInvoker.invoke(InterceptingExecutableInvoker.java:86)
	at org.junit.jupiter.engine.descriptor.ClassBasedTestDescriptor.lambda$invokeBeforeAllMethods$13(ClassBasedTestDescriptor.java:411)
	at org.junit.platform.engine.support.hierarchical.ThrowableCollector.execute(ThrowableCollector.java:73)
	at org.junit.jupiter.engine.descriptor.ClassBasedTestDescriptor.invokeBeforeAllMethods(ClassBasedTestDescriptor.java:409)
	at org.junit.jupiter.engine.descriptor.ClassBasedTestDescriptor.before(ClassBasedTestDescriptor.java:215)
	at org.junit.jupiter.engine.descriptor.ClassBasedTestDescriptor.before(ClassBasedTestDescriptor.java:84)
	at org.junit.platform.engine.support.hierarchical.NodeTestTask.lambda$executeRecursively$6(NodeTestTask.java:148)
	at org.junit.platform.engine.support.hierarchical.ThrowableCollector.execute(ThrowableCollector.java:73)
	at org.junit.platform.engine.support.hierarchical.NodeTestTask.lambda$executeRecursively$8(NodeTestTask.java:141)
	at org.junit.platform.engine.support.hierarchical.Node.around(Node.java:137)
	at org.junit.platform.engine.support.hierarchical.NodeTestTask.lambda$executeRecursively$9(NodeTestTask.java:139)
	at org.junit.platform.engine.support.hierarchical.ThrowableCollector.execute(ThrowableCollector.java:73)
	at org.junit.platform.engine.support.hierarchical.NodeTestTask.executeRecursively(NodeTestTask.java:138)
	at org.junit.platform.engine.support.hierarchical.NodeTestTask.execute(NodeTestTask.java:95)
	at java.base/java.util.ArrayList.forEach(ArrayList.java:1541)
	at org.junit.platform.engine.support.hierarchical.SameThreadHierarchicalTestExecutorService.invokeAll(SameThreadHierarchicalTestExecutorService.java:41)
	at org.junit.platform.engine.support.hierarchical.NodeTestTask.lambda$executeRecursively$6(NodeTestTask.java:155)
	at org.junit.platform.engine.support.hierarchical.ThrowableCollector.execute(ThrowableCollector.java:73)
	at org.junit.platform.engine.support.hierarchical.NodeTestTask.lambda$executeRecursively$8(NodeTestTask.java:141)
	at org.junit.platform.engine.support.hierarchical.Node.around(Node.java:137)
	at org.junit.platform.engine.support.hierarchical.NodeTestTask.lambda$executeRecursively$9(NodeTestTask.java:139)
	at org.junit.platform.engine.support.hierarchical.ThrowableCollector.execute(ThrowableCollector.java:73)
	at org.junit.platform.engine.support.hierarchical.NodeTestTask.executeRecursively(NodeTestTask.java:138)
	at org.junit.platform.engine.support.hierarchical.NodeTestTask.execute(NodeTestTask.java:95)
	at org.junit.platform.engine.support.hierarchical.SameThreadHierarchicalTestExecutorService.submit(SameThreadHierarchicalTestExecutorService.java:35)
	at org.junit.platform.engine.support.hierarchical.HierarchicalTestExecutor.execute(HierarchicalTestExecutor.java:57)
	at org.junit.platform.engine.support.hierarchical.HierarchicalTestEngine.execute(HierarchicalTestEngine.java:54)
	at org.junit.platform.launcher.core.DefaultLauncher.execute(DefaultLauncher.java:248)
	at org.junit.platform.launcher.core.DefaultLauncher.lambda$execute$5(DefaultLauncher.java:211)
	at org.junit.platform.launcher.core.DefaultLauncher.withInterceptedStreams(DefaultLauncher.java:226)
	at org.junit.platform.launcher.core.DefaultLauncher.execute(DefaultLauncher.java:199)
	at org.junit.platform.launcher.core.DefaultLauncher.execute(DefaultLauncher.java:132)
	at org.gradle.api.internal.tasks.testing.junitplatform.JUnitPlatformTestClassProcessor$CollectAllTestClassesExecutor.processAllTestClasses(JUnitPlatformTestClassProcessor.java:99)
	at org.gradle.api.internal.tasks.testing.junitplatform.JUnitPlatformTestClassProcessor$CollectAllTestClassesExecutor.access$000(JUnitPlatformTestClassProcessor.java:79)
	at org.gradle.api.internal.tasks.testing.junitplatform.JUnitPlatformTestClassProcessor.stop(JUnitPlatformTestClassProcessor.java:75)
	at org.gradle.api.internal.tasks.testing.SuiteTestClassProcessor.stop(SuiteTestClassProcessor.java:61)
	at java.base/jdk.internal.reflect.NativeMethodAccessorImpl.invoke0(Native Method)
	at java.base/jdk.internal.reflect.NativeMethodAccessorImpl.invoke(NativeMethodAccessorImpl.java:62)
	at java.base/jdk.internal.reflect.DelegatingMethodAccessorImpl.invoke(DelegatingMethodAccessorImpl.java:43)
	at java.base/java.lang.reflect.Method.invoke(Method.java:566)
	at org.gradle.internal.dispatch.ReflectionDispatch.dispatch(ReflectionDispatch.java:36)
	at org.gradle.internal.dispatch.ReflectionDispatch.dispatch(ReflectionDispatch.java:24)
	at org.gradle.internal.dispatch.ContextClassLoaderDispatch.dispatch(ContextClassLoaderDispatch.java:33)
	at org.gradle.internal.dispatch.ProxyDispatchAdapter$DispatchingInvocationHandler.invoke(ProxyDispatchAdapter.java:94)
	at com.sun.proxy.$Proxy2.stop(Unknown Source)
	at org.gradle.api.internal.tasks.testing.worker.TestWorker.stop(TestWorker.java:133)
	at java.base/jdk.internal.reflect.NativeMethodAccessorImpl.invoke0(Native Method)
	at java.base/jdk.internal.reflect.NativeMethodAccessorImpl.invoke(NativeMethodAccessorImpl.java:62)
	at java.base/jdk.internal.reflect.DelegatingMethodAccessorImpl.invoke(DelegatingMethodAccessorImpl.java:43)
	at java.base/java.lang.reflect.Method.invoke(Method.java:566)
	at org.gradle.internal.dispatch.ReflectionDispatch.dispatch(ReflectionDispatch.java:36)
	at org.gradle.internal.dispatch.ReflectionDispatch.dispatch(ReflectionDispatch.java:24)
	at org.gradle.internal.remote.internal.hub.MessageHubBackedObjectConnection$DispatchWrapper.dispatch(MessageHubBackedObjectConnection.java:182)
	at org.gradle.internal.remote.internal.hub.MessageHubBackedObjectConnection$DispatchWrapper.dispatch(MessageHubBackedObjectConnection.java:164)
	at org.gradle.internal.remote.internal.hub.MessageHub$Handler.run(MessageHub.java:414)
	at org.gradle.internal.concurrent.ExecutorPolicy$CatchAndRecordFailures.onExecute(ExecutorPolicy.java:64)
	at org.gradle.internal.concurrent.ManagedExecutorImpl$1.run(ManagedExecutorImpl.java:48)
	at java.base/java.util.concurrent.ThreadPoolExecutor.runWorker(ThreadPoolExecutor.java:1128)
	at java.base/java.util.concurrent.ThreadPoolExecutor$Worker.run(ThreadPoolExecutor.java:628)
	at org.gradle.internal.concurrent.ThreadFactoryImpl$ManagedThreadRunnable.run(ThreadFactoryImpl.java:56)
	at java.base/java.lang.Thread.run(Thread.java:829)
10月 13, 2022 6:51:32 午後 okhttp3.internal.platform.Platform log
情報: --> GET http://localhost:4040/api/v2/l88h4z59rgqoo1dy6lc3nu7l8lnsajhvtid9igna78bl8sdrq80qnh4kplbeb6htay08mbr411vel1sv9r3mus1q4ek/tx/fee?numBlocks=0&recipient=&data=&amount=&hop=false
10月 13, 2022 6:51:32 午後 okhttp3.internal.platform.Platform log
情報: <-- 200 OK http://localhost:4040/api/v2/l88h4z59rgqoo1dy6lc3nu7l8lnsajhvtid9igna78bl8sdrq80qnh4kplbeb6htay08mbr411vel1sv9r3mus1q4ek/tx/fee?numBlocks=0&recipient=&data=&amount=&hop=false (2ms, unknown-length body)
10月 13, 2022 6:51:32 午後 okhttp3.internal.platform.Platform log
情報: --> GET http://localhost:4040/api/v2/7m3rc3hg2ski4zx3h4byiqb9tsmnc2rl7plus9n25q87j7dg1kybpxs91dq63tjh56xkjzxkfzpofrj93jb967wbnixdhjcd8h1rfxcruukcg9fk7mbftvbjbs0iito0d51o6kw2ob4m2zp0vop06t9ee67wm61nmjamhnl90kmopjtu5661wijvb/tx/fee?numBlocks=0&recipient=&data=&amount=&hop=false
10月 13, 2022 6:51:32 午後 okhttp3.internal.platform.Platform log
情報: <-- 400 Bad Request http://localhost:4040/api/v2/7m3rc3hg2ski4zx3h4byiqb9tsmnc2rl7plus9n25q87j7dg1kybpxs91dq63tjh56xkjzxkfzpofrj93jb967wbnixdhjcd8h1rfxcruukcg9fk7mbftvbjbs0iito0d51o6kw2ob4m2zp0vop06t9ee67wm61nmjamhnl90kmopjtu5661wijvb/tx/fee?numBlocks=0&recipient=&data=&amount=&hop=false (2ms, unknown-length body)
10月 13, 2022 6:51:32 午後 okhttp3.internal.platform.Platform log
情報: --> GET http://localhost:4040/api/v2/enterprise/f7b5d38f8c2d5fd560ac961252d14c40/transfer?dateGte=&dateLt=&limit=0&prevId=&state=&type=
10月 13, 2022 6:51:32 午後 okhttp3.internal.platform.Platform log
情報: <-- 200 OK http://localhost:4040/api/v2/enterprise/f7b5d38f8c2d5fd560ac961252d14c40/transfer?dateGte=&dateLt=&limit=0&prevId=&state=&type= (3ms, unknown-length body)
10月 13, 2022 6:51:32 午後 okhttp3.internal.platform.Platform log
情報: --> GET http://localhost:4040/api/v2/enterprise/f27c06b6b2dd99590b948186b6b3f94b/transfer?dateGte=&dateLt=&limit=0&prevId=&state=&type=
10月 13, 2022 6:51:32 午後 okhttp3.internal.platform.Platform log
情報: <-- 400 Bad Request http://localhost:4040/api/v2/enterprise/f27c06b6b2dd99590b948186b6b3f94b/transfer?dateGte=&dateLt=&limit=0&prevId=&state=&type= (1ms, unknown-length body)
10月 13, 2022 6:51:32 午後 okhttp3.internal.platform.Platform log
情報: --> GET http://localhost:4040/api/v2/enterprise/d6de3d7578a8e389f08617b07be1b693/transfer?dateGte=&dateLt=&limit=0&prevId=&state=&type=
10月 13, 2022 6:51:32 午後 okhttp3.internal.platform.Platform log
情報: <-- 404 Not Found http://localhost:4040/api/v2/enterprise/d6de3d7578a8e389f08617b07be1b693/transfer?dateGte=&dateLt=&limit=0&prevId=&state=&type= (1ms, unknown-length body)
10月 13, 2022 6:51:32 午後 okhttp3.internal.platform.Platform log
情報: --> GET http://localhost:4040/api/v2/8uo2ymnx/wallet/b9069ac188c3aec9d53de96b9a091826/transfer?allTokens=false&dateGte=%2C&dateLt=&height=&limit=0&prevId=&state=&type=&valueGte=0&valueLt=0&id=&pendingApprovalId=&address=&includeHex=false&memoId=
10月 13, 2022 6:51:32 午後 okhttp3.internal.platform.Platform log
情報: <-- 400 Bad Request http://localhost:4040/api/v2/8uo2ymnx/wallet/b9069ac188c3aec9d53de96b9a091826/transfer?allTokens=false&dateGte=%2C&dateLt=&height=&limit=0&prevId=&state=&type=&valueGte=0&valueLt=0&id=&pendingApprovalId=&address=&includeHex=false&memoId= (1ms, unknown-length body)
10月 13, 2022 6:51:32 午後 okhttp3.internal.platform.Platform log
情報: --> GET http://localhost:4040/api/v2/p61g2rzq2epkgx8v8lav8oyd3ybwi8kmkiif89zu2q23fet42n6sbgq60mco7e2z6vnmihdcj3xsvb0e6opblp2o21u777kr58pip3g2t1vy8jqwru049q6eg70hmcbo7phmv88vckyx64ftnvho/wallet/432bc17b1d3a1bf73c1f966c628b4838/transfer?allTokens=false&dateGte=%2C&dateLt=&height=&limit=0&prevId=&state=&type=&valueGte=0&valueLt=0&id=&pendingApprovalId=&address=&includeHex=false&memoId=
10月 13, 2022 6:51:32 午後 okhttp3.internal.platform.Platform log
情報: <-- 404 Not Found http://localhost:4040/api/v2/p61g2rzq2epkgx8v8lav8oyd3ybwi8kmkiif89zu2q23fet42n6sbgq60mco7e2z6vnmihdcj3xsvb0e6opblp2o21u777kr58pip3g2t1vy8jqwru049q6eg70hmcbo7phmv88vckyx64ftnvho/wallet/432bc17b1d3a1bf73c1f966c628b4838/transfer?allTokens=false&dateGte=%2C&dateLt=&height=&limit=0&prevId=&state=&type=&valueGte=0&valueLt=0&id=&pendingApprovalId=&address=&includeHex=false&memoId= (1ms, unknown-length body)
10月 13, 2022 6:51:32 午後 okhttp3.internal.platform.Platform log
情報: --> GET http://localhost:4040/api/v2/240soghvwpn8sgh66vs66f1nxj18q5yvak380oatb3mlsog28erk2e7h7i1sz4hezjg0cwank4buymuaph2j8txmwrozzeaid4m3iur36da616yr0d97qfby09g7u1oqu8m9w93hpqgnbx6796v8mcyuj1ttukijgyo17984e/wallet/f87523eb7d6b01d08969e1b010a76a47/transfer?allTokens=false&dateGte=%2C&dateLt=&height=&limit=0&prevId=&state=&type=&valueGte=0&valueLt=0&id=&pendingApprovalId=&address=&includeHex=false&memoId=
10月 13, 2022 6:51:32 午後 okhttp3.internal.platform.Platform log
情報: <-- 200 OK http://localhost:4040/api/v2/240soghvwpn8sgh66vs66f1nxj18q5yvak380oatb3mlsog28erk2e7h7i1sz4hezjg0cwank4buymuaph2j8txmwrozzeaid4m3iur36da616yr0d97qfby09g7u1oqu8m9w93hpqgnbx6796v8mcyuj1ttukijgyo17984e/wallet/f87523eb7d6b01d08969e1b010a76a47/transfer?allTokens=false&dateGte=%2C&dateLt=&height=&limit=0&prevId=&state=&type=&valueGte=0&valueLt=0&id=&pendingApprovalId=&address=&includeHex=false&memoId= (1ms, unknown-length body)
10月 13, 2022 6:51:32 午後 okhttp3.internal.platform.Platform log
情報: --> GET http://localhost:4040/api/v2/dy608w/wallet/7f388468e1214c87516fb838967c4fd8/transfer/gsr1s75qw18wn8ufeumuatibrjm34w8twojkssw9h1jixur18coy83hx6jov2w2zz851rgop4zdajuei0krl8qlgfy3huqd20cxglin6sl6yu7xvg15dtlkvuwrcwad0skfua7kb3cqpw203ggj5bcooqpkkfyuy2021y60pt88b2ttw12tdiw4wohppp8tgigrv
10月 13, 2022 6:51:32 午後 okhttp3.internal.platform.Platform log
情報: <-- 200 OK http://localhost:4040/api/v2/dy608w/wallet/7f388468e1214c87516fb838967c4fd8/transfer/gsr1s75qw18wn8ufeumuatibrjm34w8twojkssw9h1jixur18coy83hx6jov2w2zz851rgop4zdajuei0krl8qlgfy3huqd20cxglin6sl6yu7xvg15dtlkvuwrcwad0skfua7kb3cqpw203ggj5bcooqpkkfyuy2021y60pt88b2ttw12tdiw4wohppp8tgigrv (1ms, unknown-length body)
10月 13, 2022 6:51:32 午後 okhttp3.internal.platform.Platform log
情報: --> GET http://localhost:4040/api/v2/q620cvrjzb5ayjeum7grcp/wallet/6a47d504fe11bd46e826a03ad0639190/transfer/6au9jofwgd7gdm04vr2mwpytdm6lr9xx
10月 13, 2022 6:51:32 午後 okhttp3.internal.platform.Platform log
情報: <-- 206 Partial Content http://localhost:4040/api/v2/q620cvrjzb5ayjeum7grcp/wallet/6a47d504fe11bd46e826a03ad0639190/transfer/6au9jofwgd7gdm04vr2mwpytdm6lr9xx (1ms, unknown-length body)
10月 13, 2022 6:51:32 午後 okhttp3.internal.platform.Platform log
情報: --> GET http://localhost:4040/api/v2/ze46q3zwt42wpmvlv2gaugy1dobo5iv3i24i291pyz9aou9b6jgmx106f7dgjbeb2yw44ifa2jwhb99mlnxhs2csuyqc7mc1xe3el1eaxpsbd9iloton8pqzm8yo1ol66761pkopjl9e7po9wngooltkomgk07hpqx1t7jakd650lxbdkap4ubrmf3d4dp4msg/wallet/afba0a0aa5ab3c2e96774890df454515/transfer/bt80bjdnp8lgb2kchzdle8myklactajph0jamox2yh5js6ok82xl1v2u9hr5k8aftz2hrxyxv6zuwyyinldcwnoh0sg9l4o6pt4lx239d
10月 13, 2022 6:51:32 午後 okhttp3.internal.platform.Platform log
情報: <-- 400 Bad Request http://localhost:4040/api/v2/ze46q3zwt42wpmvlv2gaugy1dobo5iv3i24i291pyz9aou9b6jgmx106f7dgjbeb2yw44ifa2jwhb99mlnxhs2csuyqc7mc1xe3el1eaxpsbd9iloton8pqzm8yo1ol66761pkopjl9e7po9wngooltkomgk07hpqx1t7jakd650lxbdkap4ubrmf3d4dp4msg/wallet/afba0a0aa5ab3c2e96774890df454515/transfer/bt80bjdnp8lgb2kchzdle8myklactajph0jamox2yh5js6ok82xl1v2u9hr5k8aftz2hrxyxv6zuwyyinldcwnoh0sg9l4o6pt4lx239d (1ms, unknown-length body)
10月 13, 2022 6:51:32 午後 okhttp3.internal.platform.Platform log
情報: --> GET http://localhost:4040/api/v2/2fea5skmtfm/transfer?enterpriseId=8a0731a2907627bf6bceaaa02b0e5544&height=7827506715119469412652256069063424248532022
10月 13, 2022 6:51:32 午後 okhttp3.internal.platform.Platform log
情報: <-- 200 OK http://localhost:4040/api/v2/2fea5skmtfm/transfer?enterpriseId=8a0731a2907627bf6bceaaa02b0e5544&height=7827506715119469412652256069063424248532022 (3ms, unknown-length body)
10月 13, 2022 6:51:32 午後 okhttp3.internal.platform.Platform log
情報: --> GET http://localhost:4040/api/v2/lpqwifq6w9sk6bh088/transfer?enterpriseId=b3bc2f58b15d2e3d32dd4fa3e0082191&height=-950493025011124184556649153680528665057955214951311288557541959129629617467818323376931630
10月 13, 2022 6:51:32 午後 okhttp3.internal.platform.Platform log
情報: <-- 400 Bad Request http://localhost:4040/api/v2/lpqwifq6w9sk6bh088/transfer?enterpriseId=b3bc2f58b15d2e3d32dd4fa3e0082191&height=-950493025011124184556649153680528665057955214951311288557541959129629617467818323376931630 (1ms, unknown-length body)
10月 13, 2022 6:51:32 午後 okhttp3.internal.platform.Platform log
情報: --> GET http://localhost:4040/api/v2/nxfeezgpb6ittuelch/transfer?enterpriseId=419c7cc66e2c912d6af7a41e41e1bbc6&height=-1207870207850221983437847555435862304603409779
10月 13, 2022 6:51:32 午後 okhttp3.internal.platform.Platform log
情報: <-- 404 Not Found http://localhost:4040/api/v2/nxfeezgpb6ittuelch/transfer?enterpriseId=419c7cc66e2c912d6af7a41e41e1bbc6&height=-1207870207850221983437847555435862304603409779 (1ms, unknown-length body)
10月 13, 2022 6:51:32 午後 okhttp3.internal.platform.Platform log
情報: --> POST http://localhost:4040/api/v2/21525xhewxx6rqgbbyte5yvhb4hhkw5afcoakcs8fvnd2x02x3gq9tr4uow8i33yo/wallet/767720e6ced0853c75f237586bd48705/transfer/w09ze2g0vezgxrufid366ob2ygdztafh2y6vf9629lmky3ujyk6gnq0lzjnofsqxkcw4an276e0n24h3t3ppx95m3ruldtr8ws/comment (2-byte body)
10月 13, 2022 6:51:32 午後 okhttp3.internal.platform.Platform log
情報: <-- 200 OK http://localhost:4040/api/v2/21525xhewxx6rqgbbyte5yvhb4hhkw5afcoakcs8fvnd2x02x3gq9tr4uow8i33yo/wallet/767720e6ced0853c75f237586bd48705/transfer/w09ze2g0vezgxrufid366ob2ygdztafh2y6vf9629lmky3ujyk6gnq0lzjnofsqxkcw4an276e0n24h3t3ppx95m3ruldtr8ws/comment (1ms, unknown-length body)
10月 13, 2022 6:51:32 午後 okhttp3.internal.platform.Platform log
情報: --> POST http://localhost:4040/api/v2/uej6ucgkna6sdhxlecwgty9vo7ki82tg25cldu5mdehvn6d9356wjgx6xhr20s6dkds3oexwawpda1j9rl1kzvxfaotr3eztze3fvgr/wallet/09c9e5be93ad3757629804d5a89aa307/transfer/p7hbrv9hkmyf9yo8wze8qjnv2x0u3g3woqf6o1095326luqsfndaoeuc8s78whsumhw59ro5zcyt3vf1o95ymg9bj1t1trxvqkkyd/comment (2-byte body)
10月 13, 2022 6:51:32 午後 okhttp3.internal.platform.Platform log
情報: <-- 400 Bad Request http://localhost:4040/api/v2/uej6ucgkna6sdhxlecwgty9vo7ki82tg25cldu5mdehvn6d9356wjgx6xhr20s6dkds3oexwawpda1j9rl1kzvxfaotr3eztze3fvgr/wallet/09c9e5be93ad3757629804d5a89aa307/transfer/p7hbrv9hkmyf9yo8wze8qjnv2x0u3g3woqf6o1095326luqsfndaoeuc8s78whsumhw59ro5zcyt3vf1o95ymg9bj1t1trxvqkkyd/comment (1ms, unknown-length body)
10月 13, 2022 6:51:32 午後 okhttp3.internal.platform.Platform log
情報: --> POST http://localhost:4040/api/v2/8lgzkr/wallet/5fa4e40de0a7c809a6a5f95a0cf99f3f/transfer/jpju1/comment (2-byte body)
10月 13, 2022 6:51:32 午後 okhttp3.internal.platform.Platform log
情報: <-- 401 Unauthorized http://localhost:4040/api/v2/8lgzkr/wallet/5fa4e40de0a7c809a6a5f95a0cf99f3f/transfer/jpju1/comment (1ms, unknown-length body)
10月 13, 2022 6:51:32 午後 okhttp3.internal.platform.Platform log
情報: --> GET http://localhost:4040/api/v2/fm3xxfby4yrmq74r7q93hnh5lwr4imzhp8ad31kpg9mkwssijw1a5xa0t3g6ly5hwzj9rfh3h5j69151ionarw0xlg9l22ucflgzzxqwbha3zsqg7/wallet/b9c1eb1ac52d5862a6ef7da1428208cb/transfer/sequenceId/h55n
10月 13, 2022 6:51:32 午後 okhttp3.internal.platform.Platform log
情報: <-- 200 OK http://localhost:4040/api/v2/fm3xxfby4yrmq74r7q93hnh5lwr4imzhp8ad31kpg9mkwssijw1a5xa0t3g6ly5hwzj9rfh3h5j69151ionarw0xlg9l22ucflgzzxqwbha3zsqg7/wallet/b9c1eb1ac52d5862a6ef7da1428208cb/transfer/sequenceId/h55n (2ms, unknown-length body)
10月 13, 2022 6:51:32 午後 okhttp3.internal.platform.Platform log
情報: --> GET http://localhost:4040/api/v2/3b3ppa/wallet/b78be17d59626765a9036ce3b06e1546/transfer/sequenceId/mf13
10月 13, 2022 6:51:32 午後 okhttp3.internal.platform.Platform log
情報: <-- 206 Partial Content http://localhost:4040/api/v2/3b3ppa/wallet/b78be17d59626765a9036ce3b06e1546/transfer/sequenceId/mf13 (1ms, unknown-length body)
10月 13, 2022 6:51:32 午後 okhttp3.internal.platform.Platform log
情報: --> GET http://localhost:4040/api/v2/qc08ezrbn9bwp0p0dw8dbt2o6b1ujjysk6tpv1or4jmn1zsjddruskavwg2ufxjxdcfyh93mxvuyl9tyeyhxw3pzpsnmqoazrvisvsvt7gt3jm595wym9urx1ypd0t5ck2ee61hy2qqxbr/wallet/55620056259c54f3d52255fdee22862a/transfer/sequenceId/1338
10月 13, 2022 6:51:32 午後 okhttp3.internal.platform.Platform log
情報: <-- 400 Bad Request http://localhost:4040/api/v2/qc08ezrbn9bwp0p0dw8dbt2o6b1ujjysk6tpv1or4jmn1zsjddruskavwg2ufxjxdcfyh93mxvuyl9tyeyhxw3pzpsnmqoazrvisvsvt7gt3jm595wym9urx1ypd0t5ck2ee61hy2qqxbr/wallet/55620056259c54f3d52255fdee22862a/transfer/sequenceId/1338 (1ms, unknown-length body)
]]></system-err>
</testsuite>
