<?xml version="1.0" encoding="UTF-8"?>
<testsuite name="bitgo4j.enterprise.common.ContactTest" tests="9" skipped="0" failures="0" errors="0" timestamp="2022-10-13T09:51:32" hostname="ishtos-MacBook-Pro.local" time="0.002">
  <properties/>
  <testcase name="testSetCountry()" classname="bitgo4j.enterprise.common.ContactTest" time="0.0"/>
  <testcase name="testToString()" classname="bitgo4j.enterprise.common.ContactTest" time="0.0"/>
  <testcase name="testSetPostalCode()" classname="bitgo4j.enterprise.common.ContactTest" time="0.001"/>
  <testcase name="testSetStreet2()" classname="bitgo4j.enterprise.common.ContactTest" time="0.0"/>
  <testcase name="testSetStreet()" classname="bitgo4j.enterprise.common.ContactTest" time="0.0"/>
  <testcase name="testSetCity()" classname="bitgo4j.enterprise.common.ContactTest" time="0.0"/>
  <testcase name="testSetName()" classname="bitgo4j.enterprise.common.ContactTest" time="0.0"/>
  <testcase name="testSetState()" classname="bitgo4j.enterprise.common.ContactTest" time="0.0"/>
  <testcase name="testSetSuite()" classname="bitgo4j.enterprise.common.ContactTest" time="0.0"/>
  <system-out><![CDATA[]]></system-out>
  <system-err><![CDATA[]]></system-err>
</testsuite>
