<?xml version="1.0" encoding="UTF-8"?>
<testsuite name="bitgo4j.ping.response.PingResponseTest" tests="5" skipped="0" failures="0" errors="0" timestamp="2022-10-13T09:51:31" hostname="ishtos-MacBook-Pro.local" time="0.002">
  <properties/>
  <testcase name="testToString()" classname="bitgo4j.ping.response.PingResponseTest" time="0.001"/>
  <testcase name="testSetConfigVersion()" classname="bitgo4j.ping.response.PingResponseTest" time="0.0"/>
  <testcase name="testSetEnvironment()" classname="bitgo4j.ping.response.PingResponseTest" time="0.0"/>
  <testcase name="testSetStatus()" classname="bitgo4j.ping.response.PingResponseTest" time="0.0"/>
  <testcase name="testSetConfigEnv()" classname="bitgo4j.ping.response.PingResponseTest" time="0.0"/>
  <system-out><![CDATA[]]></system-out>
  <system-err><![CDATA[]]></system-err>
</testsuite>
