<?xml version="1.0" encoding="UTF-8"?>
<testsuite name="bitgo4j.express.common.OperationTest" tests="5" skipped="0" failures="0" errors="0" timestamp="2022-10-13T09:51:32" hostname="ishtos-MacBook-Pro.local" time="0.005">
  <properties/>
  <testcase name="testToString()" classname="bitgo4j.express.common.OperationTest" time="0.004"/>
  <testcase name="testSetDestination()" classname="bitgo4j.express.common.OperationTest" time="0.0"/>
  <testcase name="testSetAmount()" classname="bitgo4j.express.common.OperationTest" time="0.001"/>
  <testcase name="testSetType()" classname="bitgo4j.express.common.OperationTest" time="0.0"/>
  <testcase name="testSetAsset()" classname="bitgo4j.express.common.OperationTest" time="0.0"/>
  <system-out><![CDATA[]]></system-out>
  <system-err><![CDATA[]]></system-err>
</testsuite>
