<?xml version="1.0" encoding="UTF-8"?>
<testsuite name="bitgo4j.federation.response.FederationResponseTest" tests="5" skipped="0" failures="0" errors="0" timestamp="2022-10-13T09:51:33" hostname="ishtos-MacBook-Pro.local" time="0.0">
  <properties/>
  <testcase name="testToString()" classname="bitgo4j.federation.response.FederationResponseTest" time="0.0"/>
  <testcase name="testSetMemo_type()" classname="bitgo4j.federation.response.FederationResponseTest" time="0.0"/>
  <testcase name="testSetAccount_id()" classname="bitgo4j.federation.response.FederationResponseTest" time="0.0"/>
  <testcase name="testSetMemo()" classname="bitgo4j.federation.response.FederationResponseTest" time="0.0"/>
  <testcase name="testSetStellar_address()" classname="bitgo4j.federation.response.FederationResponseTest" time="0.0"/>
  <system-out><![CDATA[]]></system-out>
  <system-err><![CDATA[]]></system-err>
</testsuite>
