<?xml version="1.0" encoding="UTF-8"?>
<testsuite name="bitgo4j.policy.common.ConditionTest" tests="10" skipped="0" failures="0" errors="0" timestamp="2022-10-13T09:51:34" hostname="ishtos-MacBook-Pro.local" time="0.001">
  <properties/>
  <testcase name="testSetAmountString()" classname="bitgo4j.policy.common.ConditionTest" time="0.0"/>
  <testcase name="testToString()" classname="bitgo4j.policy.common.ConditionTest" time="0.0"/>
  <testcase name="testSetTimeWindow()" classname="bitgo4j.policy.common.ConditionTest" time="0.0"/>
  <testcase name="testSetStartDateReset()" classname="bitgo4j.policy.common.ConditionTest" time="0.001"/>
  <testcase name="testSetMetaData()" classname="bitgo4j.policy.common.ConditionTest" time="0.0"/>
  <testcase name="testSetGroupTags()" classname="bitgo4j.policy.common.ConditionTest" time="0.0"/>
  <testcase name="testSetRemove()" classname="bitgo4j.policy.common.ConditionTest" time="0.0"/>
  <testcase name="testSetAdd()" classname="bitgo4j.policy.common.ConditionTest" time="0.0"/>
  <testcase name="testSetUrl()" classname="bitgo4j.policy.common.ConditionTest" time="0.0"/>
  <testcase name="testSetExcludeTags()" classname="bitgo4j.policy.common.ConditionTest" time="0.0"/>
  <system-out><![CDATA[]]></system-out>
  <system-err><![CDATA[]]></system-err>
</testsuite>
